#
# A fatal error has been detected by the Java Runtime Environment:
#
#  EXCEPTION_ACCESS_VIOLATION (0xc0000005) at pc=0x00007ffdd19bb571, pid=2276, tid=11392
#
# JRE version: Java(TM) SE Runtime Environment 18.9 (11.0.17+10) (build 11.0.17+10-LTS-269)
# Java VM: Java HotSpot(TM) 64-Bit Server VM 18.9 (11.0.17+10-LTS-269, mixed mode, tiered, compressed oops, g1 gc, windows-amd64)
# Problematic frame:
# C  [jniLLVM.dll+0xe9b571]
#
# No core dump will be written. Minidumps are not enabled by default on client versions of Windows
#
# If you would like to submit a bug report, please visit:
#   https://bugreport.java.com/bugreport/crash.jsp
# The crash happened outside the Java Virtual Machine in native code.
# See problematic frame for where to report the bug.
#

---------------  S U M M A R Y ------------

Command Line: -javaagent:C:\Program Files\JetBrains\IntelliJ IDEA Community Edition 2021.2.2\lib\idea_rt.jar=62552:C:\Program Files\JetBrains\IntelliJ IDEA Community Edition 2021.2.2\bin -Dfile.encoding=UTF-8 Main C:\Users\86138\Desktop\20.04\lab6\src\test\test1.txt C:\Users\86138\Desktop\20.04\lab6\src\test\result.txt

Host: AMD Ryzen 5 4600H with Radeon Graphics         , 12 cores, 15G,  Windows 10 , 64 bit Build 19041 (10.0.19041.2364)
Time: Wed Jan 11 10:50:10 2023  Windows 10 , 64 bit Build 19041 (10.0.19041.2364) elapsed time: 0.550975 seconds (0d 0h 0m 0s)

---------------  T H R E A D  ---------------

Current thread (0x0000027c3e00e000):  JavaThread "main" [_thread_in_native, id=11392, stack(0x000000a16ac00000,0x000000a16ad00000)]

Stack: [0x000000a16ac00000,0x000000a16ad00000],  sp=0x000000a16acfeb70,  free space=1018k
Native frames: (J=compiled Java code, j=interpreted, Vv=VM code, C=native code)
C  [jniLLVM.dll+0xe9b571]

Java frames: (J=compiled Java code, j=interpreted, Vv=VM code)
j  org.bytedeco.llvm.global.LLVM.LLVMConstArray(Lorg/bytedeco/llvm/LLVM/LLVMTypeRef;Lorg/bytedeco/javacpp/PointerPointer;I)Lorg/bytedeco/llvm/LLVM/LLVMValueRef;+0
j  LLVMvisitor.visitVarDecl(LSysYParser$VarDeclContext;)Lorg/bytedeco/llvm/LLVM/LLVMValueRef;+229
j  LLVMvisitor.visitVarDecl(LSysYParser$VarDeclContext;)Ljava/lang/Object;+2
j  SysYParser$VarDeclContext.accept(Lorg/antlr/v4/runtime/tree/ParseTreeVisitor;)Ljava/lang/Object;+12
j  org.antlr.v4.runtime.tree.AbstractParseTreeVisitor.visitChildren(Lorg/antlr/v4/runtime/tree/RuleNode;)Ljava/lang/Object;+46
j  SysYParserBaseVisitor.visitDecl(LSysYParser$DeclContext;)Ljava/lang/Object;+2
j  SysYParser$DeclContext.accept(Lorg/antlr/v4/runtime/tree/ParseTreeVisitor;)Ljava/lang/Object;+12
j  org.antlr.v4.runtime.tree.AbstractParseTreeVisitor.visitChildren(Lorg/antlr/v4/runtime/tree/RuleNode;)Ljava/lang/Object;+46
j  SysYParserBaseVisitor.visitCompUnit(LSysYParser$CompUnitContext;)Ljava/lang/Object;+2
j  SysYParser$CompUnitContext.accept(Lorg/antlr/v4/runtime/tree/ParseTreeVisitor;)Ljava/lang/Object;+12
j  org.antlr.v4.runtime.tree.AbstractParseTreeVisitor.visitChildren(Lorg/antlr/v4/runtime/tree/RuleNode;)Ljava/lang/Object;+46
j  SysYParserBaseVisitor.visitProgram(LSysYParser$ProgramContext;)Ljava/lang/Object;+2
j  LLVMvisitor.visitProgram(LSysYParser$ProgramContext;)Lorg/bytedeco/llvm/LLVM/LLVMValueRef;+22
j  LLVMvisitor.visitProgram(LSysYParser$ProgramContext;)Ljava/lang/Object;+2
j  SysYParser$ProgramContext.accept(Lorg/antlr/v4/runtime/tree/ParseTreeVisitor;)Ljava/lang/Object;+12
j  org.antlr.v4.runtime.tree.AbstractParseTreeVisitor.visit(Lorg/antlr/v4/runtime/tree/ParseTree;)Ljava/lang/Object;+2
j  Main.main([Ljava/lang/String;)V+90
v  ~StubRoutines::call_stub

siginfo: EXCEPTION_ACCESS_VIOLATION (0xc0000005), reading address 0x0000000000000000


Register to memory mapping:

RIP=0x00007ffdd19bb571 jniLLVM.dll
RAX=0x0000027c62522878 points into unknown readable memory: 0x0000027c61bbd7e0 | e0 d7 bb 61 7c 02 00 00
RBX=0x0 is NULL
RCX=0x0000027c62522878 points into unknown readable memory: 0x0000027c61bbd7e0 | e0 d7 bb 61 7c 02 00 00
RDX=0x000000a16acfebd0 is pointing into the stack for thread: 0x0000027c3e00e000
RSP=0x000000a16acfeb70 is pointing into the stack for thread: 0x0000027c3e00e000
RBP=0x0000000000000002 is an unknown value
RSI=0x0000027c62522878 points into unknown readable memory: 0x0000027c61bbd7e0 | e0 d7 bb 61 7c 02 00 00
RDI=0x0000027c62522878 points into unknown readable memory: 0x0000027c61bbd7e0 | e0 d7 bb 61 7c 02 00 00
R8 =0x0000000000000003 is an unknown value
R9 =0x0000027c62522878 points into unknown readable memory: 0x0000027c61bbd7e0 | e0 d7 bb 61 7c 02 00 00
R10=0x0000000000000001 is an unknown value
R11=0x000000a16acfebf0 is pointing into the stack for thread: 0x0000027c3e00e000
R12=0x0 is NULL
R13=0x0000027c63103398 is pointing into metadata
R14=0x000000a16acfebd0 is pointing into the stack for thread: 0x0000027c3e00e000
R15=0x0000027c3e00e000 is a thread


Registers:
RAX=0x0000027c62522878, RBX=0x0000000000000000, RCX=0x0000027c62522878, RDX=0x000000a16acfebd0
RSP=0x000000a16acfeb70, RBP=0x0000000000000002, RSI=0x0000027c62522878, RDI=0x0000027c62522878
R8 =0x0000000000000003, R9 =0x0000027c62522878, R10=0x0000000000000001, R11=0x000000a16acfebf0
R12=0x0000000000000000, R13=0x0000027c63103398, R14=0x000000a16acfebd0, R15=0x0000027c3e00e000
RIP=0x00007ffdd19bb571, EFLAGS=0x0000000000010202

Top of Stack: (sp=0x000000a16acfeb70)
0x000000a16acfeb70:   0000000000000000 0000000000000000
0x000000a16acfeb80:   0000000000000000 00007ffdd1a7c473
0x000000a16acfeb90:   0000000300000000 00007ffdec03476a
0x000000a16acfeba0:   0000000000000000 00007ffdd19b6d32
0x000000a16acfebb0:   0000027c3e00e348 0000027c62522878
0x000000a16acfebc0:   000000a16acfed18 000000a16acfec40
0x000000a16acfebd0:   0000000000000000 0000000000000002
0x000000a16acfebe0:   0000027c61c22020 0000027c62774e60
0x000000a16acfebf0:   0000027c61c22020 0000000000000002
0x000000a16acfec00:   0000000000000000 000000a16acfed40
0x000000a16acfec10:   000000a16acfed40 00007ffdd19cbfe6
0x000000a16acfec20:   0000027c62774e60 0000027c3e00e348
0x000000a16acfec30:   0000027c61c22020 0000027c4572b315
0x000000a16acfec40:   0000000000000000 0000000000000002
0x000000a16acfec50:   0000027c456e9e80 00007ffdd0be623a
0x000000a16acfec60:   0000027c456e9e00 0000027c631033a0 

Instructions: (pc=0x00007ffdd19bb571)
0x00007ffdd19bb551:   6c 24 50 48 8b 74 24 58 48 83 c4 30 41 5e e9 1c
0x00007ffdd19bb561:   b6 ff ff 48 89 5c 24 40 48 8b 1a 48 89 7c 24 48
0x00007ffdd19bb571:   48 8b 3b 0f b6 47 10 3c 0b 75 27 48 8d 0c eb 48
0x00007ffdd19bb581:   8b c3 48 3b d9 74 0e 48 39 38 75 1a 48 83 c0 08 


Stack slot to memory mapping:
stack at sp + 0 slots: 0x0 is NULL
stack at sp + 1 slots: 0x0 is NULL
stack at sp + 2 slots: 0x0 is NULL
stack at sp + 3 slots: 0x00007ffdd1a7c473 jniLLVM.dll
stack at sp + 4 slots: 0x0000000300000000 is an unknown value
stack at sp + 5 slots: 0x00007ffdec03476a jvm.dll
stack at sp + 6 slots: 0x0 is NULL
stack at sp + 7 slots: 0x00007ffdd19b6d32 jniLLVM.dll


---------------  P R O C E S S  ---------------

Threads class SMR info:
_java_thread_list=0x0000027c61addbf0, length=14, elements={
0x0000027c3e00e000, 0x0000027c60be2800, 0x0000027c60be4000, 0x0000027c614e9800,
0x0000027c614eb800, 0x0000027c614ee800, 0x0000027c614f2000, 0x0000027c614f6000,
0x0000027c614fd800, 0x0000027c61665000, 0x0000027c61670000, 0x0000027c619ba800,
0x0000027c61bbc800, 0x0000027c619c4800
}

Java Threads: ( => current thread )
=>0x0000027c3e00e000 JavaThread "main" [_thread_in_native, id=11392, stack(0x000000a16ac00000,0x000000a16ad00000)]
  0x0000027c60be2800 JavaThread "Reference Handler" daemon [_thread_blocked, id=2456, stack(0x000000a16b300000,0x000000a16b400000)]
  0x0000027c60be4000 JavaThread "Finalizer" daemon [_thread_blocked, id=4220, stack(0x000000a16b400000,0x000000a16b500000)]
  0x0000027c614e9800 JavaThread "Signal Dispatcher" daemon [_thread_blocked, id=17160, stack(0x000000a16b500000,0x000000a16b600000)]
  0x0000027c614eb800 JavaThread "Attach Listener" daemon [_thread_blocked, id=3308, stack(0x000000a16b600000,0x000000a16b700000)]
  0x0000027c614ee800 JavaThread "Service Thread" daemon [_thread_blocked, id=2712, stack(0x000000a16b700000,0x000000a16b800000)]
  0x0000027c614f2000 JavaThread "C2 CompilerThread0" daemon [_thread_blocked, id=16148, stack(0x000000a16b800000,0x000000a16b900000)]
  0x0000027c614f6000 JavaThread "C1 CompilerThread0" daemon [_thread_blocked, id=5208, stack(0x000000a16b900000,0x000000a16ba00000)]
  0x0000027c614fd800 JavaThread "Sweeper thread" daemon [_thread_blocked, id=484, stack(0x000000a16ba00000,0x000000a16bb00000)]
  0x0000027c61665000 JavaThread "Common-Cleaner" daemon [_thread_blocked, id=12816, stack(0x000000a16bb00000,0x000000a16bc00000)]
  0x0000027c61670000 JavaThread "C2 CompilerThread1" daemon [_thread_blocked, id=8644, stack(0x000000a16bc00000,0x000000a16bd00000)]
  0x0000027c619ba800 JavaThread "Monitor Ctrl-Break" daemon [_thread_in_native, id=12732, stack(0x000000a16bd00000,0x000000a16be00000)]
  0x0000027c61bbc800 JavaThread "JavaCPP Deallocator" daemon [_thread_blocked, id=11968, stack(0x000000a16bf00000,0x000000a16c000000)]
  0x0000027c619c4800 JavaThread "C2 CompilerThread2" daemon [_thread_blocked, id=2552, stack(0x000000a16c000000,0x000000a16c100000)]

Other Threads:
  0x0000027c60bce800 VMThread "VM Thread" [stack: 0x000000a16b200000,0x000000a16b300000] [id=11636]
  0x0000027c619bc800 WatcherThread [stack: 0x000000a16be00000,0x000000a16bf00000] [id=3756]
  0x0000027c3e023800 GCTaskThread "GC Thread#0" [stack: 0x000000a16ad00000,0x000000a16ae00000] [id=15300]
  0x0000027c61fb2800 GCTaskThread "GC Thread#1" [stack: 0x000000a16c100000,0x000000a16c200000] [id=12840]
  0x0000027c620e1800 GCTaskThread "GC Thread#2" [stack: 0x000000a16c200000,0x000000a16c300000] [id=8368]
  0x0000027c61fd5000 GCTaskThread "GC Thread#3" [stack: 0x000000a16c300000,0x000000a16c400000] [id=10084]
  0x0000027c61a61800 GCTaskThread "GC Thread#4" [stack: 0x000000a16c400000,0x000000a16c500000] [id=17292]
  0x0000027c3e07f000 ConcurrentGCThread "G1 Main Marker" [stack: 0x000000a16ae00000,0x000000a16af00000] [id=1468]
  0x0000027c3e080000 ConcurrentGCThread "G1 Conc#0" [stack: 0x000000a16af00000,0x000000a16b000000] [id=17836]
  0x0000027c60ab7000 ConcurrentGCThread "G1 Refine#0" [stack: 0x000000a16b000000,0x000000a16b100000] [id=7604]
  0x0000027c60ab8000 ConcurrentGCThread "G1 Young RemSet Sampling" [stack: 0x000000a16b100000,0x000000a16b200000] [id=10932]

Threads with active compile tasks:

VM state:not at safepoint (normal execution)

VM Mutex/Monitor currently owned by a thread: None

Heap address: 0x000000070a200000, size: 3934 MB, Compressed Oops mode: Zero based, Oop shift amount: 3
Narrow klass base: 0x0000000800000000, Narrow klass shift: 0
Compressed class space size: 1073741824 Address: 0x0000000800000000

Heap:
 garbage-first heap   total 251904K, used 46843K [0x000000070a200000, 0x0000000800000000)
  region size 1024K, 44 young (45056K), 3 survivors (3072K)
 Metaspace       used 10028K, capacity 10113K, committed 10240K, reserved 1058816K
  class space    used 967K, capacity 1009K, committed 1024K, reserved 1048576K
Heap Regions: E=young(eden), S=young(survivor), O=old, HS=humongous(starts), HC=humongous(continues), CS=collection set, F=free, A=archive, TAMS=top-at-mark-start (previous, next)
|   0|0x000000070a200000, 0x000000070a300000, 0x000000070a300000|100%| O|  |TAMS 0x000000070a200000, 0x000000070a200000| Untracked 
|   1|0x000000070a300000, 0x000000070a400000, 0x000000070a400000|100%| O|  |TAMS 0x000000070a300000, 0x000000070a300000| Untracked 
|   2|0x000000070a400000, 0x000000070a4bec00, 0x000000070a500000| 74%| O|  |TAMS 0x000000070a400000, 0x000000070a400000| Untracked 
|   3|0x000000070a500000, 0x000000070a500000, 0x000000070a600000|  0%| F|  |TAMS 0x000000070a500000, 0x000000070a500000| Untracked 
|   4|0x000000070a600000, 0x000000070a600000, 0x000000070a700000|  0%| F|  |TAMS 0x000000070a600000, 0x000000070a600000| Untracked 
|   5|0x000000070a700000, 0x000000070a700000, 0x000000070a800000|  0%| F|  |TAMS 0x000000070a700000, 0x000000070a700000| Untracked 
|   6|0x000000070a800000, 0x000000070a800000, 0x000000070a900000|  0%| F|  |TAMS 0x000000070a800000, 0x000000070a800000| Untracked 
|   7|0x000000070a900000, 0x000000070a900000, 0x000000070aa00000|  0%| F|  |TAMS 0x000000070a900000, 0x000000070a900000| Untracked 
|   8|0x000000070aa00000, 0x000000070aa00000, 0x000000070ab00000|  0%| F|  |TAMS 0x000000070aa00000, 0x000000070aa00000| Untracked 
|   9|0x000000070ab00000, 0x000000070ab00000, 0x000000070ac00000|  0%| F|  |TAMS 0x000000070ab00000, 0x000000070ab00000| Untracked 
|  10|0x000000070ac00000, 0x000000070ac00000, 0x000000070ad00000|  0%| F|  |TAMS 0x000000070ac00000, 0x000000070ac00000| Untracked 
|  11|0x000000070ad00000, 0x000000070ad00000, 0x000000070ae00000|  0%| F|  |TAMS 0x000000070ad00000, 0x000000070ad00000| Untracked 
|  12|0x000000070ae00000, 0x000000070ae00000, 0x000000070af00000|  0%| F|  |TAMS 0x000000070ae00000, 0x000000070ae00000| Untracked 
|  13|0x000000070af00000, 0x000000070af00000, 0x000000070b000000|  0%| F|  |TAMS 0x000000070af00000, 0x000000070af00000| Untracked 
|  14|0x000000070b000000, 0x000000070b000000, 0x000000070b100000|  0%| F|  |TAMS 0x000000070b000000, 0x000000070b000000| Untracked 
|  15|0x000000070b100000, 0x000000070b100000, 0x000000070b200000|  0%| F|  |TAMS 0x000000070b100000, 0x000000070b100000| Untracked 
|  16|0x000000070b200000, 0x000000070b200000, 0x000000070b300000|  0%| F|  |TAMS 0x000000070b200000, 0x000000070b200000| Untracked 
|  17|0x000000070b300000, 0x000000070b300000, 0x000000070b400000|  0%| F|  |TAMS 0x000000070b300000, 0x000000070b300000| Untracked 
|  18|0x000000070b400000, 0x000000070b400000, 0x000000070b500000|  0%| F|  |TAMS 0x000000070b400000, 0x000000070b400000| Untracked 
|  19|0x000000070b500000, 0x000000070b500000, 0x000000070b600000|  0%| F|  |TAMS 0x000000070b500000, 0x000000070b500000| Untracked 
|  20|0x000000070b600000, 0x000000070b600000, 0x000000070b700000|  0%| F|  |TAMS 0x000000070b600000, 0x000000070b600000| Untracked 
|  21|0x000000070b700000, 0x000000070b700000, 0x000000070b800000|  0%| F|  |TAMS 0x000000070b700000, 0x000000070b700000| Untracked 
|  22|0x000000070b800000, 0x000000070b800000, 0x000000070b900000|  0%| F|  |TAMS 0x000000070b800000, 0x000000070b800000| Untracked 
|  23|0x000000070b900000, 0x000000070b900000, 0x000000070ba00000|  0%| F|  |TAMS 0x000000070b900000, 0x000000070b900000| Untracked 
|  24|0x000000070ba00000, 0x000000070ba00000, 0x000000070bb00000|  0%| F|  |TAMS 0x000000070ba00000, 0x000000070ba00000| Untracked 
|  25|0x000000070bb00000, 0x000000070bb00000, 0x000000070bc00000|  0%| F|  |TAMS 0x000000070bb00000, 0x000000070bb00000| Untracked 
|  26|0x000000070bc00000, 0x000000070bc00000, 0x000000070bd00000|  0%| F|  |TAMS 0x000000070bc00000, 0x000000070bc00000| Untracked 
|  27|0x000000070bd00000, 0x000000070bd00000, 0x000000070be00000|  0%| F|  |TAMS 0x000000070bd00000, 0x000000070bd00000| Untracked 
|  28|0x000000070be00000, 0x000000070be00000, 0x000000070bf00000|  0%| F|  |TAMS 0x000000070be00000, 0x000000070be00000| Untracked 
|  29|0x000000070bf00000, 0x000000070bf00000, 0x000000070c000000|  0%| F|  |TAMS 0x000000070bf00000, 0x000000070bf00000| Untracked 
|  30|0x000000070c000000, 0x000000070c000000, 0x000000070c100000|  0%| F|  |TAMS 0x000000070c000000, 0x000000070c000000| Untracked 
|  31|0x000000070c100000, 0x000000070c100000, 0x000000070c200000|  0%| F|  |TAMS 0x000000070c100000, 0x000000070c100000| Untracked 
|  32|0x000000070c200000, 0x000000070c200000, 0x000000070c300000|  0%| F|  |TAMS 0x000000070c200000, 0x000000070c200000| Untracked 
|  33|0x000000070c300000, 0x000000070c300000, 0x000000070c400000|  0%| F|  |TAMS 0x000000070c300000, 0x000000070c300000| Untracked 
|  34|0x000000070c400000, 0x000000070c400000, 0x000000070c500000|  0%| F|  |TAMS 0x000000070c400000, 0x000000070c400000| Untracked 
|  35|0x000000070c500000, 0x000000070c500000, 0x000000070c600000|  0%| F|  |TAMS 0x000000070c500000, 0x000000070c500000| Untracked 
|  36|0x000000070c600000, 0x000000070c600000, 0x000000070c700000|  0%| F|  |TAMS 0x000000070c600000, 0x000000070c600000| Untracked 
|  37|0x000000070c700000, 0x000000070c700000, 0x000000070c800000|  0%| F|  |TAMS 0x000000070c700000, 0x000000070c700000| Untracked 
|  38|0x000000070c800000, 0x000000070c800000, 0x000000070c900000|  0%| F|  |TAMS 0x000000070c800000, 0x000000070c800000| Untracked 
|  39|0x000000070c900000, 0x000000070c900000, 0x000000070ca00000|  0%| F|  |TAMS 0x000000070c900000, 0x000000070c900000| Untracked 
|  40|0x000000070ca00000, 0x000000070ca00000, 0x000000070cb00000|  0%| F|  |TAMS 0x000000070ca00000, 0x000000070ca00000| Untracked 
|  41|0x000000070cb00000, 0x000000070cb00000, 0x000000070cc00000|  0%| F|  |TAMS 0x000000070cb00000, 0x000000070cb00000| Untracked 
|  42|0x000000070cc00000, 0x000000070cc00000, 0x000000070cd00000|  0%| F|  |TAMS 0x000000070cc00000, 0x000000070cc00000| Untracked 
|  43|0x000000070cd00000, 0x000000070cd00000, 0x000000070ce00000|  0%| F|  |TAMS 0x000000070cd00000, 0x000000070cd00000| Untracked 
|  44|0x000000070ce00000, 0x000000070ce00000, 0x000000070cf00000|  0%| F|  |TAMS 0x000000070ce00000, 0x000000070ce00000| Untracked 
|  45|0x000000070cf00000, 0x000000070cf00000, 0x000000070d000000|  0%| F|  |TAMS 0x000000070cf00000, 0x000000070cf00000| Untracked 
|  46|0x000000070d000000, 0x000000070d000000, 0x000000070d100000|  0%| F|  |TAMS 0x000000070d000000, 0x000000070d000000| Untracked 
|  47|0x000000070d100000, 0x000000070d100000, 0x000000070d200000|  0%| F|  |TAMS 0x000000070d100000, 0x000000070d100000| Untracked 
|  48|0x000000070d200000, 0x000000070d200000, 0x000000070d300000|  0%| F|  |TAMS 0x000000070d200000, 0x000000070d200000| Untracked 
|  49|0x000000070d300000, 0x000000070d300000, 0x000000070d400000|  0%| F|  |TAMS 0x000000070d300000, 0x000000070d300000| Untracked 
|  50|0x000000070d400000, 0x000000070d400000, 0x000000070d500000|  0%| F|  |TAMS 0x000000070d400000, 0x000000070d400000| Untracked 
|  51|0x000000070d500000, 0x000000070d500000, 0x000000070d600000|  0%| F|  |TAMS 0x000000070d500000, 0x000000070d500000| Untracked 
|  52|0x000000070d600000, 0x000000070d600000, 0x000000070d700000|  0%| F|  |TAMS 0x000000070d600000, 0x000000070d600000| Untracked 
|  53|0x000000070d700000, 0x000000070d700000, 0x000000070d800000|  0%| F|  |TAMS 0x000000070d700000, 0x000000070d700000| Untracked 
|  54|0x000000070d800000, 0x000000070d800000, 0x000000070d900000|  0%| F|  |TAMS 0x000000070d800000, 0x000000070d800000| Untracked 
|  55|0x000000070d900000, 0x000000070d900000, 0x000000070da00000|  0%| F|  |TAMS 0x000000070d900000, 0x000000070d900000| Untracked 
|  56|0x000000070da00000, 0x000000070da00000, 0x000000070db00000|  0%| F|  |TAMS 0x000000070da00000, 0x000000070da00000| Untracked 
|  57|0x000000070db00000, 0x000000070db00000, 0x000000070dc00000|  0%| F|  |TAMS 0x000000070db00000, 0x000000070db00000| Untracked 
|  58|0x000000070dc00000, 0x000000070dc00000, 0x000000070dd00000|  0%| F|  |TAMS 0x000000070dc00000, 0x000000070dc00000| Untracked 
|  59|0x000000070dd00000, 0x000000070dd00000, 0x000000070de00000|  0%| F|  |TAMS 0x000000070dd00000, 0x000000070dd00000| Untracked 
|  60|0x000000070de00000, 0x000000070de00000, 0x000000070df00000|  0%| F|  |TAMS 0x000000070de00000, 0x000000070de00000| Untracked 
|  61|0x000000070df00000, 0x000000070df00000, 0x000000070e000000|  0%| F|  |TAMS 0x000000070df00000, 0x000000070df00000| Untracked 
|  62|0x000000070e000000, 0x000000070e000000, 0x000000070e100000|  0%| F|  |TAMS 0x000000070e000000, 0x000000070e000000| Untracked 
|  63|0x000000070e100000, 0x000000070e100000, 0x000000070e200000|  0%| F|  |TAMS 0x000000070e100000, 0x000000070e100000| Untracked 
|  64|0x000000070e200000, 0x000000070e200000, 0x000000070e300000|  0%| F|  |TAMS 0x000000070e200000, 0x000000070e200000| Untracked 
|  65|0x000000070e300000, 0x000000070e300000, 0x000000070e400000|  0%| F|  |TAMS 0x000000070e300000, 0x000000070e300000| Untracked 
|  66|0x000000070e400000, 0x000000070e400000, 0x000000070e500000|  0%| F|  |TAMS 0x000000070e400000, 0x000000070e400000| Untracked 
|  67|0x000000070e500000, 0x000000070e500000, 0x000000070e600000|  0%| F|  |TAMS 0x000000070e500000, 0x000000070e500000| Untracked 
|  68|0x000000070e600000, 0x000000070e600000, 0x000000070e700000|  0%| F|  |TAMS 0x000000070e600000, 0x000000070e600000| Untracked 
|  69|0x000000070e700000, 0x000000070e700000, 0x000000070e800000|  0%| F|  |TAMS 0x000000070e700000, 0x000000070e700000| Untracked 
|  70|0x000000070e800000, 0x000000070e800000, 0x000000070e900000|  0%| F|  |TAMS 0x000000070e800000, 0x000000070e800000| Untracked 
|  71|0x000000070e900000, 0x000000070e900000, 0x000000070ea00000|  0%| F|  |TAMS 0x000000070e900000, 0x000000070e900000| Untracked 
|  72|0x000000070ea00000, 0x000000070ea00000, 0x000000070eb00000|  0%| F|  |TAMS 0x000000070ea00000, 0x000000070ea00000| Untracked 
|  73|0x000000070eb00000, 0x000000070eb00000, 0x000000070ec00000|  0%| F|  |TAMS 0x000000070eb00000, 0x000000070eb00000| Untracked 
|  74|0x000000070ec00000, 0x000000070ec00000, 0x000000070ed00000|  0%| F|  |TAMS 0x000000070ec00000, 0x000000070ec00000| Untracked 
|  75|0x000000070ed00000, 0x000000070ed00000, 0x000000070ee00000|  0%| F|  |TAMS 0x000000070ed00000, 0x000000070ed00000| Untracked 
|  76|0x000000070ee00000, 0x000000070ee00000, 0x000000070ef00000|  0%| F|  |TAMS 0x000000070ee00000, 0x000000070ee00000| Untracked 
|  77|0x000000070ef00000, 0x000000070ef00000, 0x000000070f000000|  0%| F|  |TAMS 0x000000070ef00000, 0x000000070ef00000| Untracked 
|  78|0x000000070f000000, 0x000000070f000000, 0x000000070f100000|  0%| F|  |TAMS 0x000000070f000000, 0x000000070f000000| Untracked 
|  79|0x000000070f100000, 0x000000070f100000, 0x000000070f200000|  0%| F|  |TAMS 0x000000070f100000, 0x000000070f100000| Untracked 
|  80|0x000000070f200000, 0x000000070f200000, 0x000000070f300000|  0%| F|  |TAMS 0x000000070f200000, 0x000000070f200000| Untracked 
|  81|0x000000070f300000, 0x000000070f300000, 0x000000070f400000|  0%| F|  |TAMS 0x000000070f300000, 0x000000070f300000| Untracked 
|  82|0x000000070f400000, 0x000000070f400000, 0x000000070f500000|  0%| F|  |TAMS 0x000000070f400000, 0x000000070f400000| Untracked 
|  83|0x000000070f500000, 0x000000070f500000, 0x000000070f600000|  0%| F|  |TAMS 0x000000070f500000, 0x000000070f500000| Untracked 
|  84|0x000000070f600000, 0x000000070f600000, 0x000000070f700000|  0%| F|  |TAMS 0x000000070f600000, 0x000000070f600000| Untracked 
|  85|0x000000070f700000, 0x000000070f700000, 0x000000070f800000|  0%| F|  |TAMS 0x000000070f700000, 0x000000070f700000| Untracked 
|  86|0x000000070f800000, 0x000000070f800000, 0x000000070f900000|  0%| F|  |TAMS 0x000000070f800000, 0x000000070f800000| Untracked 
|  87|0x000000070f900000, 0x000000070f900000, 0x000000070fa00000|  0%| F|  |TAMS 0x000000070f900000, 0x000000070f900000| Untracked 
|  88|0x000000070fa00000, 0x000000070fa00000, 0x000000070fb00000|  0%| F|  |TAMS 0x000000070fa00000, 0x000000070fa00000| Untracked 
|  89|0x000000070fb00000, 0x000000070fb00000, 0x000000070fc00000|  0%| F|  |TAMS 0x000000070fb00000, 0x000000070fb00000| Untracked 
|  90|0x000000070fc00000, 0x000000070fc00000, 0x000000070fd00000|  0%| F|  |TAMS 0x000000070fc00000, 0x000000070fc00000| Untracked 
|  91|0x000000070fd00000, 0x000000070fd00000, 0x000000070fe00000|  0%| F|  |TAMS 0x000000070fd00000, 0x000000070fd00000| Untracked 
|  92|0x000000070fe00000, 0x000000070fe00000, 0x000000070ff00000|  0%| F|  |TAMS 0x000000070fe00000, 0x000000070fe00000| Untracked 
|  93|0x000000070ff00000, 0x000000070ff00000, 0x0000000710000000|  0%| F|  |TAMS 0x000000070ff00000, 0x000000070ff00000| Untracked 
|  94|0x0000000710000000, 0x0000000710000000, 0x0000000710100000|  0%| F|  |TAMS 0x0000000710000000, 0x0000000710000000| Untracked 
|  95|0x0000000710100000, 0x0000000710100000, 0x0000000710200000|  0%| F|  |TAMS 0x0000000710100000, 0x0000000710100000| Untracked 
|  96|0x0000000710200000, 0x0000000710200000, 0x0000000710300000|  0%| F|  |TAMS 0x0000000710200000, 0x0000000710200000| Untracked 
|  97|0x0000000710300000, 0x0000000710300000, 0x0000000710400000|  0%| F|  |TAMS 0x0000000710300000, 0x0000000710300000| Untracked 
|  98|0x0000000710400000, 0x0000000710400000, 0x0000000710500000|  0%| F|  |TAMS 0x0000000710400000, 0x0000000710400000| Untracked 
|  99|0x0000000710500000, 0x0000000710500000, 0x0000000710600000|  0%| F|  |TAMS 0x0000000710500000, 0x0000000710500000| Untracked 
| 100|0x0000000710600000, 0x0000000710600000, 0x0000000710700000|  0%| F|  |TAMS 0x0000000710600000, 0x0000000710600000| Untracked 
| 101|0x0000000710700000, 0x0000000710700000, 0x0000000710800000|  0%| F|  |TAMS 0x0000000710700000, 0x0000000710700000| Untracked 
| 102|0x0000000710800000, 0x0000000710800000, 0x0000000710900000|  0%| F|  |TAMS 0x0000000710800000, 0x0000000710800000| Untracked 
| 103|0x0000000710900000, 0x0000000710900000, 0x0000000710a00000|  0%| F|  |TAMS 0x0000000710900000, 0x0000000710900000| Untracked 
| 104|0x0000000710a00000, 0x0000000710a00000, 0x0000000710b00000|  0%| F|  |TAMS 0x0000000710a00000, 0x0000000710a00000| Untracked 
| 105|0x0000000710b00000, 0x0000000710b00000, 0x0000000710c00000|  0%| F|  |TAMS 0x0000000710b00000, 0x0000000710b00000| Untracked 
| 106|0x0000000710c00000, 0x0000000710c00000, 0x0000000710d00000|  0%| F|  |TAMS 0x0000000710c00000, 0x0000000710c00000| Untracked 
| 107|0x0000000710d00000, 0x0000000710d00000, 0x0000000710e00000|  0%| F|  |TAMS 0x0000000710d00000, 0x0000000710d00000| Untracked 
| 108|0x0000000710e00000, 0x0000000710e00000, 0x0000000710f00000|  0%| F|  |TAMS 0x0000000710e00000, 0x0000000710e00000| Untracked 
| 109|0x0000000710f00000, 0x0000000710f00000, 0x0000000711000000|  0%| F|  |TAMS 0x0000000710f00000, 0x0000000710f00000| Untracked 
| 110|0x0000000711000000, 0x0000000711000000, 0x0000000711100000|  0%| F|  |TAMS 0x0000000711000000, 0x0000000711000000| Untracked 
| 111|0x0000000711100000, 0x0000000711100000, 0x0000000711200000|  0%| F|  |TAMS 0x0000000711100000, 0x0000000711100000| Untracked 
| 112|0x0000000711200000, 0x0000000711200000, 0x0000000711300000|  0%| F|  |TAMS 0x0000000711200000, 0x0000000711200000| Untracked 
| 113|0x0000000711300000, 0x0000000711300000, 0x0000000711400000|  0%| F|  |TAMS 0x0000000711300000, 0x0000000711300000| Untracked 
| 114|0x0000000711400000, 0x0000000711400000, 0x0000000711500000|  0%| F|  |TAMS 0x0000000711400000, 0x0000000711400000| Untracked 
| 115|0x0000000711500000, 0x0000000711500000, 0x0000000711600000|  0%| F|  |TAMS 0x0000000711500000, 0x0000000711500000| Untracked 
| 116|0x0000000711600000, 0x0000000711600000, 0x0000000711700000|  0%| F|  |TAMS 0x0000000711600000, 0x0000000711600000| Untracked 
| 117|0x0000000711700000, 0x0000000711700000, 0x0000000711800000|  0%| F|  |TAMS 0x0000000711700000, 0x0000000711700000| Untracked 
| 118|0x0000000711800000, 0x0000000711800000, 0x0000000711900000|  0%| F|  |TAMS 0x0000000711800000, 0x0000000711800000| Untracked 
| 119|0x0000000711900000, 0x0000000711900000, 0x0000000711a00000|  0%| F|  |TAMS 0x0000000711900000, 0x0000000711900000| Untracked 
| 120|0x0000000711a00000, 0x0000000711a00000, 0x0000000711b00000|  0%| F|  |TAMS 0x0000000711a00000, 0x0000000711a00000| Untracked 
| 121|0x0000000711b00000, 0x0000000711b00000, 0x0000000711c00000|  0%| F|  |TAMS 0x0000000711b00000, 0x0000000711b00000| Untracked 
| 122|0x0000000711c00000, 0x0000000711c00000, 0x0000000711d00000|  0%| F|  |TAMS 0x0000000711c00000, 0x0000000711c00000| Untracked 
| 123|0x0000000711d00000, 0x0000000711d00000, 0x0000000711e00000|  0%| F|  |TAMS 0x0000000711d00000, 0x0000000711d00000| Untracked 
| 124|0x0000000711e00000, 0x0000000711e00000, 0x0000000711f00000|  0%| F|  |TAMS 0x0000000711e00000, 0x0000000711e00000| Untracked 
| 125|0x0000000711f00000, 0x0000000711f00000, 0x0000000712000000|  0%| F|  |TAMS 0x0000000711f00000, 0x0000000711f00000| Untracked 
| 126|0x0000000712000000, 0x0000000712000000, 0x0000000712100000|  0%| F|  |TAMS 0x0000000712000000, 0x0000000712000000| Untracked 
| 127|0x0000000712100000, 0x0000000712100000, 0x0000000712200000|  0%| F|  |TAMS 0x0000000712100000, 0x0000000712100000| Untracked 
| 128|0x0000000712200000, 0x0000000712200000, 0x0000000712300000|  0%| F|  |TAMS 0x0000000712200000, 0x0000000712200000| Untracked 
| 129|0x0000000712300000, 0x0000000712300000, 0x0000000712400000|  0%| F|  |TAMS 0x0000000712300000, 0x0000000712300000| Untracked 
| 130|0x0000000712400000, 0x0000000712400000, 0x0000000712500000|  0%| F|  |TAMS 0x0000000712400000, 0x0000000712400000| Untracked 
| 131|0x0000000712500000, 0x0000000712500000, 0x0000000712600000|  0%| F|  |TAMS 0x0000000712500000, 0x0000000712500000| Untracked 
| 132|0x0000000712600000, 0x0000000712600000, 0x0000000712700000|  0%| F|  |TAMS 0x0000000712600000, 0x0000000712600000| Untracked 
| 133|0x0000000712700000, 0x0000000712700000, 0x0000000712800000|  0%| F|  |TAMS 0x0000000712700000, 0x0000000712700000| Untracked 
| 134|0x0000000712800000, 0x0000000712800000, 0x0000000712900000|  0%| F|  |TAMS 0x0000000712800000, 0x0000000712800000| Untracked 
| 135|0x0000000712900000, 0x0000000712900000, 0x0000000712a00000|  0%| F|  |TAMS 0x0000000712900000, 0x0000000712900000| Untracked 
| 136|0x0000000712a00000, 0x0000000712a00000, 0x0000000712b00000|  0%| F|  |TAMS 0x0000000712a00000, 0x0000000712a00000| Untracked 
| 137|0x0000000712b00000, 0x0000000712b00000, 0x0000000712c00000|  0%| F|  |TAMS 0x0000000712b00000, 0x0000000712b00000| Untracked 
| 138|0x0000000712c00000, 0x0000000712c00000, 0x0000000712d00000|  0%| F|  |TAMS 0x0000000712c00000, 0x0000000712c00000| Untracked 
| 139|0x0000000712d00000, 0x0000000712d00000, 0x0000000712e00000|  0%| F|  |TAMS 0x0000000712d00000, 0x0000000712d00000| Untracked 
| 140|0x0000000712e00000, 0x0000000712e00000, 0x0000000712f00000|  0%| F|  |TAMS 0x0000000712e00000, 0x0000000712e00000| Untracked 
| 141|0x0000000712f00000, 0x0000000712f00000, 0x0000000713000000|  0%| F|  |TAMS 0x0000000712f00000, 0x0000000712f00000| Untracked 
| 142|0x0000000713000000, 0x0000000713000000, 0x0000000713100000|  0%| F|  |TAMS 0x0000000713000000, 0x0000000713000000| Untracked 
| 143|0x0000000713100000, 0x0000000713100000, 0x0000000713200000|  0%| F|  |TAMS 0x0000000713100000, 0x0000000713100000| Untracked 
| 144|0x0000000713200000, 0x0000000713200000, 0x0000000713300000|  0%| F|  |TAMS 0x0000000713200000, 0x0000000713200000| Untracked 
| 145|0x0000000713300000, 0x0000000713300000, 0x0000000713400000|  0%| F|  |TAMS 0x0000000713300000, 0x0000000713300000| Untracked 
| 146|0x0000000713400000, 0x0000000713400000, 0x0000000713500000|  0%| F|  |TAMS 0x0000000713400000, 0x0000000713400000| Untracked 
| 147|0x0000000713500000, 0x0000000713500000, 0x0000000713600000|  0%| F|  |TAMS 0x0000000713500000, 0x0000000713500000| Untracked 
| 148|0x0000000713600000, 0x0000000713600000, 0x0000000713700000|  0%| F|  |TAMS 0x0000000713600000, 0x0000000713600000| Untracked 
| 149|0x0000000713700000, 0x0000000713700000, 0x0000000713800000|  0%| F|  |TAMS 0x0000000713700000, 0x0000000713700000| Untracked 
| 150|0x0000000713800000, 0x0000000713800000, 0x0000000713900000|  0%| F|  |TAMS 0x0000000713800000, 0x0000000713800000| Untracked 
| 151|0x0000000713900000, 0x0000000713900000, 0x0000000713a00000|  0%| F|  |TAMS 0x0000000713900000, 0x0000000713900000| Untracked 
| 152|0x0000000713a00000, 0x0000000713a00000, 0x0000000713b00000|  0%| F|  |TAMS 0x0000000713a00000, 0x0000000713a00000| Untracked 
| 153|0x0000000713b00000, 0x0000000713b00000, 0x0000000713c00000|  0%| F|  |TAMS 0x0000000713b00000, 0x0000000713b00000| Untracked 
| 154|0x0000000713c00000, 0x0000000713c00000, 0x0000000713d00000|  0%| F|  |TAMS 0x0000000713c00000, 0x0000000713c00000| Untracked 
| 155|0x0000000713d00000, 0x0000000713d00000, 0x0000000713e00000|  0%| F|  |TAMS 0x0000000713d00000, 0x0000000713d00000| Untracked 
| 156|0x0000000713e00000, 0x0000000713e00000, 0x0000000713f00000|  0%| F|  |TAMS 0x0000000713e00000, 0x0000000713e00000| Untracked 
| 157|0x0000000713f00000, 0x0000000713f00000, 0x0000000714000000|  0%| F|  |TAMS 0x0000000713f00000, 0x0000000713f00000| Untracked 
| 158|0x0000000714000000, 0x0000000714000000, 0x0000000714100000|  0%| F|  |TAMS 0x0000000714000000, 0x0000000714000000| Untracked 
| 159|0x0000000714100000, 0x0000000714100000, 0x0000000714200000|  0%| F|  |TAMS 0x0000000714100000, 0x0000000714100000| Untracked 
| 160|0x0000000714200000, 0x0000000714200000, 0x0000000714300000|  0%| F|  |TAMS 0x0000000714200000, 0x0000000714200000| Untracked 
| 161|0x0000000714300000, 0x0000000714300000, 0x0000000714400000|  0%| F|  |TAMS 0x0000000714300000, 0x0000000714300000| Untracked 
| 162|0x0000000714400000, 0x0000000714400000, 0x0000000714500000|  0%| F|  |TAMS 0x0000000714400000, 0x0000000714400000| Untracked 
| 163|0x0000000714500000, 0x0000000714500000, 0x0000000714600000|  0%| F|  |TAMS 0x0000000714500000, 0x0000000714500000| Untracked 
| 164|0x0000000714600000, 0x0000000714600000, 0x0000000714700000|  0%| F|  |TAMS 0x0000000714600000, 0x0000000714600000| Untracked 
| 165|0x0000000714700000, 0x0000000714700000, 0x0000000714800000|  0%| F|  |TAMS 0x0000000714700000, 0x0000000714700000| Untracked 
| 166|0x0000000714800000, 0x0000000714800000, 0x0000000714900000|  0%| F|  |TAMS 0x0000000714800000, 0x0000000714800000| Untracked 
| 167|0x0000000714900000, 0x0000000714900000, 0x0000000714a00000|  0%| F|  |TAMS 0x0000000714900000, 0x0000000714900000| Untracked 
| 168|0x0000000714a00000, 0x0000000714a00000, 0x0000000714b00000|  0%| F|  |TAMS 0x0000000714a00000, 0x0000000714a00000| Untracked 
| 169|0x0000000714b00000, 0x0000000714b00000, 0x0000000714c00000|  0%| F|  |TAMS 0x0000000714b00000, 0x0000000714b00000| Untracked 
| 170|0x0000000714c00000, 0x0000000714c00000, 0x0000000714d00000|  0%| F|  |TAMS 0x0000000714c00000, 0x0000000714c00000| Untracked 
| 171|0x0000000714d00000, 0x0000000714d00000, 0x0000000714e00000|  0%| F|  |TAMS 0x0000000714d00000, 0x0000000714d00000| Untracked 
| 172|0x0000000714e00000, 0x0000000714e00000, 0x0000000714f00000|  0%| F|  |TAMS 0x0000000714e00000, 0x0000000714e00000| Untracked 
| 173|0x0000000714f00000, 0x0000000714f00000, 0x0000000715000000|  0%| F|  |TAMS 0x0000000714f00000, 0x0000000714f00000| Untracked 
| 174|0x0000000715000000, 0x0000000715000000, 0x0000000715100000|  0%| F|  |TAMS 0x0000000715000000, 0x0000000715000000| Untracked 
| 175|0x0000000715100000, 0x0000000715100000, 0x0000000715200000|  0%| F|  |TAMS 0x0000000715100000, 0x0000000715100000| Untracked 
| 176|0x0000000715200000, 0x0000000715200000, 0x0000000715300000|  0%| F|  |TAMS 0x0000000715200000, 0x0000000715200000| Untracked 
| 177|0x0000000715300000, 0x0000000715300000, 0x0000000715400000|  0%| F|  |TAMS 0x0000000715300000, 0x0000000715300000| Untracked 
| 178|0x0000000715400000, 0x0000000715400000, 0x0000000715500000|  0%| F|  |TAMS 0x0000000715400000, 0x0000000715400000| Untracked 
| 179|0x0000000715500000, 0x0000000715500000, 0x0000000715600000|  0%| F|  |TAMS 0x0000000715500000, 0x0000000715500000| Untracked 
| 180|0x0000000715600000, 0x0000000715600000, 0x0000000715700000|  0%| F|  |TAMS 0x0000000715600000, 0x0000000715600000| Untracked 
| 181|0x0000000715700000, 0x0000000715700000, 0x0000000715800000|  0%| F|  |TAMS 0x0000000715700000, 0x0000000715700000| Untracked 
| 182|0x0000000715800000, 0x0000000715800000, 0x0000000715900000|  0%| F|  |TAMS 0x0000000715800000, 0x0000000715800000| Untracked 
| 183|0x0000000715900000, 0x0000000715900000, 0x0000000715a00000|  0%| F|  |TAMS 0x0000000715900000, 0x0000000715900000| Untracked 
| 184|0x0000000715a00000, 0x0000000715a00000, 0x0000000715b00000|  0%| F|  |TAMS 0x0000000715a00000, 0x0000000715a00000| Untracked 
| 185|0x0000000715b00000, 0x0000000715b00000, 0x0000000715c00000|  0%| F|  |TAMS 0x0000000715b00000, 0x0000000715b00000| Untracked 
| 186|0x0000000715c00000, 0x0000000715c00000, 0x0000000715d00000|  0%| F|  |TAMS 0x0000000715c00000, 0x0000000715c00000| Untracked 
| 187|0x0000000715d00000, 0x0000000715d00000, 0x0000000715e00000|  0%| F|  |TAMS 0x0000000715d00000, 0x0000000715d00000| Untracked 
| 188|0x0000000715e00000, 0x0000000715e00000, 0x0000000715f00000|  0%| F|  |TAMS 0x0000000715e00000, 0x0000000715e00000| Untracked 
| 189|0x0000000715f00000, 0x0000000715f00000, 0x0000000716000000|  0%| F|  |TAMS 0x0000000715f00000, 0x0000000715f00000| Untracked 
| 190|0x0000000716000000, 0x0000000716000000, 0x0000000716100000|  0%| F|  |TAMS 0x0000000716000000, 0x0000000716000000| Untracked 
| 191|0x0000000716100000, 0x0000000716100000, 0x0000000716200000|  0%| F|  |TAMS 0x0000000716100000, 0x0000000716100000| Untracked 
| 192|0x0000000716200000, 0x0000000716200000, 0x0000000716300000|  0%| F|  |TAMS 0x0000000716200000, 0x0000000716200000| Untracked 
| 193|0x0000000716300000, 0x0000000716300000, 0x0000000716400000|  0%| F|  |TAMS 0x0000000716300000, 0x0000000716300000| Untracked 
| 194|0x0000000716400000, 0x0000000716400000, 0x0000000716500000|  0%| F|  |TAMS 0x0000000716400000, 0x0000000716400000| Untracked 
| 195|0x0000000716500000, 0x0000000716500000, 0x0000000716600000|  0%| F|  |TAMS 0x0000000716500000, 0x0000000716500000| Untracked 
| 196|0x0000000716600000, 0x0000000716600000, 0x0000000716700000|  0%| F|  |TAMS 0x0000000716600000, 0x0000000716600000| Untracked 
| 197|0x0000000716700000, 0x0000000716700000, 0x0000000716800000|  0%| F|  |TAMS 0x0000000716700000, 0x0000000716700000| Untracked 
| 198|0x0000000716800000, 0x0000000716800000, 0x0000000716900000|  0%| F|  |TAMS 0x0000000716800000, 0x0000000716800000| Untracked 
| 199|0x0000000716900000, 0x0000000716900000, 0x0000000716a00000|  0%| F|  |TAMS 0x0000000716900000, 0x0000000716900000| Untracked 
| 200|0x0000000716a00000, 0x0000000716a00000, 0x0000000716b00000|  0%| F|  |TAMS 0x0000000716a00000, 0x0000000716a00000| Untracked 
| 201|0x0000000716b00000, 0x0000000716b00000, 0x0000000716c00000|  0%| F|  |TAMS 0x0000000716b00000, 0x0000000716b00000| Untracked 
| 202|0x0000000716c00000, 0x0000000716c80800, 0x0000000716d00000| 50%| E|  |TAMS 0x0000000716c00000, 0x0000000716c00000| Complete 
| 203|0x0000000716d00000, 0x0000000716e00000, 0x0000000716e00000|100%| E|CS|TAMS 0x0000000716d00000, 0x0000000716d00000| Complete 
| 204|0x0000000716e00000, 0x0000000716f00000, 0x0000000716f00000|100%| E|CS|TAMS 0x0000000716e00000, 0x0000000716e00000| Complete 
| 205|0x0000000716f00000, 0x0000000717000000, 0x0000000717000000|100%| E|CS|TAMS 0x0000000716f00000, 0x0000000716f00000| Complete 
| 206|0x0000000717000000, 0x0000000717100000, 0x0000000717100000|100%| E|CS|TAMS 0x0000000717000000, 0x0000000717000000| Complete 
| 207|0x0000000717100000, 0x0000000717200000, 0x0000000717200000|100%| E|CS|TAMS 0x0000000717100000, 0x0000000717100000| Complete 
| 208|0x0000000717200000, 0x0000000717300000, 0x0000000717300000|100%| E|CS|TAMS 0x0000000717200000, 0x0000000717200000| Complete 
| 209|0x0000000717300000, 0x0000000717400000, 0x0000000717400000|100%| E|CS|TAMS 0x0000000717300000, 0x0000000717300000| Complete 
| 210|0x0000000717400000, 0x0000000717500000, 0x0000000717500000|100%| E|CS|TAMS 0x0000000717400000, 0x0000000717400000| Complete 
| 211|0x0000000717500000, 0x0000000717600000, 0x0000000717600000|100%| E|CS|TAMS 0x0000000717500000, 0x0000000717500000| Complete 
| 212|0x0000000717600000, 0x0000000717700000, 0x0000000717700000|100%| E|CS|TAMS 0x0000000717600000, 0x0000000717600000| Complete 
| 213|0x0000000717700000, 0x0000000717800000, 0x0000000717800000|100%| E|CS|TAMS 0x0000000717700000, 0x0000000717700000| Complete 
| 214|0x0000000717800000, 0x0000000717900000, 0x0000000717900000|100%| E|CS|TAMS 0x0000000717800000, 0x0000000717800000| Complete 
| 215|0x0000000717900000, 0x0000000717a00000, 0x0000000717a00000|100%| E|CS|TAMS 0x0000000717900000, 0x0000000717900000| Complete 
| 216|0x0000000717a00000, 0x0000000717b00000, 0x0000000717b00000|100%| E|CS|TAMS 0x0000000717a00000, 0x0000000717a00000| Complete 
| 217|0x0000000717b00000, 0x0000000717c00000, 0x0000000717c00000|100%| E|CS|TAMS 0x0000000717b00000, 0x0000000717b00000| Complete 
| 218|0x0000000717c00000, 0x0000000717d00000, 0x0000000717d00000|100%| E|CS|TAMS 0x0000000717c00000, 0x0000000717c00000| Complete 
| 219|0x0000000717d00000, 0x0000000717e00000, 0x0000000717e00000|100%| S|CS|TAMS 0x0000000717d00000, 0x0000000717d00000| Complete 
| 220|0x0000000717e00000, 0x0000000717f00000, 0x0000000717f00000|100%| S|CS|TAMS 0x0000000717e00000, 0x0000000717e00000| Complete 
| 221|0x0000000717f00000, 0x0000000718000000, 0x0000000718000000|100%| S|CS|TAMS 0x0000000717f00000, 0x0000000717f00000| Complete 
| 222|0x0000000718000000, 0x0000000718100000, 0x0000000718100000|100%| E|CS|TAMS 0x0000000718000000, 0x0000000718000000| Complete 
| 223|0x0000000718100000, 0x0000000718200000, 0x0000000718200000|100%| E|CS|TAMS 0x0000000718100000, 0x0000000718100000| Complete 
| 224|0x0000000718200000, 0x0000000718300000, 0x0000000718300000|100%| E|CS|TAMS 0x0000000718200000, 0x0000000718200000| Complete 
| 225|0x0000000718300000, 0x0000000718400000, 0x0000000718400000|100%| E|CS|TAMS 0x0000000718300000, 0x0000000718300000| Complete 
| 226|0x0000000718400000, 0x0000000718500000, 0x0000000718500000|100%| E|CS|TAMS 0x0000000718400000, 0x0000000718400000| Complete 
| 227|0x0000000718500000, 0x0000000718600000, 0x0000000718600000|100%| E|CS|TAMS 0x0000000718500000, 0x0000000718500000| Complete 
| 228|0x0000000718600000, 0x0000000718700000, 0x0000000718700000|100%| E|CS|TAMS 0x0000000718600000, 0x0000000718600000| Complete 
| 229|0x0000000718700000, 0x0000000718800000, 0x0000000718800000|100%| E|CS|TAMS 0x0000000718700000, 0x0000000718700000| Complete 
| 230|0x0000000718800000, 0x0000000718900000, 0x0000000718900000|100%| E|CS|TAMS 0x0000000718800000, 0x0000000718800000| Complete 
| 231|0x0000000718900000, 0x0000000718a00000, 0x0000000718a00000|100%| E|CS|TAMS 0x0000000718900000, 0x0000000718900000| Complete 
| 232|0x0000000718a00000, 0x0000000718b00000, 0x0000000718b00000|100%| E|CS|TAMS 0x0000000718a00000, 0x0000000718a00000| Complete 
| 233|0x0000000718b00000, 0x0000000718c00000, 0x0000000718c00000|100%| E|CS|TAMS 0x0000000718b00000, 0x0000000718b00000| Complete 
| 234|0x0000000718c00000, 0x0000000718d00000, 0x0000000718d00000|100%| E|CS|TAMS 0x0000000718c00000, 0x0000000718c00000| Complete 
| 235|0x0000000718d00000, 0x0000000718e00000, 0x0000000718e00000|100%| E|CS|TAMS 0x0000000718d00000, 0x0000000718d00000| Complete 
| 236|0x0000000718e00000, 0x0000000718f00000, 0x0000000718f00000|100%| E|CS|TAMS 0x0000000718e00000, 0x0000000718e00000| Complete 
| 237|0x0000000718f00000, 0x0000000719000000, 0x0000000719000000|100%| E|CS|TAMS 0x0000000718f00000, 0x0000000718f00000| Complete 
| 238|0x0000000719000000, 0x0000000719100000, 0x0000000719100000|100%| E|CS|TAMS 0x0000000719000000, 0x0000000719000000| Complete 
| 239|0x0000000719100000, 0x0000000719200000, 0x0000000719200000|100%| E|CS|TAMS 0x0000000719100000, 0x0000000719100000| Complete 
| 240|0x0000000719200000, 0x0000000719300000, 0x0000000719300000|100%| E|CS|TAMS 0x0000000719200000, 0x0000000719200000| Complete 
| 241|0x0000000719300000, 0x0000000719400000, 0x0000000719400000|100%| E|CS|TAMS 0x0000000719300000, 0x0000000719300000| Complete 
| 242|0x0000000719400000, 0x0000000719500000, 0x0000000719500000|100%| E|CS|TAMS 0x0000000719400000, 0x0000000719400000| Complete 
| 243|0x0000000719500000, 0x0000000719600000, 0x0000000719600000|100%| E|CS|TAMS 0x0000000719500000, 0x0000000719500000| Complete 
| 244|0x0000000719600000, 0x0000000719700000, 0x0000000719700000|100%| E|CS|TAMS 0x0000000719600000, 0x0000000719600000| Complete 
| 245|0x0000000719700000, 0x0000000719800000, 0x0000000719800000|100%| E|CS|TAMS 0x0000000719700000, 0x0000000719700000| Complete 

Card table byte_map: [0x0000027c553e0000,0x0000027c55b90000] _byte_map_base: 0x0000027c51b8f000

Marking Bits (Prev, Next): (CMBitMap*) 0x0000027c3e06e958, (CMBitMap*) 0x0000027c3e06e990
 Prev Bits: [0x0000027c56340000, 0x0000027c5a0b8000)
 Next Bits: [0x0000027c5a0c0000, 0x0000027c5de38000)

Polling page: 0x0000027c3be60000

Metaspace:

Usage:
  Non-class:      8.89 MB capacity,     8.85 MB (>99%) used,    34.98 KB ( <1%) free+waste,     8.75 KB ( <1%) overhead. 
      Class:   1009.00 KB capacity,   967.88 KB ( 96%) used,    37.38 KB (  4%) free+waste,     3.75 KB ( <1%) overhead. 
       Both:      9.88 MB capacity,     9.79 MB (>99%) used,    72.35 KB ( <1%) free+waste,    12.50 KB ( <1%) overhead. 

Virtual space:
  Non-class space:       10.00 MB reserved,       9.00 MB ( 90%) committed 
      Class space:        1.00 GB reserved,       1.00 MB ( <1%) committed 
             Both:        1.01 GB reserved,      10.00 MB ( <1%) committed 

Chunk freelists:
   Non-Class:  6.00 KB
       Class:  1.88 KB
        Both:  7.88 KB

CodeHeap 'non-profiled nmethods': size=120000Kb used=424Kb max_used=424Kb free=119575Kb
 bounds [0x0000027c4d1b0000, 0x0000027c4d420000, 0x0000027c546e0000]
CodeHeap 'profiled nmethods': size=120000Kb used=2018Kb max_used=2018Kb free=117982Kb
 bounds [0x0000027c45c80000, 0x0000027c45ef0000, 0x0000027c4d1b0000]
CodeHeap 'non-nmethods': size=5760Kb used=1102Kb max_used=1132Kb free=4657Kb
 bounds [0x0000027c456e0000, 0x0000027c45950000, 0x0000027c45c80000]
 total_blobs=1364 nmethods=954 adapters=322
 compilation: enabled
              stopped_count=0, restarted_count=0
 full_count=0

Compilation events (10 events):
Event: 0.533 Thread 0x0000027c614f6000  951       3       sun.nio.fs.WindowsPath::isEmpty (8 bytes)
Event: 0.533 Thread 0x0000027c614f6000 nmethod 951 0x0000027c45e73a10 code [0x0000027c45e73bc0, 0x0000027c45e73d98]
Event: 0.533 Thread 0x0000027c614f6000  949       3       sun.nio.fs.WindowsPathParser::parse (6 bytes)
Event: 0.533 Thread 0x0000027c614f6000 nmethod 949 0x0000027c45e73e90 code [0x0000027c45e74020, 0x0000027c45e74128]
Event: 0.533 Thread 0x0000027c614f6000  948       3       sun.nio.fs.WindowsPathParser$Result::<init> (20 bytes)
Event: 0.533 Thread 0x0000027c614f6000 nmethod 948 0x0000027c45e74210 code [0x0000027c45e743c0, 0x0000027c45e74658]
Event: 0.534 Thread 0x0000027c614f6000  954       3       sun.nio.fs.WindowsPath::normalize (365 bytes)
Event: 0.535 Thread 0x0000027c614f6000 nmethod 954 0x0000027c45e74710 code [0x0000027c45e74c40, 0x0000027c45e77938]
Event: 0.537 Thread 0x0000027c614f2000 nmethod 944 0x0000027c4d216210 code [0x0000027c4d2163c0, 0x0000027c4d216b78]
Event: 0.540 Thread 0x0000027c61670000 nmethod 953 0x0000027c4d216f10 code [0x0000027c4d2170e0, 0x0000027c4d2179b8]

GC Heap History (2 events):
Event: 0.324 GC heap before
{Heap before GC invocations=0 (full 0):
 garbage-first heap   total 251904K, used 23552K [0x000000070a200000, 0x0000000800000000)
  region size 1024K, 24 young (24576K), 0 survivors (0K)
 Metaspace       used 8930K, capacity 9025K, committed 9088K, reserved 1056768K
  class space    used 861K, capacity 881K, committed 896K, reserved 1048576K
}
Event: 0.327 GC heap after
{Heap after GC invocations=1 (full 0):
 garbage-first heap   total 251904K, used 5883K [0x000000070a200000, 0x0000000800000000)
  region size 1024K, 3 young (3072K), 3 survivors (3072K)
 Metaspace       used 8930K, capacity 9025K, committed 9088K, reserved 1056768K
  class space    used 861K, capacity 881K, committed 896K, reserved 1048576K
}

Deoptimization events (10 events):
Event: 0.490 Thread 0x0000027c3e00e000 Uncommon trap: reason=unstable_if action=reinterpret pc=0x0000027c4d1eabb8 method=java.io.WinNTFileSystem.normalize(Ljava/lang/String;)Ljava/lang/String; @ 128 c2
Event: 0.491 Thread 0x0000027c3e00e000 Uncommon trap: reason=unstable_if action=reinterpret pc=0x0000027c4d1b9d2c method=java.lang.String.equals(Ljava/lang/Object;)Z @ 27 c2
Event: 0.491 Thread 0x0000027c3e00e000 Uncommon trap: reason=unstable_if action=reinterpret pc=0x0000027c4d1b2774 method=java.lang.String.isLatin1()Z @ 10 c2
Event: 0.491 Thread 0x0000027c3e00e000 Uncommon trap: reason=unstable_if action=reinterpret pc=0x0000027c4d1e9604 method=java.lang.StringUTF16.compress([CI[BII)I @ 20 c2
Event: 0.491 Thread 0x0000027c3e00e000 Uncommon trap: reason=unstable_if action=reinterpret pc=0x0000027c4d205090 method=java.lang.String.charAt(I)C @ 4 c2
Event: 0.492 Thread 0x0000027c3e00e000 Uncommon trap: reason=unstable_if action=reinterpret pc=0x0000027c4d1caa04 method=java.lang.AbstractStringBuilder.putStringAt(ILjava/lang/String;)V @ 8 c2
Event: 0.492 Thread 0x0000027c3e00e000 Uncommon trap: reason=unstable_if action=reinterpret pc=0x0000027c4d1c97f0 method=java.lang.AbstractStringBuilder.putStringAt(ILjava/lang/String;)V @ 8 c2
Event: 0.492 Thread 0x0000027c3e00e000 Uncommon trap: reason=unstable_if action=reinterpret pc=0x0000027c4d1c83f0 method=java.lang.String.getBytes([BIB)V @ 5 c2
Event: 0.492 Thread 0x0000027c3e00e000 Uncommon trap: reason=unstable_if action=reinterpret pc=0x0000027c4d1c2588 method=java.lang.AbstractStringBuilder.isLatin1()Z @ 10 c2
Event: 0.492 Thread 0x0000027c3e00e000 Uncommon trap: reason=unstable_if action=reinterpret pc=0x0000027c4d1e5e34 method=java.lang.AbstractStringBuilder.isLatin1()Z @ 10 c2

Classes redefined (0 events):
No events

Internal exceptions (10 events):
Event: 0.119 Thread 0x0000027c3e00e000 Exception <a 'java/security/PrivilegedActionException'{0x00000007195b3978}> (0x00000007195b3978) thrown at [./open/src/hotspot/share/prims/jvm.cpp, line 1305]
Event: 0.119 Thread 0x0000027c3e00e000 Exception <a 'java/security/PrivilegedActionException'{0x00000007195b3c48}> (0x00000007195b3c48) thrown at [./open/src/hotspot/share/prims/jvm.cpp, line 1305]
Event: 0.119 Thread 0x0000027c3e00e000 Exception <a 'java/security/PrivilegedActionException'{0x00000007195b48e8}> (0x00000007195b48e8) thrown at [./open/src/hotspot/share/prims/jvm.cpp, line 1305]
Event: 0.119 Thread 0x0000027c3e00e000 Exception <a 'java/security/PrivilegedActionException'{0x00000007195b4bb8}> (0x00000007195b4bb8) thrown at [./open/src/hotspot/share/prims/jvm.cpp, line 1305]
Event: 0.128 Thread 0x0000027c3e00e000 Exception <a 'java/security/PrivilegedActionException'{0x0000000719441cd0}> (0x0000000719441cd0) thrown at [./open/src/hotspot/share/prims/jvm.cpp, line 1305]
Event: 0.128 Thread 0x0000027c3e00e000 Exception <a 'java/security/PrivilegedActionException'{0x0000000719441fa0}> (0x0000000719441fa0) thrown at [./open/src/hotspot/share/prims/jvm.cpp, line 1305]
Event: 0.252 Thread 0x0000027c3e00e000 Exception <a 'java/lang/NoSuchMethodError'{0x0000000718504f40}: java.lang.invoke.DirectMethodHandle$Holder.invokeStaticInit(Ljava/lang/Object;Ljava/lang/Object;Ljava/lang/Object;Ljava/lang/Object;)I> (0x0000000718504f40) thrown at [./open/src/hotspot/shar
Event: 0.253 Thread 0x0000027c3e00e000 Exception <a 'java/lang/IncompatibleClassChangeError'{0x000000071850eda0}: Found class java.lang.Object, but interface was expected> (0x000000071850eda0) thrown at [./open/src/hotspot/share/interpreter/linkResolver.cpp, line 838]
Event: 0.254 Thread 0x0000027c3e00e000 Exception <a 'java/lang/NoSuchMethodError'{0x0000000718511fc0}: java.lang.invoke.DirectMethodHandle$Holder.invokeStaticInit(Ljava/lang/Object;Ljava/lang/Object;)V> (0x0000000718511fc0) thrown at [./open/src/hotspot/share/interpreter/linkResolver.cpp, line
Event: 0.255 Thread 0x0000027c3e00e000 Exception <a 'java/lang/NoSuchMethodError'{0x0000000718517480}: java.lang.invoke.DirectMethodHandle$Holder.invokeStaticInit(Ljava/lang/Object;Ljava/lang/Object;)I> (0x0000000718517480) thrown at [./open/src/hotspot/share/interpreter/linkResolver.cpp, line

Events (10 events):
Event: 0.523 loading class org/bytedeco/llvm/LLVM/lto_diagnostic_handler_t
Event: 0.523 loading class org/bytedeco/llvm/LLVM/lto_diagnostic_handler_t done
Event: 0.524 loading class org/bytedeco/llvm/LLVM/MustPreserve_LLVMValueRef_Pointer
Event: 0.524 loading class org/bytedeco/llvm/LLVM/MustPreserve_LLVMValueRef_Pointer done
Event: 0.525 loading class GlobalScope
Event: 0.525 loading class GlobalScope done
Event: 0.525 loading class BaseScope
Event: 0.525 loading class BaseScope done
Event: 0.528 Thread 0x0000027c3e00e000 DEOPT PACKING pc=0x0000027c45dfc821 sp=0x000000a16acfdcc0
Event: 0.528 Thread 0x0000027c3e00e000 DEOPT UNPACKING pc=0x0000027c4570705e sp=0x000000a16acfd1b8 mode 0


Dynamic libraries:
0x00007ff6c3fc0000 - 0x00007ff6c3fcf000 	C:\Program Files\Java\jdk-11.0.17\bin\java.exe
0x00007ffe4e190000 - 0x00007ffe4e388000 	C:\WINDOWS\SYSTEM32\ntdll.dll
0x00007ffe4da20000 - 0x00007ffe4dadf000 	C:\WINDOWS\System32\KERNEL32.DLL
0x00007ffe4bc40000 - 0x00007ffe4bf12000 	C:\WINDOWS\System32\KERNELBASE.dll
0x00007ffe4b8d0000 - 0x00007ffe4b9d0000 	C:\WINDOWS\System32\ucrtbase.dll
0x00007ffe2acb0000 - 0x00007ffe2acc8000 	C:\Program Files\Java\jdk-11.0.17\bin\jli.dll
0x00007ffe4c4e0000 - 0x00007ffe4c58e000 	C:\WINDOWS\System32\ADVAPI32.dll
0x00007ffe28fe0000 - 0x00007ffe28ff5000 	C:\Program Files\Java\jdk-11.0.17\bin\VCRUNTIME140.dll
0x00007ffe4c310000 - 0x00007ffe4c3ae000 	C:\WINDOWS\System32\msvcrt.dll
0x00007ffe4d230000 - 0x00007ffe4d2cc000 	C:\WINDOWS\System32\sechost.dll
0x00007ffe4cea0000 - 0x00007ffe4cfc5000 	C:\WINDOWS\System32\RPCRT4.dll
0x00007ffe4df90000 - 0x00007ffe4e131000 	C:\WINDOWS\System32\USER32.dll
0x00007ffe35d50000 - 0x00007ffe35fea000 	C:\WINDOWS\WinSxS\amd64_microsoft.windows.common-controls_6595b64144ccf1df_6.0.19041.1110_none_60b5254171f9507e\COMCTL32.dll
0x00007ffe4bfd0000 - 0x00007ffe4bff2000 	C:\WINDOWS\System32\win32u.dll
0x00007ffe4dc00000 - 0x00007ffe4dc2b000 	C:\WINDOWS\System32\GDI32.dll
0x00007ffe4b9d0000 - 0x00007ffe4badf000 	C:\WINDOWS\System32\gdi32full.dll
0x00007ffe4bba0000 - 0x00007ffe4bc3d000 	C:\WINDOWS\System32\msvcp_win.dll
0x00007ffe44ed0000 - 0x00007ffe44eda000 	C:\WINDOWS\SYSTEM32\VERSION.dll
0x00007ffe4dbc0000 - 0x00007ffe4dbf2000 	C:\WINDOWS\System32\IMM32.DLL
0x00007ffe102d0000 - 0x00007ffe1036b000 	C:\Program Files\Java\jdk-11.0.17\bin\msvcp140.dll
0x00007ffdeba60000 - 0x00007ffdec57a000 	C:\Program Files\Java\jdk-11.0.17\bin\server\jvm.dll
0x00007ffe4e140000 - 0x00007ffe4e148000 	C:\WINDOWS\System32\PSAPI.DLL
0x00007ffe474c0000 - 0x00007ffe474c9000 	C:\WINDOWS\SYSTEM32\WSOCK32.dll
0x00007ffe4c740000 - 0x00007ffe4c7ab000 	C:\WINDOWS\System32\WS2_32.dll
0x00007ffe46fc0000 - 0x00007ffe46fe7000 	C:\WINDOWS\SYSTEM32\WINMM.dll
0x00007ffe49740000 - 0x00007ffe49752000 	C:\WINDOWS\SYSTEM32\kernel.appcore.dll
0x00007ffe32650000 - 0x00007ffe32660000 	C:\Program Files\Java\jdk-11.0.17\bin\verify.dll
0x00007ffe36ec0000 - 0x00007ffe370a4000 	C:\WINDOWS\SYSTEM32\DBGHELP.DLL
0x00007ffe334f0000 - 0x00007ffe33525000 	C:\WINDOWS\SYSTEM32\dbgcore.DLL
0x00007ffe4bae0000 - 0x00007ffe4bb62000 	C:\WINDOWS\System32\bcryptPrimitives.dll
0x00007ffe28300000 - 0x00007ffe28328000 	C:\Program Files\Java\jdk-11.0.17\bin\java.dll
0x00007ffe2c080000 - 0x00007ffe2c08a000 	C:\Program Files\Java\jdk-11.0.17\bin\jimage.dll
0x00007ffe2aca0000 - 0x00007ffe2acae000 	C:\Program Files\Java\jdk-11.0.17\bin\instrument.dll
0x00007ffe282e0000 - 0x00007ffe282f6000 	C:\Program Files\Java\jdk-11.0.17\bin\zip.dll
0x00007ffe4d2d0000 - 0x00007ffe4da14000 	C:\WINDOWS\System32\SHELL32.dll
0x00007ffe49940000 - 0x00007ffe4a0d2000 	C:\WINDOWS\SYSTEM32\windows.storage.dll
0x00007ffe4dc30000 - 0x00007ffe4df85000 	C:\WINDOWS\System32\combase.dll
0x00007ffe4b2e0000 - 0x00007ffe4b310000 	C:\WINDOWS\SYSTEM32\Wldp.dll
0x00007ffe4d180000 - 0x00007ffe4d22d000 	C:\WINDOWS\System32\SHCORE.dll
0x00007ffe4c3b0000 - 0x00007ffe4c405000 	C:\WINDOWS\System32\shlwapi.dll
0x00007ffe4b7c0000 - 0x00007ffe4b7df000 	C:\WINDOWS\SYSTEM32\profapi.dll
0x00007ffe23df0000 - 0x00007ffe23e09000 	C:\Program Files\Java\jdk-11.0.17\bin\net.dll
0x00007ffe38880000 - 0x00007ffe3898c000 	C:\WINDOWS\SYSTEM32\WINHTTP.dll
0x00007ffe4b040000 - 0x00007ffe4b0aa000 	C:\WINDOWS\system32\mswsock.dll
0x00007ffe22360000 - 0x00007ffe22372000 	C:\Program Files\Java\jdk-11.0.17\bin\nio.dll
0x00007ffe209a0000 - 0x00007ffe209ba000 	C:\Program Files\JetBrains\IntelliJ IDEA Community Edition 2021.2.2\bin\breakgen64.dll
0x0000027c3dfc0000 - 0x0000027c3dfc4000 	C:\Users\86138\.javacpp\cache\javacpp-1.5.7-windows-x86_64.jar\org\bytedeco\javacpp\windows-x86_64\api-ms-win-crt-locale-l1-1-0.dll
0x0000027c3dfd0000 - 0x0000027c3dfd5000 	C:\Users\86138\.javacpp\cache\javacpp-1.5.7-windows-x86_64.jar\org\bytedeco\javacpp\windows-x86_64\api-ms-win-crt-string-l1-1-0.dll
0x0000027c3dfe0000 - 0x0000027c3dfe5000 	C:\Users\86138\.javacpp\cache\javacpp-1.5.7-windows-x86_64.jar\org\bytedeco\javacpp\windows-x86_64\api-ms-win-crt-stdio-l1-1-0.dll
0x0000027c62fc0000 - 0x0000027c62fc6000 	C:\Users\86138\.javacpp\cache\javacpp-1.5.7-windows-x86_64.jar\org\bytedeco\javacpp\windows-x86_64\api-ms-win-crt-math-l1-1-0.dll
0x0000027c62fd0000 - 0x0000027c62fd4000 	C:\Users\86138\.javacpp\cache\javacpp-1.5.7-windows-x86_64.jar\org\bytedeco\javacpp\windows-x86_64\api-ms-win-crt-heap-l1-1-0.dll
0x0000027c62fe0000 - 0x0000027c62fe5000 	C:\Users\86138\.javacpp\cache\javacpp-1.5.7-windows-x86_64.jar\org\bytedeco\javacpp\windows-x86_64\api-ms-win-crt-runtime-l1-1-0.dll
0x0000027c62ff0000 - 0x0000027c62ff5000 	C:\Users\86138\.javacpp\cache\javacpp-1.5.7-windows-x86_64.jar\org\bytedeco\javacpp\windows-x86_64\api-ms-win-crt-convert-l1-1-0.dll
0x0000027c63000000 - 0x0000027c63004000 	C:\Users\86138\.javacpp\cache\javacpp-1.5.7-windows-x86_64.jar\org\bytedeco\javacpp\windows-x86_64\api-ms-win-crt-environment-l1-1-0.dll
0x0000027c63010000 - 0x0000027c63014000 	C:\Users\86138\.javacpp\cache\javacpp-1.5.7-windows-x86_64.jar\org\bytedeco\javacpp\windows-x86_64\api-ms-win-crt-time-l1-1-0.dll
0x0000027c63020000 - 0x0000027c63024000 	C:\Users\86138\.javacpp\cache\javacpp-1.5.7-windows-x86_64.jar\org\bytedeco\javacpp\windows-x86_64\api-ms-win-crt-filesystem-l1-1-0.dll
0x0000027c63030000 - 0x0000027c63034000 	C:\Users\86138\.javacpp\cache\javacpp-1.5.7-windows-x86_64.jar\org\bytedeco\javacpp\windows-x86_64\api-ms-win-crt-utility-l1-1-0.dll
0x0000027c63040000 - 0x0000027c63046000 	C:\Users\86138\.javacpp\cache\javacpp-1.5.7-windows-x86_64.jar\org\bytedeco\javacpp\windows-x86_64\api-ms-win-crt-multibyte-l1-1-0.dll
0x0000027c63050000 - 0x0000027c63054000 	C:\Users\86138\.javacpp\cache\javacpp-1.5.7-windows-x86_64.jar\org\bytedeco\javacpp\windows-x86_64\api-ms-win-crt-conio-l1-1-0.dll
0x0000027c63060000 - 0x0000027c63071000 	C:\Users\86138\.javacpp\cache\javacpp-1.5.7-windows-x86_64.jar\org\bytedeco\javacpp\windows-x86_64\api-ms-win-crt-private-l1-1-0.dll
0x0000027c63080000 - 0x0000027c63084000 	C:\Users\86138\.javacpp\cache\javacpp-1.5.7-windows-x86_64.jar\org\bytedeco\javacpp\windows-x86_64\api-ms-win-crt-process-l1-1-0.dll
0x0000027c63090000 - 0x0000027c63094000 	C:\Users\86138\.javacpp\cache\javacpp-1.5.7-windows-x86_64.jar\org\bytedeco\javacpp\windows-x86_64\api-ms-win-core-console-l1-2-0.dll
0x0000027c632a0000 - 0x0000027c632a4000 	C:\Users\86138\.javacpp\cache\javacpp-1.5.7-windows-x86_64.jar\org\bytedeco\javacpp\windows-x86_64\api-ms-win-core-string-l1-1-0.dll
0x0000027c632b0000 - 0x0000027c632b4000 	C:\Users\86138\.javacpp\cache\javacpp-1.5.7-windows-x86_64.jar\org\bytedeco\javacpp\windows-x86_64\api-ms-win-core-errorhandling-l1-1-0.dll
0x0000027c632c0000 - 0x0000027c632c4000 	C:\Users\86138\.javacpp\cache\javacpp-1.5.7-windows-x86_64.jar\org\bytedeco\javacpp\windows-x86_64\api-ms-win-core-timezone-l1-1-0.dll
0x0000027c632d0000 - 0x0000027c632d5000 	C:\Users\86138\.javacpp\cache\javacpp-1.5.7-windows-x86_64.jar\org\bytedeco\javacpp\windows-x86_64\api-ms-win-core-file-l1-1-0.dll
0x0000027c632e0000 - 0x0000027c632e4000 	C:\Users\86138\.javacpp\cache\javacpp-1.5.7-windows-x86_64.jar\org\bytedeco\javacpp\windows-x86_64\api-ms-win-core-namedpipe-l1-1-0.dll
0x0000027c632f0000 - 0x0000027c632f4000 	C:\Users\86138\.javacpp\cache\javacpp-1.5.7-windows-x86_64.jar\org\bytedeco\javacpp\windows-x86_64\api-ms-win-core-handle-l1-1-0.dll
0x0000027c63300000 - 0x0000027c63304000 	C:\Users\86138\.javacpp\cache\javacpp-1.5.7-windows-x86_64.jar\org\bytedeco\javacpp\windows-x86_64\api-ms-win-core-file-l2-1-0.dll
0x0000027c63310000 - 0x0000027c63314000 	C:\Users\86138\.javacpp\cache\javacpp-1.5.7-windows-x86_64.jar\org\bytedeco\javacpp\windows-x86_64\api-ms-win-core-heap-l1-1-0.dll
0x0000027c63320000 - 0x0000027c63324000 	C:\Users\86138\.javacpp\cache\javacpp-1.5.7-windows-x86_64.jar\org\bytedeco\javacpp\windows-x86_64\api-ms-win-core-libraryloader-l1-1-0.dll
0x0000027c63330000 - 0x0000027c63334000 	C:\Users\86138\.javacpp\cache\javacpp-1.5.7-windows-x86_64.jar\org\bytedeco\javacpp\windows-x86_64\api-ms-win-core-synch-l1-1-0.dll
0x0000027c63340000 - 0x0000027c63344000 	C:\Users\86138\.javacpp\cache\javacpp-1.5.7-windows-x86_64.jar\org\bytedeco\javacpp\windows-x86_64\api-ms-win-core-processthreads-l1-1-0.dll
0x0000027c63350000 - 0x0000027c63354000 	C:\Users\86138\.javacpp\cache\javacpp-1.5.7-windows-x86_64.jar\org\bytedeco\javacpp\windows-x86_64\api-ms-win-core-processenvironment-l1-1-0.dll
0x0000027c63360000 - 0x0000027c63364000 	C:\Users\86138\.javacpp\cache\javacpp-1.5.7-windows-x86_64.jar\org\bytedeco\javacpp\windows-x86_64\api-ms-win-core-datetime-l1-1-0.dll
0x0000027c63370000 - 0x0000027c63374000 	C:\Users\86138\.javacpp\cache\javacpp-1.5.7-windows-x86_64.jar\org\bytedeco\javacpp\windows-x86_64\api-ms-win-core-localization-l1-2-0.dll
0x0000027c63380000 - 0x0000027c63384000 	C:\Users\86138\.javacpp\cache\javacpp-1.5.7-windows-x86_64.jar\org\bytedeco\javacpp\windows-x86_64\api-ms-win-core-sysinfo-l1-1-0.dll
0x0000027c63390000 - 0x0000027c63394000 	C:\Users\86138\.javacpp\cache\javacpp-1.5.7-windows-x86_64.jar\org\bytedeco\javacpp\windows-x86_64\api-ms-win-core-synch-l1-2-0.dll
0x0000027c633a0000 - 0x0000027c633a4000 	C:\Users\86138\.javacpp\cache\javacpp-1.5.7-windows-x86_64.jar\org\bytedeco\javacpp\windows-x86_64\api-ms-win-core-console-l1-1-0.dll
0x0000027c633b0000 - 0x0000027c633b4000 	C:\Users\86138\.javacpp\cache\javacpp-1.5.7-windows-x86_64.jar\org\bytedeco\javacpp\windows-x86_64\api-ms-win-core-debug-l1-1-0.dll
0x0000027c633c0000 - 0x0000027c633c4000 	C:\Users\86138\.javacpp\cache\javacpp-1.5.7-windows-x86_64.jar\org\bytedeco\javacpp\windows-x86_64\api-ms-win-core-rtlsupport-l1-1-0.dll
0x0000027c633d0000 - 0x0000027c633d4000 	C:\Users\86138\.javacpp\cache\javacpp-1.5.7-windows-x86_64.jar\org\bytedeco\javacpp\windows-x86_64\api-ms-win-core-processthreads-l1-1-1.dll
0x0000027c633e0000 - 0x0000027c633e4000 	C:\Users\86138\.javacpp\cache\javacpp-1.5.7-windows-x86_64.jar\org\bytedeco\javacpp\windows-x86_64\api-ms-win-core-file-l1-2-0.dll
0x0000027c633f0000 - 0x0000027c633f4000 	C:\Users\86138\.javacpp\cache\javacpp-1.5.7-windows-x86_64.jar\org\bytedeco\javacpp\windows-x86_64\api-ms-win-core-profile-l1-1-0.dll
0x0000027c63400000 - 0x0000027c63404000 	C:\Users\86138\.javacpp\cache\javacpp-1.5.7-windows-x86_64.jar\org\bytedeco\javacpp\windows-x86_64\api-ms-win-core-memory-l1-1-0.dll
0x0000027c63410000 - 0x0000027c63414000 	C:\Users\86138\.javacpp\cache\javacpp-1.5.7-windows-x86_64.jar\org\bytedeco\javacpp\windows-x86_64\api-ms-win-core-util-l1-1-0.dll
0x0000027c63420000 - 0x0000027c63424000 	C:\Users\86138\.javacpp\cache\javacpp-1.5.7-windows-x86_64.jar\org\bytedeco\javacpp\windows-x86_64\api-ms-win-core-interlocked-l1-1-0.dll
0x00007ffdef580000 - 0x00007ffdef691000 	C:\Users\86138\.javacpp\cache\javacpp-1.5.7-windows-x86_64.jar\org\bytedeco\javacpp\windows-x86_64\ucrtbase.dll
0x00007ffe102b0000 - 0x00007ffe102cb000 	C:\Users\86138\.javacpp\cache\javacpp-1.5.7-windows-x86_64.jar\org\bytedeco\javacpp\windows-x86_64\vcruntime140.dll
0x00007ffe25e00000 - 0x00007ffe25e0c000 	C:\Users\86138\.javacpp\cache\javacpp-1.5.7-windows-x86_64.jar\org\bytedeco\javacpp\windows-x86_64\vcruntime140_1.dll
0x00007ffe0a210000 - 0x00007ffe0a29d000 	C:\Users\86138\.javacpp\cache\javacpp-1.5.7-windows-x86_64.jar\org\bytedeco\javacpp\windows-x86_64\msvcp140.dll
0x00007ffe24e00000 - 0x00007ffe24e09000 	C:\Users\86138\.javacpp\cache\javacpp-1.5.7-windows-x86_64.jar\org\bytedeco\javacpp\windows-x86_64\msvcp140_1.dll
0x00007ffe09f40000 - 0x00007ffe09f8e000 	C:\Users\86138\.javacpp\cache\javacpp-1.5.7-windows-x86_64.jar\org\bytedeco\javacpp\windows-x86_64\concrt140.dll
0x00007ffe09220000 - 0x00007ffe09251000 	C:\Users\86138\.javacpp\cache\javacpp-1.5.7-windows-x86_64.jar\org\bytedeco\javacpp\windows-x86_64\vcomp140.dll
0x00007ffe23e20000 - 0x00007ffe23e2e000 	C:\Users\86138\.javacpp\cache\javacpp-1.5.7-windows-x86_64.jar\org\bytedeco\javacpp\windows-x86_64\jnijavacpp.dll
0x00007ffdd5990000 - 0x00007ffdda02d000 	C:\Users\86138\.javacpp\cache\llvm-13.0.1-1.5.7-windows-x86_64.jar\org\bytedeco\llvm\windows-x86_64\LTO.dll
0x00007ffe04f00000 - 0x00007ffe04f3b000 	C:\Users\86138\.javacpp\cache\llvm-13.0.1-1.5.7-windows-x86_64.jar\org\bytedeco\llvm\windows-x86_64\Remarks.dll
0x00007ffdd0b20000 - 0x00007ffdd5370000 	C:\Users\86138\.javacpp\cache\llvm-13.0.1-1.5.7-windows-x86_64.jar\org\bytedeco\llvm\windows-x86_64\jniLLVM.dll
0x00007ffe4c590000 - 0x00007ffe4c6ba000 	C:\WINDOWS\System32\ole32.dll

dbghelp: loaded successfully - version: 4.0.5 - missing functions: none
symbol engine: initialized successfully - sym options: 0x614 - pdb path: .;C:\Program Files\Java\jdk-11.0.17\bin;C:\WINDOWS\SYSTEM32;C:\WINDOWS\WinSxS\amd64_microsoft.windows.common-controls_6595b64144ccf1df_6.0.19041.1110_none_60b5254171f9507e;C:\Program Files\Java\jdk-11.0.17\bin\server;C:\Program Files\JetBrains\IntelliJ IDEA Community Edition 2021.2.2\bin;C:\Users\86138\.javacpp\cache\javacpp-1.5.7-windows-x86_64.jar\org\bytedeco\javacpp\windows-x86_64;C:\Users\86138\.javacpp\cache\llvm-13.0.1-1.5.7-windows-x86_64.jar\org\bytedeco\llvm\windows-x86_64

VM Arguments:
jvm_args: -javaagent:C:\Program Files\JetBrains\IntelliJ IDEA Community Edition 2021.2.2\lib\idea_rt.jar=62552:C:\Program Files\JetBrains\IntelliJ IDEA Community Edition 2021.2.2\bin -Dfile.encoding=UTF-8 
java_command: Main C:\Users\86138\Desktop\20.04\lab6\src\test\test1.txt C:\Users\86138\Desktop\20.04\lab6\src\test\result.txt
java_class_path (initial): C:\Users\86138\Desktop\20.04\lab6\target\classes;C:\Users\86138\.m2\repository\org\bytedeco\llvm-platform\13.0.1-1.5.7\llvm-platform-13.0.1-1.5.7.jar;C:\Users\86138\.m2\repository\org\bytedeco\javacpp-platform\1.5.7\javacpp-platform-1.5.7.jar;C:\Users\86138\.m2\repository\org\bytedeco\javacpp\1.5.7\javacpp-1.5.7.jar;C:\Users\86138\.m2\repository\org\bytedeco\javacpp\1.5.7\javacpp-1.5.7-android-arm.jar;C:\Users\86138\.m2\repository\org\bytedeco\javacpp\1.5.7\javacpp-1.5.7-android-arm64.jar;C:\Users\86138\.m2\repository\org\bytedeco\javacpp\1.5.7\javacpp-1.5.7-android-x86.jar;C:\Users\86138\.m2\repository\org\bytedeco\javacpp\1.5.7\javacpp-1.5.7-android-x86_64.jar;C:\Users\86138\.m2\repository\org\bytedeco\javacpp\1.5.7\javacpp-1.5.7-ios-arm64.jar;C:\Users\86138\.m2\repository\org\bytedeco\javacpp\1.5.7\javacpp-1.5.7-ios-x86_64.jar;C:\Users\86138\.m2\repository\org\bytedeco\javacpp\1.5.7\javacpp-1.5.7-linux-armhf.jar;C:\Users\86138\.m2\repository\org\bytedeco\javacpp\1.5.7\javacpp-1.5.7-linux-arm64.jar;C:\Users\86138\.m2\repository\org\bytedeco\javacpp\1.5.7\javacpp-1.5.7-linux-ppc64le.jar;C:\Users\86138\.m2\repository\org\bytedeco\javacpp\1.5.7\javacpp-1.5.7-linux-x86.jar;C:\Users\86138\.m2\repository\org\bytedeco\javacpp\1.5.7\javacpp-1.5.7-linux-x86_64.jar;C:\Users\86138\.m2\repository\org\bytedeco\javacpp\1.5.7\javacpp-1.5.7-macosx-arm64.jar;C:\Users\86138\.m2\repository\org\bytedeco\javacpp\1.5.7\javacpp-1.5.7-macosx-x86_64.jar;C:\Users\86138\.m2\repository\org\bytedeco\javacpp\1.5.7\javacpp-1.5.7-windows-x86.jar;C:\Users\86138\.m2\repository\org\bytedeco\javacpp\1.5.7\javacpp-1.5.7-windows-x86_64.jar;C:\Users\86138\.m2\repository\org\bytedeco\llvm\13.0.1-1.5.7\llvm-13.0.1-1.5.7.jar;C:\Users\86138\.m2\repository\org\bytedeco\llvm\13.0.1-1.5.7\llvm-13.0.1-1.5.7-linux-x86.jar;C:\Users\86138\.m2\repository\org\bytedeco\llvm\13.0.1-1.5.7\llvm-13.0.1-1.5.7-linux-x86_64.jar;C:\Users\86138\.m2\repository\org\bytedeco\llvm\13.0.1-1.5.7\llvm-1
Launcher Type: SUN_STANDARD

[Global flags]
     intx CICompilerCount                          = 4                                         {product} {ergonomic}
     uint ConcGCThreads                            = 3                                         {product} {ergonomic}
     uint G1ConcRefinementThreads                  = 10                                        {product} {ergonomic}
   size_t G1HeapRegionSize                         = 1048576                                   {product} {ergonomic}
    uintx GCDrainStackTargetSize                   = 64                                        {product} {ergonomic}
   size_t InitialHeapSize                          = 257949696                                 {product} {ergonomic}
   size_t MarkStackSize                            = 4194304                                   {product} {ergonomic}
   size_t MaxHeapSize                              = 4125097984                                {product} {ergonomic}
   size_t MaxNewSize                               = 2474639360                                {product} {ergonomic}
   size_t MinHeapDeltaBytes                        = 1048576                                   {product} {ergonomic}
    uintx NonNMethodCodeHeapSize                   = 5836300                                {pd product} {ergonomic}
    uintx NonProfiledCodeHeapSize                  = 122910970                              {pd product} {ergonomic}
    uintx ProfiledCodeHeapSize                     = 122910970                              {pd product} {ergonomic}
    uintx ReservedCodeCacheSize                    = 251658240                              {pd product} {ergonomic}
     bool SegmentedCodeCache                       = true                                      {product} {ergonomic}
     bool UseCompressedClassPointers               = true                                 {lp64_product} {ergonomic}
     bool UseCompressedOops                        = true                                 {lp64_product} {ergonomic}
     bool UseG1GC                                  = true                                      {product} {ergonomic}
     bool UseLargePagesIndividualAllocation        = false                                  {pd product} {ergonomic}

Logging:
Log output configuration:
 #0: stdout all=warning uptime,level,tags
 #1: stderr all=off uptime,level,tags

Environment Variables:
JAVA_HOME=C:\Program Files\Java\jdk-11.0.17
CLASSPATH=.;C:\Program Files (x86)\scala\bin;C:\Program Files\Java\jdk-11.0.17\lib;C:\Program Files\Java\jdk-11.0.17\lib\tools.jar
PATH=;C:\Program Files (x86)\scala\bin;C:\Program Files\PlasticSCM5\server;C:\Program Files\PlasticSCM5\client;C:\Program Files\Java\jdk-11.0.17\bin;C:\Program Files\Java\jdk-11.0.17\jre\bin;C:\Program Files\Common Files\Oracle\Java\javapath;C:\Program Files (x86)\Common Files\Oracle\Java\javapath;C:\windows\system32;C:\windows;C:\windows\System32\Wbem;C:\windows\System32\WindowsPowerShell\v1.0\;C:\windows\System32\OpenSSH\;C:\Program Files\NVIDIA Corporation\NVIDIA NvDLISR;C:\WINDOWS\system32;C:\WINDOWS;C:\WINDOWS\System32\Wbem;C:\WINDOWS\System32\WindowsPowerShell\v1.0\;C:\WINDOWS\System32\OpenSSH\;C:\Program Files\Git\cmd;C:\Program Files\Microsoft SQL Server\150\Tools\Binn\;C:\Program Files\Microsoft SQL Server\Client SDK\ODBC\170\Tools\Binn\;C:\Program Files\dotnet\;C:\Program Files\nodejs\;C:\Users\86138\Desktop\nodejs;C:\Program Files (x86)\Tencent\web\dll;C:\Program Files (x86)\NVIDIA Corporation\PhysX\Common;C:\Users\86138\Desktop\gradle-7.4.2\bin;C:\Program Files (x86)\scala\bin;C:\Program Files\NVIDIA Corporation\Nsight Compute 2022.3.0\;C:\ProgramData\Anaconda3;C:\ProgramData\Anaconda3\Scripts;C:\ProgramData\Anaconda3\Library\bin;C:\MinGW\bin;C:\ProgramData\Anaconda3\Library\mingw-w64\bin;C:\ProgramData\Anaconda3\Library\mingw-w64\x86_64-w64-mingw32\lib;C:\Users\86138\AppData\Roaming\Python\Scripts;C:\Program Files\maven\apache-maven-3.8.6\bin;C:\Program Files\MySQL\MySQL Shell 8.0\bin\;C:\Users\86138\AppData\Local\Programs\Python\Python310\Scripts\;C:\Users\86138\AppData\Local\Programs\Python\Python310\;C:\Users\86138\AppData\Local\Packages\PythonSoftwareFoundation.Python.3.9_qbz5n2kfra8p0\LocalCache\local-packages\Python39\Scripts;C:\Users\86138\.dotnet\tools;C:\Users\86138\AppData\Local\Programs\Microsoft VS Code\bin;C:\Users\86138\AppData\Roaming\npm;C:\Users\86138\AppData\Local\Programs\Fiddler
USERNAME=86138
OS=Windows_NT
PROCESSOR_IDENTIFIER=AMD64 Family 23 Model 96 Stepping 1, AuthenticAMD



---------------  S Y S T E M  ---------------

OS: Windows 10 , 64 bit Build 19041 (10.0.19041.2364)

CPU:total 12 (initial active 12) (12 cores per cpu, 2 threads per core) family 23 model 96 stepping 1 microcode 0x0, cmov, cx8, fxsr, mmx, sse, sse2, sse3, ssse3, sse4.1, sse4.2, popcnt, avx, avx2, aes, clmul, mmxext, 3dnowpref, lzcnt, sse4a, ht, tsc, tscinvbit, tscinv, bmi1, bmi2, adx, 

Memory: 4k page, system-wide physical 15733M (6371M free)
TotalPageFile size 25461M (AvailPageFile size 11875M)
current process WorkingSet (physical memory assigned to process): 121M, peak: 121M
current process commit charge ("private bytes"): 363M, peak: 363M

vm_info: Java HotSpot(TM) 64-Bit Server VM (11.0.17+10-LTS-269) for windows-amd64 JRE (11.0.17+10-LTS-269), built on Sep 13 2022 19:26:37 by "mach5one" with MS VC++ 15.9 (VS2017)

END.
