#
# A fatal error has been detected by the Java Runtime Environment:
#
#  EXCEPTION_ACCESS_VIOLATION (0xc0000005) at pc=0x00007ffb6fbbc341, pid=11040, tid=4316
#
# JRE version: Java(TM) SE Runtime Environment 18.9 (11.0.17+10) (build 11.0.17+10-LTS-269)
# Java VM: Java HotSpot(TM) 64-Bit Server VM 18.9 (11.0.17+10-LTS-269, mixed mode, tiered, compressed oops, g1 gc, windows-amd64)
# Problematic frame:
# C  [jniLLVM.dll+0xeac341]
#
# No core dump will be written. Minidumps are not enabled by default on client versions of Windows
#
# If you would like to submit a bug report, please visit:
#   https://bugreport.java.com/bugreport/crash.jsp
# The crash happened outside the Java Virtual Machine in native code.
# See problematic frame for where to report the bug.
#

---------------  S U M M A R Y ------------

Command Line: -agentlib:jdwp=transport=dt_socket,address=127.0.0.1:54104,suspend=y,server=n -javaagent:C:\Users\86138\Desktop\ideaCache\.IdeaIC\system\captureAgent\debugger-agent.jar -Dfile.encoding=UTF-8 Main C:\Users\86138\Desktop\20.04\lab6\src\test\test1.txt C:\Users\86138\Desktop\20.04\lab6\src\test\result.txt

Host: AMD Ryzen 5 4600H with Radeon Graphics         , 12 cores, 15G,  Windows 10 , 64 bit Build 19041 (10.0.19041.2364)
Time: Thu Jan 12 11:19:20 2023  Windows 10 , 64 bit Build 19041 (10.0.19041.2364) elapsed time: 45.993107 seconds (0d 0h 0m 45s)

---------------  T H R E A D  ---------------

Current thread (0x000001c44d660800):  JavaThread "main" [_thread_in_native, id=4316, stack(0x0000001c2da00000,0x0000001c2db00000)]

Stack: [0x0000001c2da00000,0x0000001c2db00000],  sp=0x0000001c2dafe758,  free space=1017k
Native frames: (J=compiled Java code, j=interpreted, Vv=VM code, C=native code)
C  [jniLLVM.dll+0xeac341]

Java frames: (J=compiled Java code, j=interpreted, Vv=VM code)
j  org.bytedeco.llvm.global.LLVM.LLVMConstIntGetSExtValue(Lorg/bytedeco/llvm/LLVM/LLVMValueRef;)J+0
j  LLVMvisitor.visitLtCond(LSysYParser$LtCondContext;)Lorg/bytedeco/llvm/LLVM/LLVMValueRef;+22
j  LLVMvisitor.visitLtCond(LSysYParser$LtCondContext;)Ljava/lang/Object;+2
j  SysYParser$LtCondContext.accept(Lorg/antlr/v4/runtime/tree/ParseTreeVisitor;)Ljava/lang/Object;+12
j  org.antlr.v4.runtime.tree.AbstractParseTreeVisitor.visit(Lorg/antlr/v4/runtime/tree/ParseTree;)Ljava/lang/Object;+2
j  LLVMvisitor.visitIfelseStmt(LSysYParser$IfelseStmtContext;)Lorg/bytedeco/llvm/LLVM/LLVMValueRef;+5
j  LLVMvisitor.visitIfelseStmt(LSysYParser$IfelseStmtContext;)Ljava/lang/Object;+2
j  SysYParser$IfelseStmtContext.accept(Lorg/antlr/v4/runtime/tree/ParseTreeVisitor;)Ljava/lang/Object;+12
j  org.antlr.v4.runtime.tree.AbstractParseTreeVisitor.visitChildren(Lorg/antlr/v4/runtime/tree/RuleNode;)Ljava/lang/Object;+46
j  SysYParserBaseVisitor.visitBlockItem(LSysYParser$BlockItemContext;)Ljava/lang/Object;+2
j  SysYParser$BlockItemContext.accept(Lorg/antlr/v4/runtime/tree/ParseTreeVisitor;)Ljava/lang/Object;+12
j  org.antlr.v4.runtime.tree.AbstractParseTreeVisitor.visitChildren(Lorg/antlr/v4/runtime/tree/RuleNode;)Ljava/lang/Object;+46
j  SysYParserBaseVisitor.visitBlock(LSysYParser$BlockContext;)Ljava/lang/Object;+2
j  SysYParser$BlockContext.accept(Lorg/antlr/v4/runtime/tree/ParseTreeVisitor;)Ljava/lang/Object;+12
j  org.antlr.v4.runtime.tree.AbstractParseTreeVisitor.visit(Lorg/antlr/v4/runtime/tree/ParseTree;)Ljava/lang/Object;+2
j  LLVMvisitor.visitFuncDef(LSysYParser$FuncDefContext;)Lorg/bytedeco/llvm/LLVM/LLVMValueRef;+279
j  LLVMvisitor.visitFuncDef(LSysYParser$FuncDefContext;)Ljava/lang/Object;+2
j  SysYParser$FuncDefContext.accept(Lorg/antlr/v4/runtime/tree/ParseTreeVisitor;)Ljava/lang/Object;+12
j  org.antlr.v4.runtime.tree.AbstractParseTreeVisitor.visitChildren(Lorg/antlr/v4/runtime/tree/RuleNode;)Ljava/lang/Object;+46
j  SysYParserBaseVisitor.visitCompUnit(LSysYParser$CompUnitContext;)Ljava/lang/Object;+2
j  SysYParser$CompUnitContext.accept(Lorg/antlr/v4/runtime/tree/ParseTreeVisitor;)Ljava/lang/Object;+12
j  org.antlr.v4.runtime.tree.AbstractParseTreeVisitor.visitChildren(Lorg/antlr/v4/runtime/tree/RuleNode;)Ljava/lang/Object;+46
j  SysYParserBaseVisitor.visitProgram(LSysYParser$ProgramContext;)Ljava/lang/Object;+2
j  LLVMvisitor.visitProgram(LSysYParser$ProgramContext;)Lorg/bytedeco/llvm/LLVM/LLVMValueRef;+22
j  LLVMvisitor.visitProgram(LSysYParser$ProgramContext;)Ljava/lang/Object;+2
j  SysYParser$ProgramContext.accept(Lorg/antlr/v4/runtime/tree/ParseTreeVisitor;)Ljava/lang/Object;+12
j  org.antlr.v4.runtime.tree.AbstractParseTreeVisitor.visit(Lorg/antlr/v4/runtime/tree/ParseTree;)Ljava/lang/Object;+2
j  Main.main([Ljava/lang/String;)V+90
v  ~StubRoutines::call_stub

siginfo: EXCEPTION_ACCESS_VIOLATION (0xc0000005), reading address 0xffffffffffffffff


Register to memory mapping:

RIP=0x00007ffb6fbbc341 jniLLVM.dll
RAX=0x800013006cb84d06 is an unknown value
RBX={method} {0x000001c4728c2800} 'LLVMConstIntGetSExtValue' '(Lorg/bytedeco/llvm/LLVM/LLVMValueRef;)J' in 'org/bytedeco/llvm/global/LLVM'
RCX=0x000001c471b1e160 points into unknown readable memory: 0x000001c471c34700 | 00 47 c3 71 c4 01 00 00
RDX=0x000000006176614a is an unknown value
RSP=0x0000001c2dafe758 is pointing into the stack for thread: 0x000001c44d660800
RBP=0x0000001c2dafe7d0 is pointing into the stack for thread: 0x000001c44d660800
RSI=0x0 is NULL
RDI=0x000001c454d3c810 is at code_begin+6320 in an Interpreter codelet
invoke return entry points  [0x000001c454d3af60, 0x000001c454d3d020]  8384 bytes
R8 =0x0000000000000042 is an unknown value
R9 =0x00000008000b5838 is a pointer to class: 
org.bytedeco.llvm.LLVM.LLVMValueRef {0x00000008000b5840}
R10=0x000001c454d46093 is at code_begin+1971 in an Interpreter codelet
method entry point (kind = native)  [0x000001c454d458e0, 0x000001c454d46be0]  4864 bytes
R11=0x00000007170df3a8 is an oop: java.lang.Class 
{0x00000007170df3a8} - klass: 'java/lang/Class'
R12=0x0 is NULL
R13={method} {0x000001c4728c2800} 'LLVMConstIntGetSExtValue' '(Lorg/bytedeco/llvm/LLVM/LLVMValueRef;)J' in 'org/bytedeco/llvm/global/LLVM'
R14=0x0000001c2dafe7f0 is pointing into the stack for thread: 0x000001c44d660800
R15=0x000001c44d660800 is a thread


Registers:
RAX=0x800013006cb84d06, RBX=0x000001c4728c27f8, RCX=0x000001c471b1e160, RDX=0x000000006176614a
RSP=0x0000001c2dafe758, RBP=0x0000001c2dafe7d0, RSI=0x0000000000000000, RDI=0x000001c454d3c810
R8 =0x0000000000000042, R9 =0x00000008000b5838, R10=0x000001c454d46093, R11=0x00000007170df3a8
R12=0x0000000000000000, R13=0x000001c4728c27f8, R14=0x0000001c2dafe7f0, R15=0x000001c44d660800
RIP=0x00007ffb6fbbc341, EFLAGS=0x0000000000010206

Top of Stack: (sp=0x0000001c2dafe758)
0x0000001c2dafe758:   000001c454d460c2 000001c4728c27f8
0x0000001c2dafe768:   0000001c2dafe7d0 0000000000000000
0x0000001c2dafe778:   0000001c2dafe778 000001c454d45996
0x0000001c2dafe788:   0000001c2dafe788 000001c4728c27f8
0x0000001c2dafe798:   0000001c2dafe7f0 000001c47290bfe0
0x0000001c2dafe7a8:   0000000000000000 00000007170df3a8
0x0000001c2dafe7b8:   000001c4728c27f8 0000000000000000
0x0000001c2dafe7c8:   0000001c2dafe7f0 0000001c2dafe840
0x0000001c2dafe7d8:   000001c454d3bece 00000007170df3a8
0x0000001c2dafe7e8:   000001c454d40fd7 0000000716810838
0x0000001c2dafe7f8:   0000001c2dafe7f8 000001c4708fe7d6
0x0000001c2dafe808:   0000001c2dafe888 000001c47091cb20
0x0000001c2dafe818:   0000000000000000 0000000717f033d0
0x0000001c2dafe828:   000001c4708fe8a8 0000001c2dafe7f0
0x0000001c2dafe838:   0000001c2dafe880 0000001c2dafe8d8
0x0000001c2dafe848:   000001c454d3c810 0000000000000000 

Instructions: (pc=0x00007ffb6fbbc341)
0x00007ffb6fbbc321:   51 20 48 8b c1 83 fa 40 77 12 48 8b 40 18 b9 40
0x00007ffb6fbbc331:   00 00 00 2b ca 48 d3 e0 48 d3 f8 c3 48 8b 41 18
0x00007ffb6fbbc341:   48 8b 00 c3 cc cc cc cc cc cc cc cc cc cc cc 40
0x00007ffb6fbbc351:   53 48 83 ec 40 8b c2 48 8b d9 8b 51 08 48 8d 4c 


Stack slot to memory mapping:
stack at sp + 0 slots: 0x000001c454d460c2 is at code_begin+2018 in an Interpreter codelet
method entry point (kind = native)  [0x000001c454d458e0, 0x000001c454d46be0]  4864 bytes
stack at sp + 1 slots: {method} {0x000001c4728c2800} 'LLVMConstIntGetSExtValue' '(Lorg/bytedeco/llvm/LLVM/LLVMValueRef;)J' in 'org/bytedeco/llvm/global/LLVM'
stack at sp + 2 slots: 0x0000001c2dafe7d0 is pointing into the stack for thread: 0x000001c44d660800
stack at sp + 3 slots: 0x0 is NULL
stack at sp + 4 slots: 0x0000001c2dafe778 is pointing into the stack for thread: 0x000001c44d660800
stack at sp + 5 slots: 0x000001c454d45996 is at code_begin+182 in an Interpreter codelet
method entry point (kind = native)  [0x000001c454d458e0, 0x000001c454d46be0]  4864 bytes
stack at sp + 6 slots: 0x0000001c2dafe788 is pointing into the stack for thread: 0x000001c44d660800
stack at sp + 7 slots: {method} {0x000001c4728c2800} 'LLVMConstIntGetSExtValue' '(Lorg/bytedeco/llvm/LLVM/LLVMValueRef;)J' in 'org/bytedeco/llvm/global/LLVM'


---------------  P R O C E S S  ---------------

Threads class SMR info:
_java_thread_list=0x000001c472592dc0, length=12, elements={
0x000001c44d660800, 0x000001c47021a800, 0x000001c470223000, 0x000001c470b0e000,
0x000001c470b10800, 0x000001c470b11800, 0x000001c470b19000, 0x000001c470b1c000,
0x000001c470b2f000, 0x000001c470c96800, 0x000001c470e2b800, 0x000001c470c97000
}

Java Threads: ( => current thread )
=>0x000001c44d660800 JavaThread "main" [_thread_in_native, id=4316, stack(0x0000001c2da00000,0x0000001c2db00000)]
  0x000001c47021a800 JavaThread "Reference Handler" daemon [_thread_blocked, id=436, stack(0x0000001c2e100000,0x0000001c2e200000)]
  0x000001c470223000 JavaThread "Finalizer" daemon [_thread_blocked, id=9452, stack(0x0000001c2e200000,0x0000001c2e300000)]
  0x000001c470b0e000 JavaThread "Signal Dispatcher" daemon [_thread_blocked, id=2896, stack(0x0000001c2e300000,0x0000001c2e400000)]
  0x000001c470b10800 JavaThread "Attach Listener" daemon [_thread_blocked, id=18200, stack(0x0000001c2e400000,0x0000001c2e500000)]
  0x000001c470b11800 JavaThread "Service Thread" daemon [_thread_blocked, id=8304, stack(0x0000001c2e500000,0x0000001c2e600000)]
  0x000001c470b19000 JavaThread "C2 CompilerThread0" daemon [_thread_blocked, id=13768, stack(0x0000001c2e600000,0x0000001c2e700000)]
  0x000001c470b1c000 JavaThread "C1 CompilerThread0" daemon [_thread_blocked, id=18148, stack(0x0000001c2e700000,0x0000001c2e800000)]
  0x000001c470b2f000 JavaThread "Sweeper thread" daemon [_thread_blocked, id=11240, stack(0x0000001c2e800000,0x0000001c2e900000)]
  0x000001c470c96800 JavaThread "Common-Cleaner" daemon [_thread_blocked, id=2776, stack(0x0000001c2e900000,0x0000001c2ea00000)]
  0x000001c470e2b800 JavaThread "JDWP Event Helper Thread" daemon [_thread_blocked, id=7332, stack(0x0000001c2ec00000,0x0000001c2ed00000)]
  0x000001c470c97000 JavaThread "JavaCPP Deallocator" daemon [_thread_blocked, id=17548, stack(0x0000001c2ef00000,0x0000001c2f000000)]

Other Threads:
  0x000001c4701f3800 VMThread "VM Thread" [stack: 0x0000001c2e000000,0x0000001c2e100000] [id=9984]
  0x000001c47106f000 WatcherThread [stack: 0x0000001c2ee00000,0x0000001c2ef00000] [id=15220]
  0x000001c44d674000 GCTaskThread "GC Thread#0" [stack: 0x0000001c2db00000,0x0000001c2dc00000] [id=11580]
  0x000001c471626000 GCTaskThread "GC Thread#1" [stack: 0x0000001c2f000000,0x0000001c2f100000] [id=18232]
  0x000001c471627000 GCTaskThread "GC Thread#2" [stack: 0x0000001c2f100000,0x0000001c2f200000] [id=8544]
  0x000001c4714b5800 GCTaskThread "GC Thread#3" [stack: 0x0000001c2f200000,0x0000001c2f300000] [id=3260]
  0x000001c4714ba000 GCTaskThread "GC Thread#4" [stack: 0x0000001c2f300000,0x0000001c2f400000] [id=3976]
  0x000001c44d6ce800 ConcurrentGCThread "G1 Main Marker" [stack: 0x0000001c2dc00000,0x0000001c2dd00000] [id=17784]
  0x000001c44d6d0000 ConcurrentGCThread "G1 Conc#0" [stack: 0x0000001c2dd00000,0x0000001c2de00000] [id=13988]
  0x000001c4700d6800 ConcurrentGCThread "G1 Refine#0" [stack: 0x0000001c2de00000,0x0000001c2df00000] [id=9084]
  0x000001c4700da800 ConcurrentGCThread "G1 Young RemSet Sampling" [stack: 0x0000001c2df00000,0x0000001c2e000000] [id=9460]

Threads with active compile tasks:

VM state:not at safepoint (normal execution)

VM Mutex/Monitor currently owned by a thread: None

Heap address: 0x000000070a200000, size: 3934 MB, Compressed Oops mode: Zero based, Oop shift amount: 3
Narrow klass base: 0x0000000800000000, Narrow klass shift: 0
Compressed class space size: 1073741824 Address: 0x0000000800000000

Heap:
 garbage-first heap   total 251904K, used 50401K [0x000000070a200000, 0x0000000800000000)
  region size 1024K, 48 young (49152K), 3 survivors (3072K)
 Metaspace       used 10135K, capacity 10335K, committed 10496K, reserved 1058816K
  class space    used 970K, capacity 1022K, committed 1024K, reserved 1048576K
Heap Regions: E=young(eden), S=young(survivor), O=old, HS=humongous(starts), HC=humongous(continues), CS=collection set, F=free, A=archive, TAMS=top-at-mark-start (previous, next)
|   0|0x000000070a200000, 0x000000070a300000, 0x000000070a300000|100%| O|  |TAMS 0x000000070a200000, 0x000000070a200000| Untracked 
|   1|0x000000070a300000, 0x000000070a400000, 0x000000070a400000|100%| O|  |TAMS 0x000000070a300000, 0x000000070a300000| Untracked 
|   2|0x000000070a400000, 0x000000070a500000, 0x000000070a500000|100%| O|  |TAMS 0x000000070a400000, 0x000000070a400000| Untracked 
|   3|0x000000070a500000, 0x000000070a538400, 0x000000070a600000| 21%| O|  |TAMS 0x000000070a500000, 0x000000070a500000| Untracked 
|   4|0x000000070a600000, 0x000000070a600000, 0x000000070a700000|  0%| F|  |TAMS 0x000000070a600000, 0x000000070a600000| Untracked 
|   5|0x000000070a700000, 0x000000070a700000, 0x000000070a800000|  0%| F|  |TAMS 0x000000070a700000, 0x000000070a700000| Untracked 
|   6|0x000000070a800000, 0x000000070a800000, 0x000000070a900000|  0%| F|  |TAMS 0x000000070a800000, 0x000000070a800000| Untracked 
|   7|0x000000070a900000, 0x000000070a900000, 0x000000070aa00000|  0%| F|  |TAMS 0x000000070a900000, 0x000000070a900000| Untracked 
|   8|0x000000070aa00000, 0x000000070aa00000, 0x000000070ab00000|  0%| F|  |TAMS 0x000000070aa00000, 0x000000070aa00000| Untracked 
|   9|0x000000070ab00000, 0x000000070ab00000, 0x000000070ac00000|  0%| F|  |TAMS 0x000000070ab00000, 0x000000070ab00000| Untracked 
|  10|0x000000070ac00000, 0x000000070ac00000, 0x000000070ad00000|  0%| F|  |TAMS 0x000000070ac00000, 0x000000070ac00000| Untracked 
|  11|0x000000070ad00000, 0x000000070ad00000, 0x000000070ae00000|  0%| F|  |TAMS 0x000000070ad00000, 0x000000070ad00000| Untracked 
|  12|0x000000070ae00000, 0x000000070ae00000, 0x000000070af00000|  0%| F|  |TAMS 0x000000070ae00000, 0x000000070ae00000| Untracked 
|  13|0x000000070af00000, 0x000000070af00000, 0x000000070b000000|  0%| F|  |TAMS 0x000000070af00000, 0x000000070af00000| Untracked 
|  14|0x000000070b000000, 0x000000070b000000, 0x000000070b100000|  0%| F|  |TAMS 0x000000070b000000, 0x000000070b000000| Untracked 
|  15|0x000000070b100000, 0x000000070b100000, 0x000000070b200000|  0%| F|  |TAMS 0x000000070b100000, 0x000000070b100000| Untracked 
|  16|0x000000070b200000, 0x000000070b200000, 0x000000070b300000|  0%| F|  |TAMS 0x000000070b200000, 0x000000070b200000| Untracked 
|  17|0x000000070b300000, 0x000000070b300000, 0x000000070b400000|  0%| F|  |TAMS 0x000000070b300000, 0x000000070b300000| Untracked 
|  18|0x000000070b400000, 0x000000070b400000, 0x000000070b500000|  0%| F|  |TAMS 0x000000070b400000, 0x000000070b400000| Untracked 
|  19|0x000000070b500000, 0x000000070b500000, 0x000000070b600000|  0%| F|  |TAMS 0x000000070b500000, 0x000000070b500000| Untracked 
|  20|0x000000070b600000, 0x000000070b600000, 0x000000070b700000|  0%| F|  |TAMS 0x000000070b600000, 0x000000070b600000| Untracked 
|  21|0x000000070b700000, 0x000000070b700000, 0x000000070b800000|  0%| F|  |TAMS 0x000000070b700000, 0x000000070b700000| Untracked 
|  22|0x000000070b800000, 0x000000070b800000, 0x000000070b900000|  0%| F|  |TAMS 0x000000070b800000, 0x000000070b800000| Untracked 
|  23|0x000000070b900000, 0x000000070b900000, 0x000000070ba00000|  0%| F|  |TAMS 0x000000070b900000, 0x000000070b900000| Untracked 
|  24|0x000000070ba00000, 0x000000070ba00000, 0x000000070bb00000|  0%| F|  |TAMS 0x000000070ba00000, 0x000000070ba00000| Untracked 
|  25|0x000000070bb00000, 0x000000070bb00000, 0x000000070bc00000|  0%| F|  |TAMS 0x000000070bb00000, 0x000000070bb00000| Untracked 
|  26|0x000000070bc00000, 0x000000070bc00000, 0x000000070bd00000|  0%| F|  |TAMS 0x000000070bc00000, 0x000000070bc00000| Untracked 
|  27|0x000000070bd00000, 0x000000070bd00000, 0x000000070be00000|  0%| F|  |TAMS 0x000000070bd00000, 0x000000070bd00000| Untracked 
|  28|0x000000070be00000, 0x000000070be00000, 0x000000070bf00000|  0%| F|  |TAMS 0x000000070be00000, 0x000000070be00000| Untracked 
|  29|0x000000070bf00000, 0x000000070bf00000, 0x000000070c000000|  0%| F|  |TAMS 0x000000070bf00000, 0x000000070bf00000| Untracked 
|  30|0x000000070c000000, 0x000000070c000000, 0x000000070c100000|  0%| F|  |TAMS 0x000000070c000000, 0x000000070c000000| Untracked 
|  31|0x000000070c100000, 0x000000070c100000, 0x000000070c200000|  0%| F|  |TAMS 0x000000070c100000, 0x000000070c100000| Untracked 
|  32|0x000000070c200000, 0x000000070c200000, 0x000000070c300000|  0%| F|  |TAMS 0x000000070c200000, 0x000000070c200000| Untracked 
|  33|0x000000070c300000, 0x000000070c300000, 0x000000070c400000|  0%| F|  |TAMS 0x000000070c300000, 0x000000070c300000| Untracked 
|  34|0x000000070c400000, 0x000000070c400000, 0x000000070c500000|  0%| F|  |TAMS 0x000000070c400000, 0x000000070c400000| Untracked 
|  35|0x000000070c500000, 0x000000070c500000, 0x000000070c600000|  0%| F|  |TAMS 0x000000070c500000, 0x000000070c500000| Untracked 
|  36|0x000000070c600000, 0x000000070c600000, 0x000000070c700000|  0%| F|  |TAMS 0x000000070c600000, 0x000000070c600000| Untracked 
|  37|0x000000070c700000, 0x000000070c700000, 0x000000070c800000|  0%| F|  |TAMS 0x000000070c700000, 0x000000070c700000| Untracked 
|  38|0x000000070c800000, 0x000000070c800000, 0x000000070c900000|  0%| F|  |TAMS 0x000000070c800000, 0x000000070c800000| Untracked 
|  39|0x000000070c900000, 0x000000070c900000, 0x000000070ca00000|  0%| F|  |TAMS 0x000000070c900000, 0x000000070c900000| Untracked 
|  40|0x000000070ca00000, 0x000000070ca00000, 0x000000070cb00000|  0%| F|  |TAMS 0x000000070ca00000, 0x000000070ca00000| Untracked 
|  41|0x000000070cb00000, 0x000000070cb00000, 0x000000070cc00000|  0%| F|  |TAMS 0x000000070cb00000, 0x000000070cb00000| Untracked 
|  42|0x000000070cc00000, 0x000000070cc00000, 0x000000070cd00000|  0%| F|  |TAMS 0x000000070cc00000, 0x000000070cc00000| Untracked 
|  43|0x000000070cd00000, 0x000000070cd00000, 0x000000070ce00000|  0%| F|  |TAMS 0x000000070cd00000, 0x000000070cd00000| Untracked 
|  44|0x000000070ce00000, 0x000000070ce00000, 0x000000070cf00000|  0%| F|  |TAMS 0x000000070ce00000, 0x000000070ce00000| Untracked 
|  45|0x000000070cf00000, 0x000000070cf00000, 0x000000070d000000|  0%| F|  |TAMS 0x000000070cf00000, 0x000000070cf00000| Untracked 
|  46|0x000000070d000000, 0x000000070d000000, 0x000000070d100000|  0%| F|  |TAMS 0x000000070d000000, 0x000000070d000000| Untracked 
|  47|0x000000070d100000, 0x000000070d100000, 0x000000070d200000|  0%| F|  |TAMS 0x000000070d100000, 0x000000070d100000| Untracked 
|  48|0x000000070d200000, 0x000000070d200000, 0x000000070d300000|  0%| F|  |TAMS 0x000000070d200000, 0x000000070d200000| Untracked 
|  49|0x000000070d300000, 0x000000070d300000, 0x000000070d400000|  0%| F|  |TAMS 0x000000070d300000, 0x000000070d300000| Untracked 
|  50|0x000000070d400000, 0x000000070d400000, 0x000000070d500000|  0%| F|  |TAMS 0x000000070d400000, 0x000000070d400000| Untracked 
|  51|0x000000070d500000, 0x000000070d500000, 0x000000070d600000|  0%| F|  |TAMS 0x000000070d500000, 0x000000070d500000| Untracked 
|  52|0x000000070d600000, 0x000000070d600000, 0x000000070d700000|  0%| F|  |TAMS 0x000000070d600000, 0x000000070d600000| Untracked 
|  53|0x000000070d700000, 0x000000070d700000, 0x000000070d800000|  0%| F|  |TAMS 0x000000070d700000, 0x000000070d700000| Untracked 
|  54|0x000000070d800000, 0x000000070d800000, 0x000000070d900000|  0%| F|  |TAMS 0x000000070d800000, 0x000000070d800000| Untracked 
|  55|0x000000070d900000, 0x000000070d900000, 0x000000070da00000|  0%| F|  |TAMS 0x000000070d900000, 0x000000070d900000| Untracked 
|  56|0x000000070da00000, 0x000000070da00000, 0x000000070db00000|  0%| F|  |TAMS 0x000000070da00000, 0x000000070da00000| Untracked 
|  57|0x000000070db00000, 0x000000070db00000, 0x000000070dc00000|  0%| F|  |TAMS 0x000000070db00000, 0x000000070db00000| Untracked 
|  58|0x000000070dc00000, 0x000000070dc00000, 0x000000070dd00000|  0%| F|  |TAMS 0x000000070dc00000, 0x000000070dc00000| Untracked 
|  59|0x000000070dd00000, 0x000000070dd00000, 0x000000070de00000|  0%| F|  |TAMS 0x000000070dd00000, 0x000000070dd00000| Untracked 
|  60|0x000000070de00000, 0x000000070de00000, 0x000000070df00000|  0%| F|  |TAMS 0x000000070de00000, 0x000000070de00000| Untracked 
|  61|0x000000070df00000, 0x000000070df00000, 0x000000070e000000|  0%| F|  |TAMS 0x000000070df00000, 0x000000070df00000| Untracked 
|  62|0x000000070e000000, 0x000000070e000000, 0x000000070e100000|  0%| F|  |TAMS 0x000000070e000000, 0x000000070e000000| Untracked 
|  63|0x000000070e100000, 0x000000070e100000, 0x000000070e200000|  0%| F|  |TAMS 0x000000070e100000, 0x000000070e100000| Untracked 
|  64|0x000000070e200000, 0x000000070e200000, 0x000000070e300000|  0%| F|  |TAMS 0x000000070e200000, 0x000000070e200000| Untracked 
|  65|0x000000070e300000, 0x000000070e300000, 0x000000070e400000|  0%| F|  |TAMS 0x000000070e300000, 0x000000070e300000| Untracked 
|  66|0x000000070e400000, 0x000000070e400000, 0x000000070e500000|  0%| F|  |TAMS 0x000000070e400000, 0x000000070e400000| Untracked 
|  67|0x000000070e500000, 0x000000070e500000, 0x000000070e600000|  0%| F|  |TAMS 0x000000070e500000, 0x000000070e500000| Untracked 
|  68|0x000000070e600000, 0x000000070e600000, 0x000000070e700000|  0%| F|  |TAMS 0x000000070e600000, 0x000000070e600000| Untracked 
|  69|0x000000070e700000, 0x000000070e700000, 0x000000070e800000|  0%| F|  |TAMS 0x000000070e700000, 0x000000070e700000| Untracked 
|  70|0x000000070e800000, 0x000000070e800000, 0x000000070e900000|  0%| F|  |TAMS 0x000000070e800000, 0x000000070e800000| Untracked 
|  71|0x000000070e900000, 0x000000070e900000, 0x000000070ea00000|  0%| F|  |TAMS 0x000000070e900000, 0x000000070e900000| Untracked 
|  72|0x000000070ea00000, 0x000000070ea00000, 0x000000070eb00000|  0%| F|  |TAMS 0x000000070ea00000, 0x000000070ea00000| Untracked 
|  73|0x000000070eb00000, 0x000000070eb00000, 0x000000070ec00000|  0%| F|  |TAMS 0x000000070eb00000, 0x000000070eb00000| Untracked 
|  74|0x000000070ec00000, 0x000000070ec00000, 0x000000070ed00000|  0%| F|  |TAMS 0x000000070ec00000, 0x000000070ec00000| Untracked 
|  75|0x000000070ed00000, 0x000000070ed00000, 0x000000070ee00000|  0%| F|  |TAMS 0x000000070ed00000, 0x000000070ed00000| Untracked 
|  76|0x000000070ee00000, 0x000000070ee00000, 0x000000070ef00000|  0%| F|  |TAMS 0x000000070ee00000, 0x000000070ee00000| Untracked 
|  77|0x000000070ef00000, 0x000000070ef00000, 0x000000070f000000|  0%| F|  |TAMS 0x000000070ef00000, 0x000000070ef00000| Untracked 
|  78|0x000000070f000000, 0x000000070f000000, 0x000000070f100000|  0%| F|  |TAMS 0x000000070f000000, 0x000000070f000000| Untracked 
|  79|0x000000070f100000, 0x000000070f100000, 0x000000070f200000|  0%| F|  |TAMS 0x000000070f100000, 0x000000070f100000| Untracked 
|  80|0x000000070f200000, 0x000000070f200000, 0x000000070f300000|  0%| F|  |TAMS 0x000000070f200000, 0x000000070f200000| Untracked 
|  81|0x000000070f300000, 0x000000070f300000, 0x000000070f400000|  0%| F|  |TAMS 0x000000070f300000, 0x000000070f300000| Untracked 
|  82|0x000000070f400000, 0x000000070f400000, 0x000000070f500000|  0%| F|  |TAMS 0x000000070f400000, 0x000000070f400000| Untracked 
|  83|0x000000070f500000, 0x000000070f500000, 0x000000070f600000|  0%| F|  |TAMS 0x000000070f500000, 0x000000070f500000| Untracked 
|  84|0x000000070f600000, 0x000000070f600000, 0x000000070f700000|  0%| F|  |TAMS 0x000000070f600000, 0x000000070f600000| Untracked 
|  85|0x000000070f700000, 0x000000070f700000, 0x000000070f800000|  0%| F|  |TAMS 0x000000070f700000, 0x000000070f700000| Untracked 
|  86|0x000000070f800000, 0x000000070f800000, 0x000000070f900000|  0%| F|  |TAMS 0x000000070f800000, 0x000000070f800000| Untracked 
|  87|0x000000070f900000, 0x000000070f900000, 0x000000070fa00000|  0%| F|  |TAMS 0x000000070f900000, 0x000000070f900000| Untracked 
|  88|0x000000070fa00000, 0x000000070fa00000, 0x000000070fb00000|  0%| F|  |TAMS 0x000000070fa00000, 0x000000070fa00000| Untracked 
|  89|0x000000070fb00000, 0x000000070fb00000, 0x000000070fc00000|  0%| F|  |TAMS 0x000000070fb00000, 0x000000070fb00000| Untracked 
|  90|0x000000070fc00000, 0x000000070fc00000, 0x000000070fd00000|  0%| F|  |TAMS 0x000000070fc00000, 0x000000070fc00000| Untracked 
|  91|0x000000070fd00000, 0x000000070fd00000, 0x000000070fe00000|  0%| F|  |TAMS 0x000000070fd00000, 0x000000070fd00000| Untracked 
|  92|0x000000070fe00000, 0x000000070fe00000, 0x000000070ff00000|  0%| F|  |TAMS 0x000000070fe00000, 0x000000070fe00000| Untracked 
|  93|0x000000070ff00000, 0x000000070ff00000, 0x0000000710000000|  0%| F|  |TAMS 0x000000070ff00000, 0x000000070ff00000| Untracked 
|  94|0x0000000710000000, 0x0000000710000000, 0x0000000710100000|  0%| F|  |TAMS 0x0000000710000000, 0x0000000710000000| Untracked 
|  95|0x0000000710100000, 0x0000000710100000, 0x0000000710200000|  0%| F|  |TAMS 0x0000000710100000, 0x0000000710100000| Untracked 
|  96|0x0000000710200000, 0x0000000710200000, 0x0000000710300000|  0%| F|  |TAMS 0x0000000710200000, 0x0000000710200000| Untracked 
|  97|0x0000000710300000, 0x0000000710300000, 0x0000000710400000|  0%| F|  |TAMS 0x0000000710300000, 0x0000000710300000| Untracked 
|  98|0x0000000710400000, 0x0000000710400000, 0x0000000710500000|  0%| F|  |TAMS 0x0000000710400000, 0x0000000710400000| Untracked 
|  99|0x0000000710500000, 0x0000000710500000, 0x0000000710600000|  0%| F|  |TAMS 0x0000000710500000, 0x0000000710500000| Untracked 
| 100|0x0000000710600000, 0x0000000710600000, 0x0000000710700000|  0%| F|  |TAMS 0x0000000710600000, 0x0000000710600000| Untracked 
| 101|0x0000000710700000, 0x0000000710700000, 0x0000000710800000|  0%| F|  |TAMS 0x0000000710700000, 0x0000000710700000| Untracked 
| 102|0x0000000710800000, 0x0000000710800000, 0x0000000710900000|  0%| F|  |TAMS 0x0000000710800000, 0x0000000710800000| Untracked 
| 103|0x0000000710900000, 0x0000000710900000, 0x0000000710a00000|  0%| F|  |TAMS 0x0000000710900000, 0x0000000710900000| Untracked 
| 104|0x0000000710a00000, 0x0000000710a00000, 0x0000000710b00000|  0%| F|  |TAMS 0x0000000710a00000, 0x0000000710a00000| Untracked 
| 105|0x0000000710b00000, 0x0000000710b00000, 0x0000000710c00000|  0%| F|  |TAMS 0x0000000710b00000, 0x0000000710b00000| Untracked 
| 106|0x0000000710c00000, 0x0000000710c00000, 0x0000000710d00000|  0%| F|  |TAMS 0x0000000710c00000, 0x0000000710c00000| Untracked 
| 107|0x0000000710d00000, 0x0000000710d00000, 0x0000000710e00000|  0%| F|  |TAMS 0x0000000710d00000, 0x0000000710d00000| Untracked 
| 108|0x0000000710e00000, 0x0000000710e00000, 0x0000000710f00000|  0%| F|  |TAMS 0x0000000710e00000, 0x0000000710e00000| Untracked 
| 109|0x0000000710f00000, 0x0000000710f00000, 0x0000000711000000|  0%| F|  |TAMS 0x0000000710f00000, 0x0000000710f00000| Untracked 
| 110|0x0000000711000000, 0x0000000711000000, 0x0000000711100000|  0%| F|  |TAMS 0x0000000711000000, 0x0000000711000000| Untracked 
| 111|0x0000000711100000, 0x0000000711100000, 0x0000000711200000|  0%| F|  |TAMS 0x0000000711100000, 0x0000000711100000| Untracked 
| 112|0x0000000711200000, 0x0000000711200000, 0x0000000711300000|  0%| F|  |TAMS 0x0000000711200000, 0x0000000711200000| Untracked 
| 113|0x0000000711300000, 0x0000000711300000, 0x0000000711400000|  0%| F|  |TAMS 0x0000000711300000, 0x0000000711300000| Untracked 
| 114|0x0000000711400000, 0x0000000711400000, 0x0000000711500000|  0%| F|  |TAMS 0x0000000711400000, 0x0000000711400000| Untracked 
| 115|0x0000000711500000, 0x0000000711500000, 0x0000000711600000|  0%| F|  |TAMS 0x0000000711500000, 0x0000000711500000| Untracked 
| 116|0x0000000711600000, 0x0000000711600000, 0x0000000711700000|  0%| F|  |TAMS 0x0000000711600000, 0x0000000711600000| Untracked 
| 117|0x0000000711700000, 0x0000000711700000, 0x0000000711800000|  0%| F|  |TAMS 0x0000000711700000, 0x0000000711700000| Untracked 
| 118|0x0000000711800000, 0x0000000711800000, 0x0000000711900000|  0%| F|  |TAMS 0x0000000711800000, 0x0000000711800000| Untracked 
| 119|0x0000000711900000, 0x0000000711900000, 0x0000000711a00000|  0%| F|  |TAMS 0x0000000711900000, 0x0000000711900000| Untracked 
| 120|0x0000000711a00000, 0x0000000711a00000, 0x0000000711b00000|  0%| F|  |TAMS 0x0000000711a00000, 0x0000000711a00000| Untracked 
| 121|0x0000000711b00000, 0x0000000711b00000, 0x0000000711c00000|  0%| F|  |TAMS 0x0000000711b00000, 0x0000000711b00000| Untracked 
| 122|0x0000000711c00000, 0x0000000711c00000, 0x0000000711d00000|  0%| F|  |TAMS 0x0000000711c00000, 0x0000000711c00000| Untracked 
| 123|0x0000000711d00000, 0x0000000711d00000, 0x0000000711e00000|  0%| F|  |TAMS 0x0000000711d00000, 0x0000000711d00000| Untracked 
| 124|0x0000000711e00000, 0x0000000711e00000, 0x0000000711f00000|  0%| F|  |TAMS 0x0000000711e00000, 0x0000000711e00000| Untracked 
| 125|0x0000000711f00000, 0x0000000711f00000, 0x0000000712000000|  0%| F|  |TAMS 0x0000000711f00000, 0x0000000711f00000| Untracked 
| 126|0x0000000712000000, 0x0000000712000000, 0x0000000712100000|  0%| F|  |TAMS 0x0000000712000000, 0x0000000712000000| Untracked 
| 127|0x0000000712100000, 0x0000000712100000, 0x0000000712200000|  0%| F|  |TAMS 0x0000000712100000, 0x0000000712100000| Untracked 
| 128|0x0000000712200000, 0x0000000712200000, 0x0000000712300000|  0%| F|  |TAMS 0x0000000712200000, 0x0000000712200000| Untracked 
| 129|0x0000000712300000, 0x0000000712300000, 0x0000000712400000|  0%| F|  |TAMS 0x0000000712300000, 0x0000000712300000| Untracked 
| 130|0x0000000712400000, 0x0000000712400000, 0x0000000712500000|  0%| F|  |TAMS 0x0000000712400000, 0x0000000712400000| Untracked 
| 131|0x0000000712500000, 0x0000000712500000, 0x0000000712600000|  0%| F|  |TAMS 0x0000000712500000, 0x0000000712500000| Untracked 
| 132|0x0000000712600000, 0x0000000712600000, 0x0000000712700000|  0%| F|  |TAMS 0x0000000712600000, 0x0000000712600000| Untracked 
| 133|0x0000000712700000, 0x0000000712700000, 0x0000000712800000|  0%| F|  |TAMS 0x0000000712700000, 0x0000000712700000| Untracked 
| 134|0x0000000712800000, 0x0000000712800000, 0x0000000712900000|  0%| F|  |TAMS 0x0000000712800000, 0x0000000712800000| Untracked 
| 135|0x0000000712900000, 0x0000000712900000, 0x0000000712a00000|  0%| F|  |TAMS 0x0000000712900000, 0x0000000712900000| Untracked 
| 136|0x0000000712a00000, 0x0000000712a00000, 0x0000000712b00000|  0%| F|  |TAMS 0x0000000712a00000, 0x0000000712a00000| Untracked 
| 137|0x0000000712b00000, 0x0000000712b00000, 0x0000000712c00000|  0%| F|  |TAMS 0x0000000712b00000, 0x0000000712b00000| Untracked 
| 138|0x0000000712c00000, 0x0000000712c00000, 0x0000000712d00000|  0%| F|  |TAMS 0x0000000712c00000, 0x0000000712c00000| Untracked 
| 139|0x0000000712d00000, 0x0000000712d00000, 0x0000000712e00000|  0%| F|  |TAMS 0x0000000712d00000, 0x0000000712d00000| Untracked 
| 140|0x0000000712e00000, 0x0000000712e00000, 0x0000000712f00000|  0%| F|  |TAMS 0x0000000712e00000, 0x0000000712e00000| Untracked 
| 141|0x0000000712f00000, 0x0000000712f00000, 0x0000000713000000|  0%| F|  |TAMS 0x0000000712f00000, 0x0000000712f00000| Untracked 
| 142|0x0000000713000000, 0x0000000713000000, 0x0000000713100000|  0%| F|  |TAMS 0x0000000713000000, 0x0000000713000000| Untracked 
| 143|0x0000000713100000, 0x0000000713100000, 0x0000000713200000|  0%| F|  |TAMS 0x0000000713100000, 0x0000000713100000| Untracked 
| 144|0x0000000713200000, 0x0000000713200000, 0x0000000713300000|  0%| F|  |TAMS 0x0000000713200000, 0x0000000713200000| Untracked 
| 145|0x0000000713300000, 0x0000000713300000, 0x0000000713400000|  0%| F|  |TAMS 0x0000000713300000, 0x0000000713300000| Untracked 
| 146|0x0000000713400000, 0x0000000713400000, 0x0000000713500000|  0%| F|  |TAMS 0x0000000713400000, 0x0000000713400000| Untracked 
| 147|0x0000000713500000, 0x0000000713500000, 0x0000000713600000|  0%| F|  |TAMS 0x0000000713500000, 0x0000000713500000| Untracked 
| 148|0x0000000713600000, 0x0000000713600000, 0x0000000713700000|  0%| F|  |TAMS 0x0000000713600000, 0x0000000713600000| Untracked 
| 149|0x0000000713700000, 0x0000000713700000, 0x0000000713800000|  0%| F|  |TAMS 0x0000000713700000, 0x0000000713700000| Untracked 
| 150|0x0000000713800000, 0x0000000713800000, 0x0000000713900000|  0%| F|  |TAMS 0x0000000713800000, 0x0000000713800000| Untracked 
| 151|0x0000000713900000, 0x0000000713900000, 0x0000000713a00000|  0%| F|  |TAMS 0x0000000713900000, 0x0000000713900000| Untracked 
| 152|0x0000000713a00000, 0x0000000713a00000, 0x0000000713b00000|  0%| F|  |TAMS 0x0000000713a00000, 0x0000000713a00000| Untracked 
| 153|0x0000000713b00000, 0x0000000713b00000, 0x0000000713c00000|  0%| F|  |TAMS 0x0000000713b00000, 0x0000000713b00000| Untracked 
| 154|0x0000000713c00000, 0x0000000713c00000, 0x0000000713d00000|  0%| F|  |TAMS 0x0000000713c00000, 0x0000000713c00000| Untracked 
| 155|0x0000000713d00000, 0x0000000713d00000, 0x0000000713e00000|  0%| F|  |TAMS 0x0000000713d00000, 0x0000000713d00000| Untracked 
| 156|0x0000000713e00000, 0x0000000713e00000, 0x0000000713f00000|  0%| F|  |TAMS 0x0000000713e00000, 0x0000000713e00000| Untracked 
| 157|0x0000000713f00000, 0x0000000713f00000, 0x0000000714000000|  0%| F|  |TAMS 0x0000000713f00000, 0x0000000713f00000| Untracked 
| 158|0x0000000714000000, 0x0000000714000000, 0x0000000714100000|  0%| F|  |TAMS 0x0000000714000000, 0x0000000714000000| Untracked 
| 159|0x0000000714100000, 0x0000000714100000, 0x0000000714200000|  0%| F|  |TAMS 0x0000000714100000, 0x0000000714100000| Untracked 
| 160|0x0000000714200000, 0x0000000714200000, 0x0000000714300000|  0%| F|  |TAMS 0x0000000714200000, 0x0000000714200000| Untracked 
| 161|0x0000000714300000, 0x0000000714300000, 0x0000000714400000|  0%| F|  |TAMS 0x0000000714300000, 0x0000000714300000| Untracked 
| 162|0x0000000714400000, 0x0000000714400000, 0x0000000714500000|  0%| F|  |TAMS 0x0000000714400000, 0x0000000714400000| Untracked 
| 163|0x0000000714500000, 0x0000000714500000, 0x0000000714600000|  0%| F|  |TAMS 0x0000000714500000, 0x0000000714500000| Untracked 
| 164|0x0000000714600000, 0x0000000714600000, 0x0000000714700000|  0%| F|  |TAMS 0x0000000714600000, 0x0000000714600000| Untracked 
| 165|0x0000000714700000, 0x0000000714700000, 0x0000000714800000|  0%| F|  |TAMS 0x0000000714700000, 0x0000000714700000| Untracked 
| 166|0x0000000714800000, 0x0000000714800000, 0x0000000714900000|  0%| F|  |TAMS 0x0000000714800000, 0x0000000714800000| Untracked 
| 167|0x0000000714900000, 0x0000000714900000, 0x0000000714a00000|  0%| F|  |TAMS 0x0000000714900000, 0x0000000714900000| Untracked 
| 168|0x0000000714a00000, 0x0000000714a00000, 0x0000000714b00000|  0%| F|  |TAMS 0x0000000714a00000, 0x0000000714a00000| Untracked 
| 169|0x0000000714b00000, 0x0000000714b00000, 0x0000000714c00000|  0%| F|  |TAMS 0x0000000714b00000, 0x0000000714b00000| Untracked 
| 170|0x0000000714c00000, 0x0000000714c00000, 0x0000000714d00000|  0%| F|  |TAMS 0x0000000714c00000, 0x0000000714c00000| Untracked 
| 171|0x0000000714d00000, 0x0000000714d00000, 0x0000000714e00000|  0%| F|  |TAMS 0x0000000714d00000, 0x0000000714d00000| Untracked 
| 172|0x0000000714e00000, 0x0000000714e00000, 0x0000000714f00000|  0%| F|  |TAMS 0x0000000714e00000, 0x0000000714e00000| Untracked 
| 173|0x0000000714f00000, 0x0000000714f00000, 0x0000000715000000|  0%| F|  |TAMS 0x0000000714f00000, 0x0000000714f00000| Untracked 
| 174|0x0000000715000000, 0x0000000715000000, 0x0000000715100000|  0%| F|  |TAMS 0x0000000715000000, 0x0000000715000000| Untracked 
| 175|0x0000000715100000, 0x0000000715100000, 0x0000000715200000|  0%| F|  |TAMS 0x0000000715100000, 0x0000000715100000| Untracked 
| 176|0x0000000715200000, 0x0000000715200000, 0x0000000715300000|  0%| F|  |TAMS 0x0000000715200000, 0x0000000715200000| Untracked 
| 177|0x0000000715300000, 0x0000000715300000, 0x0000000715400000|  0%| F|  |TAMS 0x0000000715300000, 0x0000000715300000| Untracked 
| 178|0x0000000715400000, 0x0000000715400000, 0x0000000715500000|  0%| F|  |TAMS 0x0000000715400000, 0x0000000715400000| Untracked 
| 179|0x0000000715500000, 0x0000000715500000, 0x0000000715600000|  0%| F|  |TAMS 0x0000000715500000, 0x0000000715500000| Untracked 
| 180|0x0000000715600000, 0x0000000715600000, 0x0000000715700000|  0%| F|  |TAMS 0x0000000715600000, 0x0000000715600000| Untracked 
| 181|0x0000000715700000, 0x0000000715700000, 0x0000000715800000|  0%| F|  |TAMS 0x0000000715700000, 0x0000000715700000| Untracked 
| 182|0x0000000715800000, 0x0000000715800000, 0x0000000715900000|  0%| F|  |TAMS 0x0000000715800000, 0x0000000715800000| Untracked 
| 183|0x0000000715900000, 0x0000000715900000, 0x0000000715a00000|  0%| F|  |TAMS 0x0000000715900000, 0x0000000715900000| Untracked 
| 184|0x0000000715a00000, 0x0000000715a00000, 0x0000000715b00000|  0%| F|  |TAMS 0x0000000715a00000, 0x0000000715a00000| Untracked 
| 185|0x0000000715b00000, 0x0000000715b00000, 0x0000000715c00000|  0%| F|  |TAMS 0x0000000715b00000, 0x0000000715b00000| Untracked 
| 186|0x0000000715c00000, 0x0000000715c00000, 0x0000000715d00000|  0%| F|  |TAMS 0x0000000715c00000, 0x0000000715c00000| Untracked 
| 187|0x0000000715d00000, 0x0000000715d00000, 0x0000000715e00000|  0%| F|  |TAMS 0x0000000715d00000, 0x0000000715d00000| Untracked 
| 188|0x0000000715e00000, 0x0000000715e00000, 0x0000000715f00000|  0%| F|  |TAMS 0x0000000715e00000, 0x0000000715e00000| Untracked 
| 189|0x0000000715f00000, 0x0000000715f00000, 0x0000000716000000|  0%| F|  |TAMS 0x0000000715f00000, 0x0000000715f00000| Untracked 
| 190|0x0000000716000000, 0x0000000716000000, 0x0000000716100000|  0%| F|  |TAMS 0x0000000716000000, 0x0000000716000000| Untracked 
| 191|0x0000000716100000, 0x0000000716100000, 0x0000000716200000|  0%| F|  |TAMS 0x0000000716100000, 0x0000000716100000| Untracked 
| 192|0x0000000716200000, 0x0000000716200000, 0x0000000716300000|  0%| F|  |TAMS 0x0000000716200000, 0x0000000716200000| Untracked 
| 193|0x0000000716300000, 0x0000000716300000, 0x0000000716400000|  0%| F|  |TAMS 0x0000000716300000, 0x0000000716300000| Untracked 
| 194|0x0000000716400000, 0x0000000716400000, 0x0000000716500000|  0%| F|  |TAMS 0x0000000716400000, 0x0000000716400000| Untracked 
| 195|0x0000000716500000, 0x0000000716500000, 0x0000000716600000|  0%| F|  |TAMS 0x0000000716500000, 0x0000000716500000| Untracked 
| 196|0x0000000716600000, 0x0000000716600000, 0x0000000716700000|  0%| F|  |TAMS 0x0000000716600000, 0x0000000716600000| Untracked 
| 197|0x0000000716700000, 0x0000000716700000, 0x0000000716800000|  0%| F|  |TAMS 0x0000000716700000, 0x0000000716700000| Untracked 
| 198|0x0000000716800000, 0x0000000716900000, 0x0000000716900000|100%| E|  |TAMS 0x0000000716800000, 0x0000000716800000| Complete 
| 199|0x0000000716900000, 0x0000000716a00000, 0x0000000716a00000|100%| E|CS|TAMS 0x0000000716900000, 0x0000000716900000| Complete 
| 200|0x0000000716a00000, 0x0000000716b00000, 0x0000000716b00000|100%| E|CS|TAMS 0x0000000716a00000, 0x0000000716a00000| Complete 
| 201|0x0000000716b00000, 0x0000000716c00000, 0x0000000716c00000|100%| E|CS|TAMS 0x0000000716b00000, 0x0000000716b00000| Complete 
| 202|0x0000000716c00000, 0x0000000716d00000, 0x0000000716d00000|100%| E|CS|TAMS 0x0000000716c00000, 0x0000000716c00000| Complete 
| 203|0x0000000716d00000, 0x0000000716e00000, 0x0000000716e00000|100%| E|CS|TAMS 0x0000000716d00000, 0x0000000716d00000| Complete 
| 204|0x0000000716e00000, 0x0000000716f00000, 0x0000000716f00000|100%| E|CS|TAMS 0x0000000716e00000, 0x0000000716e00000| Complete 
| 205|0x0000000716f00000, 0x0000000717000000, 0x0000000717000000|100%| E|CS|TAMS 0x0000000716f00000, 0x0000000716f00000| Complete 
| 206|0x0000000717000000, 0x0000000717100000, 0x0000000717100000|100%| E|  |TAMS 0x0000000717000000, 0x0000000717000000| Complete 
| 207|0x0000000717100000, 0x0000000717200000, 0x0000000717200000|100%| E|CS|TAMS 0x0000000717100000, 0x0000000717100000| Complete 
| 208|0x0000000717200000, 0x0000000717300000, 0x0000000717300000|100%| E|CS|TAMS 0x0000000717200000, 0x0000000717200000| Complete 
| 209|0x0000000717300000, 0x0000000717400000, 0x0000000717400000|100%| E|CS|TAMS 0x0000000717300000, 0x0000000717300000| Complete 
| 210|0x0000000717400000, 0x0000000717500000, 0x0000000717500000|100%| E|CS|TAMS 0x0000000717400000, 0x0000000717400000| Complete 
| 211|0x0000000717500000, 0x0000000717600000, 0x0000000717600000|100%| E|CS|TAMS 0x0000000717500000, 0x0000000717500000| Complete 
| 212|0x0000000717600000, 0x0000000717700000, 0x0000000717700000|100%| E|CS|TAMS 0x0000000717600000, 0x0000000717600000| Complete 
| 213|0x0000000717700000, 0x0000000717800000, 0x0000000717800000|100%| E|CS|TAMS 0x0000000717700000, 0x0000000717700000| Complete 
| 214|0x0000000717800000, 0x0000000717900000, 0x0000000717900000|100%| E|CS|TAMS 0x0000000717800000, 0x0000000717800000| Complete 
| 215|0x0000000717900000, 0x0000000717a00000, 0x0000000717a00000|100%| E|CS|TAMS 0x0000000717900000, 0x0000000717900000| Complete 
| 216|0x0000000717a00000, 0x0000000717b00000, 0x0000000717b00000|100%| E|CS|TAMS 0x0000000717a00000, 0x0000000717a00000| Complete 
| 217|0x0000000717b00000, 0x0000000717c00000, 0x0000000717c00000|100%| E|CS|TAMS 0x0000000717b00000, 0x0000000717b00000| Complete 
| 218|0x0000000717c00000, 0x0000000717d00000, 0x0000000717d00000|100%| E|CS|TAMS 0x0000000717c00000, 0x0000000717c00000| Complete 
| 219|0x0000000717d00000, 0x0000000717e00000, 0x0000000717e00000|100%| S|CS|TAMS 0x0000000717d00000, 0x0000000717d00000| Complete 
| 220|0x0000000717e00000, 0x0000000717f00000, 0x0000000717f00000|100%| S|CS|TAMS 0x0000000717e00000, 0x0000000717e00000| Complete 
| 221|0x0000000717f00000, 0x0000000718000000, 0x0000000718000000|100%| S|CS|TAMS 0x0000000717f00000, 0x0000000717f00000| Complete 
| 222|0x0000000718000000, 0x0000000718100000, 0x0000000718100000|100%| E|CS|TAMS 0x0000000718000000, 0x0000000718000000| Complete 
| 223|0x0000000718100000, 0x0000000718200000, 0x0000000718200000|100%| E|CS|TAMS 0x0000000718100000, 0x0000000718100000| Complete 
| 224|0x0000000718200000, 0x0000000718300000, 0x0000000718300000|100%| E|CS|TAMS 0x0000000718200000, 0x0000000718200000| Complete 
| 225|0x0000000718300000, 0x0000000718400000, 0x0000000718400000|100%| E|CS|TAMS 0x0000000718300000, 0x0000000718300000| Complete 
| 226|0x0000000718400000, 0x0000000718500000, 0x0000000718500000|100%| E|CS|TAMS 0x0000000718400000, 0x0000000718400000| Complete 
| 227|0x0000000718500000, 0x0000000718600000, 0x0000000718600000|100%| E|CS|TAMS 0x0000000718500000, 0x0000000718500000| Complete 
| 228|0x0000000718600000, 0x0000000718700000, 0x0000000718700000|100%| E|CS|TAMS 0x0000000718600000, 0x0000000718600000| Complete 
| 229|0x0000000718700000, 0x0000000718800000, 0x0000000718800000|100%| E|CS|TAMS 0x0000000718700000, 0x0000000718700000| Complete 
| 230|0x0000000718800000, 0x0000000718900000, 0x0000000718900000|100%| E|CS|TAMS 0x0000000718800000, 0x0000000718800000| Complete 
| 231|0x0000000718900000, 0x0000000718a00000, 0x0000000718a00000|100%| E|CS|TAMS 0x0000000718900000, 0x0000000718900000| Complete 
| 232|0x0000000718a00000, 0x0000000718b00000, 0x0000000718b00000|100%| E|CS|TAMS 0x0000000718a00000, 0x0000000718a00000| Complete 
| 233|0x0000000718b00000, 0x0000000718c00000, 0x0000000718c00000|100%| E|CS|TAMS 0x0000000718b00000, 0x0000000718b00000| Complete 
| 234|0x0000000718c00000, 0x0000000718d00000, 0x0000000718d00000|100%| E|CS|TAMS 0x0000000718c00000, 0x0000000718c00000| Complete 
| 235|0x0000000718d00000, 0x0000000718e00000, 0x0000000718e00000|100%| E|CS|TAMS 0x0000000718d00000, 0x0000000718d00000| Complete 
| 236|0x0000000718e00000, 0x0000000718f00000, 0x0000000718f00000|100%| E|CS|TAMS 0x0000000718e00000, 0x0000000718e00000| Complete 
| 237|0x0000000718f00000, 0x0000000719000000, 0x0000000719000000|100%| E|CS|TAMS 0x0000000718f00000, 0x0000000718f00000| Complete 
| 238|0x0000000719000000, 0x0000000719100000, 0x0000000719100000|100%| E|CS|TAMS 0x0000000719000000, 0x0000000719000000| Complete 
| 239|0x0000000719100000, 0x0000000719200000, 0x0000000719200000|100%| E|CS|TAMS 0x0000000719100000, 0x0000000719100000| Complete 
| 240|0x0000000719200000, 0x0000000719300000, 0x0000000719300000|100%| E|CS|TAMS 0x0000000719200000, 0x0000000719200000| Complete 
| 241|0x0000000719300000, 0x0000000719400000, 0x0000000719400000|100%| E|CS|TAMS 0x0000000719300000, 0x0000000719300000| Complete 
| 242|0x0000000719400000, 0x0000000719500000, 0x0000000719500000|100%| E|CS|TAMS 0x0000000719400000, 0x0000000719400000| Complete 
| 243|0x0000000719500000, 0x0000000719600000, 0x0000000719600000|100%| E|CS|TAMS 0x0000000719500000, 0x0000000719500000| Complete 
| 244|0x0000000719600000, 0x0000000719700000, 0x0000000719700000|100%| E|CS|TAMS 0x0000000719600000, 0x0000000719600000| Complete 
| 245|0x0000000719700000, 0x0000000719800000, 0x0000000719800000|100%| E|CS|TAMS 0x0000000719700000, 0x0000000719700000| Complete 

Card table byte_map: [0x000001c464a30000,0x000001c4651e0000] _byte_map_base: 0x000001c4611df000

Marking Bits (Prev, Next): (CMBitMap*) 0x000001c44d6be848, (CMBitMap*) 0x000001c44d6be880
 Prev Bits: [0x000001c465990000, 0x000001c469708000)
 Next Bits: [0x000001c469710000, 0x000001c46d488000)

Polling page: 0x000001c44ce40000

Metaspace:

Usage:
  Non-class:      9.09 MB capacity,     8.95 MB ( 98%) used,   137.82 KB (  1%) free+waste,    10.19 KB ( <1%) overhead. 
      Class:   1022.00 KB capacity,   970.95 KB ( 95%) used,    46.49 KB (  5%) free+waste,     4.56 KB ( <1%) overhead. 
       Both:     10.09 MB capacity,     9.90 MB ( 98%) used,   184.31 KB (  2%) free+waste,    14.75 KB ( <1%) overhead. 

Virtual space:
  Non-class space:       10.00 MB reserved,       9.25 MB ( 93%) committed 
      Class space:        1.00 GB reserved,       1.00 MB ( <1%) committed 
             Both:        1.01 GB reserved,      10.25 MB ( <1%) committed 

Chunk freelists:
   Non-Class:  3.88 KB
       Class:  256 bytes
        Both:  4.13 KB

CodeHeap 'non-profiled nmethods': size=120000Kb used=476Kb max_used=476Kb free=119523Kb
 bounds [0x000001c45c800000, 0x000001c45ca70000, 0x000001c463d30000]
CodeHeap 'profiled nmethods': size=120000Kb used=2258Kb max_used=2258Kb free=117741Kb
 bounds [0x000001c4552d0000, 0x000001c455540000, 0x000001c45c800000]
CodeHeap 'non-nmethods': size=5760Kb used=1185Kb max_used=1210Kb free=4574Kb
 bounds [0x000001c454d30000, 0x000001c454fa0000, 0x000001c4552d0000]
 total_blobs=1462 nmethods=1055 adapters=327
 compilation: enabled
              stopped_count=0, restarted_count=0
 full_count=0

Compilation events (10 events):
Event: 0.699 Thread 0x000001c470b1c000 nmethod 1045 0x000001c455503190 code [0x000001c455503320, 0x000001c455503438]
Event: 0.699 Thread 0x000001c470b1c000 1039       3       jdk.internal.org.objectweb.asm.MethodWriter::visitVarInsn (300 bytes)
Event: 0.699 Thread 0x000001c470b1c000 nmethod 1039 0x000001c455503510 code [0x000001c455503780, 0x000001c455504188]
Event: 0.699 Thread 0x000001c470b1c000 1047       1       java.lang.invoke.LambdaForm$Name::type (5 bytes)
Event: 0.699 Thread 0x000001c470b1c000 nmethod 1047 0x000001c45c876910 code [0x000001c45c876aa0, 0x000001c45c876b58]
Event: 0.699 Thread 0x000001c470b1c000 1043       1       java.lang.invoke.MethodTypeForm::basicType (5 bytes)
Event: 0.699 Thread 0x000001c470b1c000 nmethod 1043 0x000001c45c876c10 code [0x000001c45c876da0, 0x000001c45c876e58]
Event: 0.805 Thread 0x000001c470b1c000 1054       3       java.lang.Integer::numberOfLeadingZeros (78 bytes)
Event: 0.805 Thread 0x000001c470b1c000 nmethod 1054 0x000001c455504510 code [0x000001c4555046c0, 0x000001c455504958]
Event: 45.987 Thread 0x000001c470b19000 1055       4       java.util.concurrent.ConcurrentHashMap$BaseIterator::hasNext (13 bytes)

GC Heap History (2 events):
Event: 0.444 GC heap before
{Heap before GC invocations=0 (full 0):
 garbage-first heap   total 251904K, used 23552K [0x000000070a200000, 0x0000000800000000)
  region size 1024K, 24 young (24576K), 0 survivors (0K)
 Metaspace       used 8750K, capacity 8893K, committed 9088K, reserved 1056768K
  class space    used 833K, capacity 881K, committed 896K, reserved 1048576K
}
Event: 0.447 GC heap after
{Heap after GC invocations=1 (full 0):
 garbage-first heap   total 251904K, used 6369K [0x000000070a200000, 0x0000000800000000)
  region size 1024K, 3 young (3072K), 3 survivors (3072K)
 Metaspace       used 8750K, capacity 8893K, committed 9088K, reserved 1056768K
  class space    used 833K, capacity 881K, committed 896K, reserved 1048576K
}

Deoptimization events (10 events):
Event: 0.635 Thread 0x000001c44d660800 Uncommon trap: reason=unstable_if action=reinterpret pc=0x000001c45c81c060 method=java.lang.AbstractStringBuilder.putStringAt(ILjava/lang/String;)V @ 8 c2
Event: 0.635 Thread 0x000001c44d660800 Uncommon trap: reason=unstable_if action=reinterpret pc=0x000001c45c81ac88 method=java.lang.AbstractStringBuilder.putStringAt(ILjava/lang/String;)V @ 8 c2
Event: 0.635 Thread 0x000001c44d660800 Uncommon trap: reason=unstable_if action=reinterpret pc=0x000001c45c8172dc method=java.lang.AbstractStringBuilder.isLatin1()Z @ 10 c2
Event: 0.635 Thread 0x000001c44d660800 Uncommon trap: reason=unstable_if action=reinterpret pc=0x000001c45c812cf8 method=java.lang.AbstractStringBuilder.isLatin1()Z @ 10 c2
Event: 0.635 Thread 0x000001c44d660800 Uncommon trap: reason=unstable_if action=reinterpret pc=0x000001c45c83b508 method=java.lang.AbstractStringBuilder.isLatin1()Z @ 10 c2
Event: 0.689 Thread 0x000001c44d660800 Uncommon trap: reason=bimorphic_or_optimized_type_check action=maybe_recompile pc=0x000001c45c808b94 method=java.util.AbstractCollection.isEmpty()Z @ 1 c2
Event: 0.689 Thread 0x000001c44d660800 Uncommon trap: reason=bimorphic_or_optimized_type_check action=maybe_recompile pc=0x000001c45c808b94 method=java.util.AbstractCollection.isEmpty()Z @ 1 c2
Event: 0.690 Thread 0x000001c44d660800 Uncommon trap: reason=bimorphic_or_optimized_type_check action=maybe_recompile pc=0x000001c45c808b94 method=java.util.AbstractCollection.isEmpty()Z @ 1 c2
Event: 0.690 Thread 0x000001c44d660800 Uncommon trap: reason=bimorphic_or_optimized_type_check action=maybe_recompile pc=0x000001c45c808b94 method=java.util.AbstractCollection.isEmpty()Z @ 1 c2
Event: 0.798 Thread 0x000001c44d660800 Uncommon trap: reason=unstable_if action=reinterpret pc=0x000001c45c8215d8 method=java.lang.Integer.getChars(II[B)I @ 25 c2

Classes redefined (0 events):
No events

Internal exceptions (10 events):
Event: 0.159 Thread 0x000001c44d660800 Exception <a 'java/security/PrivilegedActionException'{0x00000007194304b8}> (0x00000007194304b8) thrown at [./open/src/hotspot/share/prims/jvm.cpp, line 1305]
Event: 0.159 Thread 0x000001c44d660800 Exception <a 'java/security/PrivilegedActionException'{0x0000000719430788}> (0x0000000719430788) thrown at [./open/src/hotspot/share/prims/jvm.cpp, line 1305]
Event: 0.159 Thread 0x000001c44d660800 Exception <a 'java/security/PrivilegedActionException'{0x0000000719431428}> (0x0000000719431428) thrown at [./open/src/hotspot/share/prims/jvm.cpp, line 1305]
Event: 0.159 Thread 0x000001c44d660800 Exception <a 'java/security/PrivilegedActionException'{0x00000007194316f8}> (0x00000007194316f8) thrown at [./open/src/hotspot/share/prims/jvm.cpp, line 1305]
Event: 0.170 Thread 0x000001c44d660800 Exception <a 'java/security/PrivilegedActionException'{0x00000007194bcf30}> (0x00000007194bcf30) thrown at [./open/src/hotspot/share/prims/jvm.cpp, line 1305]
Event: 0.170 Thread 0x000001c44d660800 Exception <a 'java/security/PrivilegedActionException'{0x00000007194bd200}> (0x00000007194bd200) thrown at [./open/src/hotspot/share/prims/jvm.cpp, line 1305]
Event: 0.368 Thread 0x000001c44d660800 Exception <a 'java/lang/NoSuchMethodError'{0x00000007184fe908}: java.lang.invoke.DirectMethodHandle$Holder.invokeStaticInit(Ljava/lang/Object;Ljava/lang/Object;Ljava/lang/Object;Ljava/lang/Object;)I> (0x00000007184fe908) thrown at [./open/src/hotspot/shar
Event: 0.370 Thread 0x000001c44d660800 Exception <a 'java/lang/IncompatibleClassChangeError'{0x0000000718324148}: Found class java.lang.Object, but interface was expected> (0x0000000718324148) thrown at [./open/src/hotspot/share/interpreter/linkResolver.cpp, line 838]
Event: 0.371 Thread 0x000001c44d660800 Exception <a 'java/lang/NoSuchMethodError'{0x00000007183279e8}: java.lang.invoke.DirectMethodHandle$Holder.invokeStaticInit(Ljava/lang/Object;Ljava/lang/Object;)V> (0x00000007183279e8) thrown at [./open/src/hotspot/share/interpreter/linkResolver.cpp, line
Event: 0.372 Thread 0x000001c44d660800 Exception <a 'java/lang/NoSuchMethodError'{0x000000071832f560}: java.lang.invoke.DirectMethodHandle$Holder.invokeStaticInit(Ljava/lang/Object;Ljava/lang/Object;)I> (0x000000071832f560) thrown at [./open/src/hotspot/share/interpreter/linkResolver.cpp, line

Events (10 events):
Event: 9.127 Executing VM operation: ChangeBreakpoints done
Event: 45.987 Thread 0x000001c470e2d000 Thread exited: 0x000001c470e2d000
Event: 45.987 Executing VM operation: ChangeBreakpoints
Event: 45.987 Executing VM operation: ChangeBreakpoints done
Event: 45.987 Executing VM operation: ChangeBreakpoints
Event: 45.987 Executing VM operation: ChangeBreakpoints done
Event: 45.987 Executing VM operation: ChangeBreakpoints
Event: 45.987 Executing VM operation: ChangeBreakpoints done
Event: 45.987 Executing VM operation: ChangeBreakpoints
Event: 45.987 Executing VM operation: ChangeBreakpoints done


Dynamic libraries:
0x00007ff7ce520000 - 0x00007ff7ce52f000 	C:\Program Files\Java\jdk-11.0.17\bin\java.exe
0x00007ffbe6690000 - 0x00007ffbe6888000 	C:\WINDOWS\SYSTEM32\ntdll.dll
0x00007ffbe5360000 - 0x00007ffbe541f000 	C:\WINDOWS\System32\KERNEL32.DLL
0x00007ffbe43f0000 - 0x00007ffbe46c2000 	C:\WINDOWS\System32\KERNELBASE.dll
0x00007ffbe41f0000 - 0x00007ffbe42f0000 	C:\WINDOWS\System32\ucrtbase.dll
0x00007ffbdf880000 - 0x00007ffbdf898000 	C:\Program Files\Java\jdk-11.0.17\bin\jli.dll
0x00007ffbdf860000 - 0x00007ffbdf875000 	C:\Program Files\Java\jdk-11.0.17\bin\VCRUNTIME140.dll
0x00007ffbe4c00000 - 0x00007ffbe4cae000 	C:\WINDOWS\System32\ADVAPI32.dll
0x00007ffbe4f60000 - 0x00007ffbe4ffe000 	C:\WINDOWS\System32\msvcrt.dll
0x00007ffbe5000000 - 0x00007ffbe509c000 	C:\WINDOWS\System32\sechost.dll
0x00007ffbe4e30000 - 0x00007ffbe4f55000 	C:\WINDOWS\System32\RPCRT4.dll
0x00007ffbe50a0000 - 0x00007ffbe5241000 	C:\WINDOWS\System32\USER32.dll
0x00007ffbce490000 - 0x00007ffbce72a000 	C:\WINDOWS\WinSxS\amd64_microsoft.windows.common-controls_6595b64144ccf1df_6.0.19041.1110_none_60b5254171f9507e\COMCTL32.dll
0x00007ffbe3eb0000 - 0x00007ffbe3ed2000 	C:\WINDOWS\System32\win32u.dll
0x00007ffbe5700000 - 0x00007ffbe572b000 	C:\WINDOWS\System32\GDI32.dll
0x00007ffbe4040000 - 0x00007ffbe414f000 	C:\WINDOWS\System32\gdi32full.dll
0x00007ffbe4150000 - 0x00007ffbe41ed000 	C:\WINDOWS\System32\msvcp_win.dll
0x00007ffbdd350000 - 0x00007ffbdd35a000 	C:\WINDOWS\SYSTEM32\VERSION.dll
0x00007ffbe52c0000 - 0x00007ffbe52f2000 	C:\WINDOWS\System32\IMM32.DLL
0x00007ffbdf7c0000 - 0x00007ffbdf85b000 	C:\Program Files\Java\jdk-11.0.17\bin\msvcp140.dll
0x00007ffb77c00000 - 0x00007ffb7871a000 	C:\Program Files\Java\jdk-11.0.17\bin\server\jvm.dll
0x00007ffbe4760000 - 0x00007ffbe4768000 	C:\WINDOWS\System32\PSAPI.DLL
0x00007ffbdefe0000 - 0x00007ffbdf007000 	C:\WINDOWS\SYSTEM32\WINMM.dll
0x00007ffbccf70000 - 0x00007ffbccf79000 	C:\WINDOWS\SYSTEM32\WSOCK32.dll
0x00007ffbe57c0000 - 0x00007ffbe582b000 	C:\WINDOWS\System32\WS2_32.dll
0x00007ffbe1c40000 - 0x00007ffbe1c52000 	C:\WINDOWS\SYSTEM32\kernel.appcore.dll
0x00007ffbdf7b0000 - 0x00007ffbdf7c0000 	C:\Program Files\Java\jdk-11.0.17\bin\verify.dll
0x00007ffbcf3e0000 - 0x00007ffbcf5c4000 	C:\WINDOWS\SYSTEM32\DBGHELP.DLL
0x00007ffbcba10000 - 0x00007ffbcba45000 	C:\WINDOWS\SYSTEM32\dbgcore.DLL
0x00007ffbe4360000 - 0x00007ffbe43e2000 	C:\WINDOWS\System32\bcryptPrimitives.dll
0x00007ffbdf780000 - 0x00007ffbdf7a8000 	C:\Program Files\Java\jdk-11.0.17\bin\java.dll
0x00007ffbdf770000 - 0x00007ffbdf77a000 	C:\Program Files\Java\jdk-11.0.17\bin\jimage.dll
0x00007ffbc02a0000 - 0x00007ffbc02d8000 	C:\Program Files\Java\jdk-11.0.17\bin\jdwp.dll
0x00007ffbdf0b0000 - 0x00007ffbdf0be000 	C:\Program Files\Java\jdk-11.0.17\bin\instrument.dll
0x00007ffbdf750000 - 0x00007ffbdf766000 	C:\Program Files\Java\jdk-11.0.17\bin\zip.dll
0x00007ffbe5830000 - 0x00007ffbe5f74000 	C:\WINDOWS\System32\SHELL32.dll
0x00007ffbe1e40000 - 0x00007ffbe25d2000 	C:\WINDOWS\SYSTEM32\windows.storage.dll
0x00007ffbe62f0000 - 0x00007ffbe6645000 	C:\WINDOWS\System32\combase.dll
0x00007ffbe37e0000 - 0x00007ffbe3810000 	C:\WINDOWS\SYSTEM32\Wldp.dll
0x00007ffbe5f80000 - 0x00007ffbe602d000 	C:\WINDOWS\System32\SHCORE.dll
0x00007ffbe5300000 - 0x00007ffbe5355000 	C:\WINDOWS\System32\shlwapi.dll
0x00007ffbe3cc0000 - 0x00007ffbe3cdf000 	C:\WINDOWS\SYSTEM32\profapi.dll
0x00007ffbdf0a0000 - 0x00007ffbdf0aa000 	C:\Program Files\Java\jdk-11.0.17\bin\dt_socket.dll
0x00007ffbe3540000 - 0x00007ffbe35aa000 	C:\WINDOWS\system32\mswsock.dll
0x00007ffbdea20000 - 0x00007ffbdea39000 	C:\Program Files\Java\jdk-11.0.17\bin\net.dll
0x00007ffbd0da0000 - 0x00007ffbd0eac000 	C:\WINDOWS\SYSTEM32\WINHTTP.dll
0x00007ffbcad90000 - 0x00007ffbcada2000 	C:\Program Files\Java\jdk-11.0.17\bin\nio.dll
0x000001c44d610000 - 0x000001c44d614000 	C:\Users\86138\.javacpp\cache\javacpp-1.5.7-windows-x86_64.jar\org\bytedeco\javacpp\windows-x86_64\api-ms-win-crt-locale-l1-1-0.dll
0x000001c44d620000 - 0x000001c44d625000 	C:\Users\86138\.javacpp\cache\javacpp-1.5.7-windows-x86_64.jar\org\bytedeco\javacpp\windows-x86_64\api-ms-win-crt-string-l1-1-0.dll
0x000001c44d630000 - 0x000001c44d635000 	C:\Users\86138\.javacpp\cache\javacpp-1.5.7-windows-x86_64.jar\org\bytedeco\javacpp\windows-x86_64\api-ms-win-crt-stdio-l1-1-0.dll
0x000001c472600000 - 0x000001c472606000 	C:\Users\86138\.javacpp\cache\javacpp-1.5.7-windows-x86_64.jar\org\bytedeco\javacpp\windows-x86_64\api-ms-win-crt-math-l1-1-0.dll
0x000001c472610000 - 0x000001c472614000 	C:\Users\86138\.javacpp\cache\javacpp-1.5.7-windows-x86_64.jar\org\bytedeco\javacpp\windows-x86_64\api-ms-win-crt-heap-l1-1-0.dll
0x000001c472620000 - 0x000001c472625000 	C:\Users\86138\.javacpp\cache\javacpp-1.5.7-windows-x86_64.jar\org\bytedeco\javacpp\windows-x86_64\api-ms-win-crt-runtime-l1-1-0.dll
0x000001c472630000 - 0x000001c472635000 	C:\Users\86138\.javacpp\cache\javacpp-1.5.7-windows-x86_64.jar\org\bytedeco\javacpp\windows-x86_64\api-ms-win-crt-convert-l1-1-0.dll
0x000001c472640000 - 0x000001c472644000 	C:\Users\86138\.javacpp\cache\javacpp-1.5.7-windows-x86_64.jar\org\bytedeco\javacpp\windows-x86_64\api-ms-win-crt-environment-l1-1-0.dll
0x000001c472650000 - 0x000001c472654000 	C:\Users\86138\.javacpp\cache\javacpp-1.5.7-windows-x86_64.jar\org\bytedeco\javacpp\windows-x86_64\api-ms-win-crt-time-l1-1-0.dll
0x000001c472660000 - 0x000001c472664000 	C:\Users\86138\.javacpp\cache\javacpp-1.5.7-windows-x86_64.jar\org\bytedeco\javacpp\windows-x86_64\api-ms-win-crt-filesystem-l1-1-0.dll
0x000001c472670000 - 0x000001c472674000 	C:\Users\86138\.javacpp\cache\javacpp-1.5.7-windows-x86_64.jar\org\bytedeco\javacpp\windows-x86_64\api-ms-win-crt-utility-l1-1-0.dll
0x000001c472680000 - 0x000001c472686000 	C:\Users\86138\.javacpp\cache\javacpp-1.5.7-windows-x86_64.jar\org\bytedeco\javacpp\windows-x86_64\api-ms-win-crt-multibyte-l1-1-0.dll
0x000001c472690000 - 0x000001c472694000 	C:\Users\86138\.javacpp\cache\javacpp-1.5.7-windows-x86_64.jar\org\bytedeco\javacpp\windows-x86_64\api-ms-win-crt-conio-l1-1-0.dll
0x000001c4726a0000 - 0x000001c4726b1000 	C:\Users\86138\.javacpp\cache\javacpp-1.5.7-windows-x86_64.jar\org\bytedeco\javacpp\windows-x86_64\api-ms-win-crt-private-l1-1-0.dll
0x000001c4726c0000 - 0x000001c4726c4000 	C:\Users\86138\.javacpp\cache\javacpp-1.5.7-windows-x86_64.jar\org\bytedeco\javacpp\windows-x86_64\api-ms-win-crt-process-l1-1-0.dll
0x000001c4726d0000 - 0x000001c4726d4000 	C:\Users\86138\.javacpp\cache\javacpp-1.5.7-windows-x86_64.jar\org\bytedeco\javacpp\windows-x86_64\api-ms-win-core-console-l1-2-0.dll
0x000001c4726e0000 - 0x000001c4726e4000 	C:\Users\86138\.javacpp\cache\javacpp-1.5.7-windows-x86_64.jar\org\bytedeco\javacpp\windows-x86_64\api-ms-win-core-string-l1-1-0.dll
0x000001c4726f0000 - 0x000001c4726f4000 	C:\Users\86138\.javacpp\cache\javacpp-1.5.7-windows-x86_64.jar\org\bytedeco\javacpp\windows-x86_64\api-ms-win-core-errorhandling-l1-1-0.dll
0x000001c472700000 - 0x000001c472704000 	C:\Users\86138\.javacpp\cache\javacpp-1.5.7-windows-x86_64.jar\org\bytedeco\javacpp\windows-x86_64\api-ms-win-core-timezone-l1-1-0.dll
0x000001c472710000 - 0x000001c472715000 	C:\Users\86138\.javacpp\cache\javacpp-1.5.7-windows-x86_64.jar\org\bytedeco\javacpp\windows-x86_64\api-ms-win-core-file-l1-1-0.dll
0x000001c472720000 - 0x000001c472724000 	C:\Users\86138\.javacpp\cache\javacpp-1.5.7-windows-x86_64.jar\org\bytedeco\javacpp\windows-x86_64\api-ms-win-core-namedpipe-l1-1-0.dll
0x000001c472730000 - 0x000001c472734000 	C:\Users\86138\.javacpp\cache\javacpp-1.5.7-windows-x86_64.jar\org\bytedeco\javacpp\windows-x86_64\api-ms-win-core-handle-l1-1-0.dll
0x000001c472740000 - 0x000001c472744000 	C:\Users\86138\.javacpp\cache\javacpp-1.5.7-windows-x86_64.jar\org\bytedeco\javacpp\windows-x86_64\api-ms-win-core-file-l2-1-0.dll
0x000001c472750000 - 0x000001c472754000 	C:\Users\86138\.javacpp\cache\javacpp-1.5.7-windows-x86_64.jar\org\bytedeco\javacpp\windows-x86_64\api-ms-win-core-heap-l1-1-0.dll
0x000001c472760000 - 0x000001c472764000 	C:\Users\86138\.javacpp\cache\javacpp-1.5.7-windows-x86_64.jar\org\bytedeco\javacpp\windows-x86_64\api-ms-win-core-libraryloader-l1-1-0.dll
0x000001c472770000 - 0x000001c472774000 	C:\Users\86138\.javacpp\cache\javacpp-1.5.7-windows-x86_64.jar\org\bytedeco\javacpp\windows-x86_64\api-ms-win-core-synch-l1-1-0.dll
0x000001c472780000 - 0x000001c472784000 	C:\Users\86138\.javacpp\cache\javacpp-1.5.7-windows-x86_64.jar\org\bytedeco\javacpp\windows-x86_64\api-ms-win-core-processthreads-l1-1-0.dll
0x000001c472790000 - 0x000001c472794000 	C:\Users\86138\.javacpp\cache\javacpp-1.5.7-windows-x86_64.jar\org\bytedeco\javacpp\windows-x86_64\api-ms-win-core-processenvironment-l1-1-0.dll
0x000001c4727a0000 - 0x000001c4727a4000 	C:\Users\86138\.javacpp\cache\javacpp-1.5.7-windows-x86_64.jar\org\bytedeco\javacpp\windows-x86_64\api-ms-win-core-datetime-l1-1-0.dll
0x000001c4727b0000 - 0x000001c4727b4000 	C:\Users\86138\.javacpp\cache\javacpp-1.5.7-windows-x86_64.jar\org\bytedeco\javacpp\windows-x86_64\api-ms-win-core-localization-l1-2-0.dll
0x000001c4727c0000 - 0x000001c4727c4000 	C:\Users\86138\.javacpp\cache\javacpp-1.5.7-windows-x86_64.jar\org\bytedeco\javacpp\windows-x86_64\api-ms-win-core-sysinfo-l1-1-0.dll
0x000001c4727d0000 - 0x000001c4727d4000 	C:\Users\86138\.javacpp\cache\javacpp-1.5.7-windows-x86_64.jar\org\bytedeco\javacpp\windows-x86_64\api-ms-win-core-synch-l1-2-0.dll
0x000001c4727e0000 - 0x000001c4727e4000 	C:\Users\86138\.javacpp\cache\javacpp-1.5.7-windows-x86_64.jar\org\bytedeco\javacpp\windows-x86_64\api-ms-win-core-console-l1-1-0.dll
0x000001c4727f0000 - 0x000001c4727f4000 	C:\Users\86138\.javacpp\cache\javacpp-1.5.7-windows-x86_64.jar\org\bytedeco\javacpp\windows-x86_64\api-ms-win-core-debug-l1-1-0.dll
0x000001c472800000 - 0x000001c472804000 	C:\Users\86138\.javacpp\cache\javacpp-1.5.7-windows-x86_64.jar\org\bytedeco\javacpp\windows-x86_64\api-ms-win-core-rtlsupport-l1-1-0.dll
0x000001c472810000 - 0x000001c472814000 	C:\Users\86138\.javacpp\cache\javacpp-1.5.7-windows-x86_64.jar\org\bytedeco\javacpp\windows-x86_64\api-ms-win-core-processthreads-l1-1-1.dll
0x000001c472820000 - 0x000001c472824000 	C:\Users\86138\.javacpp\cache\javacpp-1.5.7-windows-x86_64.jar\org\bytedeco\javacpp\windows-x86_64\api-ms-win-core-file-l1-2-0.dll
0x000001c472830000 - 0x000001c472834000 	C:\Users\86138\.javacpp\cache\javacpp-1.5.7-windows-x86_64.jar\org\bytedeco\javacpp\windows-x86_64\api-ms-win-core-profile-l1-1-0.dll
0x000001c472840000 - 0x000001c472844000 	C:\Users\86138\.javacpp\cache\javacpp-1.5.7-windows-x86_64.jar\org\bytedeco\javacpp\windows-x86_64\api-ms-win-core-memory-l1-1-0.dll
0x000001c472850000 - 0x000001c472854000 	C:\Users\86138\.javacpp\cache\javacpp-1.5.7-windows-x86_64.jar\org\bytedeco\javacpp\windows-x86_64\api-ms-win-core-util-l1-1-0.dll
0x000001c472860000 - 0x000001c472864000 	C:\Users\86138\.javacpp\cache\javacpp-1.5.7-windows-x86_64.jar\org\bytedeco\javacpp\windows-x86_64\api-ms-win-core-interlocked-l1-1-0.dll
0x00007ffba42f0000 - 0x00007ffba4401000 	C:\Users\86138\.javacpp\cache\javacpp-1.5.7-windows-x86_64.jar\org\bytedeco\javacpp\windows-x86_64\ucrtbase.dll
0x00007ffbc92e0000 - 0x00007ffbc92fb000 	C:\Users\86138\.javacpp\cache\javacpp-1.5.7-windows-x86_64.jar\org\bytedeco\javacpp\windows-x86_64\vcruntime140.dll
0x00007ffbde7e0000 - 0x00007ffbde7ec000 	C:\Users\86138\.javacpp\cache\javacpp-1.5.7-windows-x86_64.jar\org\bytedeco\javacpp\windows-x86_64\vcruntime140_1.dll
0x00007ffba92c0000 - 0x00007ffba934d000 	C:\Users\86138\.javacpp\cache\javacpp-1.5.7-windows-x86_64.jar\org\bytedeco\javacpp\windows-x86_64\msvcp140.dll
0x00007ffbc4040000 - 0x00007ffbc4049000 	C:\Users\86138\.javacpp\cache\javacpp-1.5.7-windows-x86_64.jar\org\bytedeco\javacpp\windows-x86_64\msvcp140_1.dll
0x00007ffbaa220000 - 0x00007ffbaa26e000 	C:\Users\86138\.javacpp\cache\javacpp-1.5.7-windows-x86_64.jar\org\bytedeco\javacpp\windows-x86_64\concrt140.dll
0x00007ffbaa0c0000 - 0x00007ffbaa0f1000 	C:\Users\86138\.javacpp\cache\javacpp-1.5.7-windows-x86_64.jar\org\bytedeco\javacpp\windows-x86_64\vcomp140.dll
0x00007ffbc3c00000 - 0x00007ffbc3c0e000 	C:\Users\86138\.javacpp\cache\javacpp-1.5.7-windows-x86_64.jar\org\bytedeco\javacpp\windows-x86_64\jnijavacpp.dll
0x00007ffb73560000 - 0x00007ffb77bfd000 	C:\Users\86138\.javacpp\cache\llvm-13.0.1-1.5.7-windows-x86_64.jar\org\bytedeco\llvm\windows-x86_64\LTO.dll
0x00007ffba6d60000 - 0x00007ffba6d9b000 	C:\Users\86138\.javacpp\cache\llvm-13.0.1-1.5.7-windows-x86_64.jar\org\bytedeco\llvm\windows-x86_64\Remarks.dll
0x00007ffb6ed10000 - 0x00007ffb73560000 	C:\Users\86138\.javacpp\cache\llvm-13.0.1-1.5.7-windows-x86_64.jar\org\bytedeco\llvm\windows-x86_64\jniLLVM.dll
0x00007ffbe55d0000 - 0x00007ffbe56fa000 	C:\WINDOWS\System32\ole32.dll

dbghelp: loaded successfully - version: 4.0.5 - missing functions: none
symbol engine: initialized successfully - sym options: 0x614 - pdb path: .;C:\Program Files\Java\jdk-11.0.17\bin;C:\WINDOWS\SYSTEM32;C:\WINDOWS\WinSxS\amd64_microsoft.windows.common-controls_6595b64144ccf1df_6.0.19041.1110_none_60b5254171f9507e;C:\Program Files\Java\jdk-11.0.17\bin\server;C:\Users\86138\.javacpp\cache\javacpp-1.5.7-windows-x86_64.jar\org\bytedeco\javacpp\windows-x86_64;C:\Users\86138\.javacpp\cache\llvm-13.0.1-1.5.7-windows-x86_64.jar\org\bytedeco\llvm\windows-x86_64

VM Arguments:
jvm_args: -agentlib:jdwp=transport=dt_socket,address=127.0.0.1:54104,suspend=y,server=n -javaagent:C:\Users\86138\Desktop\ideaCache\.IdeaIC\system\captureAgent\debugger-agent.jar -Dfile.encoding=UTF-8 
java_command: Main C:\Users\86138\Desktop\20.04\lab6\src\test\test1.txt C:\Users\86138\Desktop\20.04\lab6\src\test\result.txt
java_class_path (initial): C:\Users\86138\Desktop\20.04\lab6\target\classes;C:\Users\86138\.m2\repository\org\bytedeco\llvm-platform\13.0.1-1.5.7\llvm-platform-13.0.1-1.5.7.jar;C:\Users\86138\.m2\repository\org\bytedeco\javacpp-platform\1.5.7\javacpp-platform-1.5.7.jar;C:\Users\86138\.m2\repository\org\bytedeco\javacpp\1.5.7\javacpp-1.5.7.jar;C:\Users\86138\.m2\repository\org\bytedeco\javacpp\1.5.7\javacpp-1.5.7-android-arm.jar;C:\Users\86138\.m2\repository\org\bytedeco\javacpp\1.5.7\javacpp-1.5.7-android-arm64.jar;C:\Users\86138\.m2\repository\org\bytedeco\javacpp\1.5.7\javacpp-1.5.7-android-x86.jar;C:\Users\86138\.m2\repository\org\bytedeco\javacpp\1.5.7\javacpp-1.5.7-android-x86_64.jar;C:\Users\86138\.m2\repository\org\bytedeco\javacpp\1.5.7\javacpp-1.5.7-ios-arm64.jar;C:\Users\86138\.m2\repository\org\bytedeco\javacpp\1.5.7\javacpp-1.5.7-ios-x86_64.jar;C:\Users\86138\.m2\repository\org\bytedeco\javacpp\1.5.7\javacpp-1.5.7-linux-armhf.jar;C:\Users\86138\.m2\repository\org\bytedeco\javacpp\1.5.7\javacpp-1.5.7-linux-arm64.jar;C:\Users\86138\.m2\repository\org\bytedeco\javacpp\1.5.7\javacpp-1.5.7-linux-ppc64le.jar;C:\Users\86138\.m2\repository\org\bytedeco\javacpp\1.5.7\javacpp-1.5.7-linux-x86.jar;C:\Users\86138\.m2\repository\org\bytedeco\javacpp\1.5.7\javacpp-1.5.7-linux-x86_64.jar;C:\Users\86138\.m2\repository\org\bytedeco\javacpp\1.5.7\javacpp-1.5.7-macosx-arm64.jar;C:\Users\86138\.m2\repository\org\bytedeco\javacpp\1.5.7\javacpp-1.5.7-macosx-x86_64.jar;C:\Users\86138\.m2\repository\org\bytedeco\javacpp\1.5.7\javacpp-1.5.7-windows-x86.jar;C:\Users\86138\.m2\repository\org\bytedeco\javacpp\1.5.7\javacpp-1.5.7-windows-x86_64.jar;C:\Users\86138\.m2\repository\org\bytedeco\llvm\13.0.1-1.5.7\llvm-13.0.1-1.5.7.jar;C:\Users\86138\.m2\repository\org\bytedeco\llvm\13.0.1-1.5.7\llvm-13.0.1-1.5.7-linux-x86.jar;C:\Users\86138\.m2\repository\org\bytedeco\llvm\13.0.1-1.5.7\llvm-13.0.1-1.5.7-linux-x86_64.jar;C:\Users\86138\.m2\repository\org\bytedeco\llvm\13.0.1-1.5.7\llvm-1
Launcher Type: SUN_STANDARD

[Global flags]
     intx CICompilerCount                          = 4                                         {product} {ergonomic}
     uint ConcGCThreads                            = 3                                         {product} {ergonomic}
     uint G1ConcRefinementThreads                  = 10                                        {product} {ergonomic}
   size_t G1HeapRegionSize                         = 1048576                                   {product} {ergonomic}
    uintx GCDrainStackTargetSize                   = 64                                        {product} {ergonomic}
   size_t InitialHeapSize                          = 257949696                                 {product} {ergonomic}
   size_t MarkStackSize                            = 4194304                                   {product} {ergonomic}
   size_t MaxHeapSize                              = 4125097984                                {product} {ergonomic}
   size_t MaxNewSize                               = 2474639360                                {product} {ergonomic}
   size_t MinHeapDeltaBytes                        = 1048576                                   {product} {ergonomic}
    uintx NonNMethodCodeHeapSize                   = 5836300                                {pd product} {ergonomic}
    uintx NonProfiledCodeHeapSize                  = 122910970                              {pd product} {ergonomic}
    uintx ProfiledCodeHeapSize                     = 122910970                              {pd product} {ergonomic}
    uintx ReservedCodeCacheSize                    = 251658240                              {pd product} {ergonomic}
     bool SegmentedCodeCache                       = true                                      {product} {ergonomic}
     bool UseCompressedClassPointers               = true                                 {lp64_product} {ergonomic}
     bool UseCompressedOops                        = true                                 {lp64_product} {ergonomic}
     bool UseG1GC                                  = true                                      {product} {ergonomic}
     bool UseLargePagesIndividualAllocation        = false                                  {pd product} {ergonomic}

Logging:
Log output configuration:
 #0: stdout all=warning uptime,level,tags
 #1: stderr all=off uptime,level,tags

Environment Variables:
JAVA_HOME=C:\Program Files\Java\jdk-11.0.17
CLASSPATH=.;C:\Program Files (x86)\scala\bin;C:\Program Files\Java\jdk-11.0.17\lib;C:\Program Files\Java\jdk-11.0.17\lib\tools.jar
PATH=;C:\Program Files (x86)\scala\bin;C:\Program Files\PlasticSCM5\server;C:\Program Files\PlasticSCM5\client;C:\Program Files\Java\jdk-11.0.17\bin;C:\Program Files\Java\jdk-11.0.17\jre\bin;C:\Program Files\Common Files\Oracle\Java\javapath;C:\Program Files (x86)\Common Files\Oracle\Java\javapath;C:\windows\system32;C:\windows;C:\windows\System32\Wbem;C:\windows\System32\WindowsPowerShell\v1.0\;C:\windows\System32\OpenSSH\;C:\Program Files\NVIDIA Corporation\NVIDIA NvDLISR;C:\WINDOWS\system32;C:\WINDOWS;C:\WINDOWS\System32\Wbem;C:\WINDOWS\System32\WindowsPowerShell\v1.0\;C:\WINDOWS\System32\OpenSSH\;C:\Program Files\Git\cmd;C:\Program Files\Microsoft SQL Server\150\Tools\Binn\;C:\Program Files\Microsoft SQL Server\Client SDK\ODBC\170\Tools\Binn\;C:\Program Files\dotnet\;C:\Program Files\nodejs\;C:\Users\86138\Desktop\nodejs;C:\Program Files (x86)\Tencent\web\dll;C:\Program Files (x86)\NVIDIA Corporation\PhysX\Common;C:\Users\86138\Desktop\gradle-7.4.2\bin;C:\Program Files (x86)\scala\bin;C:\Program Files\NVIDIA Corporation\Nsight Compute 2022.3.0\;C:\ProgramData\Anaconda3;C:\ProgramData\Anaconda3\Scripts;C:\ProgramData\Anaconda3\Library\bin;C:\MinGW\bin;C:\ProgramData\Anaconda3\Library\mingw-w64\bin;C:\ProgramData\Anaconda3\Library\mingw-w64\x86_64-w64-mingw32\lib;C:\Users\86138\AppData\Roaming\Python\Scripts;C:\Program Files\maven\apache-maven-3.8.6\bin;C:\Program Files\MySQL\MySQL Shell 8.0\bin\;C:\Users\86138\AppData\Local\Programs\Python\Python310\Scripts\;C:\Users\86138\AppData\Local\Programs\Python\Python310\;C:\Users\86138\AppData\Local\Packages\PythonSoftwareFoundation.Python.3.9_qbz5n2kfra8p0\LocalCache\local-packages\Python39\Scripts;C:\Users\86138\.dotnet\tools;C:\Users\86138\AppData\Local\Programs\Microsoft VS Code\bin;C:\Users\86138\AppData\Roaming\npm;C:\Users\86138\AppData\Local\Programs\Fiddler
USERNAME=86138
OS=Windows_NT
PROCESSOR_IDENTIFIER=AMD64 Family 23 Model 96 Stepping 1, AuthenticAMD



---------------  S Y S T E M  ---------------

OS: Windows 10 , 64 bit Build 19041 (10.0.19041.2364)

CPU:total 12 (initial active 12) (12 cores per cpu, 2 threads per core) family 23 model 96 stepping 1 microcode 0x0, cmov, cx8, fxsr, mmx, sse, sse2, sse3, ssse3, sse4.1, sse4.2, popcnt, avx, avx2, aes, clmul, mmxext, 3dnowpref, lzcnt, sse4a, ht, tsc, tscinvbit, tscinv, bmi1, bmi2, adx, 

Memory: 4k page, system-wide physical 15733M (2922M free)
TotalPageFile size 25461M (AvailPageFile size 8011M)
current process WorkingSet (physical memory assigned to process): 108M, peak: 127M
current process commit charge ("private bytes"): 350M, peak: 365M

vm_info: Java HotSpot(TM) 64-Bit Server VM (11.0.17+10-LTS-269) for windows-amd64 JRE (11.0.17+10-LTS-269), built on Sep 13 2022 19:26:37 by "mach5one" with MS VC++ 15.9 (VS2017)

END.
