#
# A fatal error has been detected by the Java Runtime Environment:
#
#  EXCEPTION_ACCESS_VIOLATION (0xc0000005) at pc=0x00007ffdd2ccdb70, pid=12208, tid=11628
#
# JRE version: Java(TM) SE Runtime Environment 18.9 (11.0.17+10) (build 11.0.17+10-LTS-269)
# Java VM: Java HotSpot(TM) 64-Bit Server VM 18.9 (11.0.17+10-LTS-269, mixed mode, tiered, compressed oops, g1 gc, windows-amd64)
# Problematic frame:
# C  [jniLLVM.dll+0xe7db70]
#
# No core dump will be written. Minidumps are not enabled by default on client versions of Windows
#
# If you would like to submit a bug report, please visit:
#   https://bugreport.java.com/bugreport/crash.jsp
# The crash happened outside the Java Virtual Machine in native code.
# See problematic frame for where to report the bug.
#

---------------  S U M M A R Y ------------

Command Line: -javaagent:C:\Program Files\JetBrains\IntelliJ IDEA Community Edition 2021.2.2\lib\idea_rt.jar=53779:C:\Program Files\JetBrains\IntelliJ IDEA Community Edition 2021.2.2\bin -Dfile.encoding=UTF-8 Main C:\Users\86138\Desktop\20.04\lab6\src\test\test1.txt C:\Users\86138\Desktop\20.04\lab6\src\test\result.txt

Host: AMD Ryzen 5 4600H with Radeon Graphics         , 12 cores, 15G,  Windows 10 , 64 bit Build 19041 (10.0.19041.2364)
Time: Tue Jan 10 20:31:52 2023  Windows 10 , 64 bit Build 19041 (10.0.19041.2364) elapsed time: 1.440928 seconds (0d 0h 0m 1s)

---------------  T H R E A D  ---------------

Current thread (0x000001f3b2e2e800):  JavaThread "main" [_thread_in_native, id=11628, stack(0x000000d7f6e00000,0x000000d7f6f00000)]

Stack: [0x000000d7f6e00000,0x000000d7f6f00000],  sp=0x000000d7f6efee88,  free space=1019k
Native frames: (J=compiled Java code, j=interpreted, Vv=VM code, C=native code)
C  [jniLLVM.dll+0xe7db70]

Java frames: (J=compiled Java code, j=interpreted, Vv=VM code)
j  org.bytedeco.llvm.global.LLVM.LLVMBuildAlloca(Lorg/bytedeco/llvm/LLVM/LLVMBuilderRef;Lorg/bytedeco/llvm/LLVM/LLVMTypeRef;Ljava/lang/String;)Lorg/bytedeco/llvm/LLVM/LLVMValueRef;+0
j  LLVMvisitor.visitVarDecl(LSysYParser$VarDeclContext;)Lorg/bytedeco/llvm/LLVM/LLVMValueRef;+137
j  LLVMvisitor.visitVarDecl(LSysYParser$VarDeclContext;)Ljava/lang/Object;+2
j  SysYParser$VarDeclContext.accept(Lorg/antlr/v4/runtime/tree/ParseTreeVisitor;)Ljava/lang/Object;+12
j  org.antlr.v4.runtime.tree.AbstractParseTreeVisitor.visitChildren(Lorg/antlr/v4/runtime/tree/RuleNode;)Ljava/lang/Object;+46
j  SysYParserBaseVisitor.visitDecl(LSysYParser$DeclContext;)Ljava/lang/Object;+2
j  SysYParser$DeclContext.accept(Lorg/antlr/v4/runtime/tree/ParseTreeVisitor;)Ljava/lang/Object;+12
j  org.antlr.v4.runtime.tree.AbstractParseTreeVisitor.visitChildren(Lorg/antlr/v4/runtime/tree/RuleNode;)Ljava/lang/Object;+46
j  SysYParserBaseVisitor.visitCompUnit(LSysYParser$CompUnitContext;)Ljava/lang/Object;+2
j  SysYParser$CompUnitContext.accept(Lorg/antlr/v4/runtime/tree/ParseTreeVisitor;)Ljava/lang/Object;+12
j  org.antlr.v4.runtime.tree.AbstractParseTreeVisitor.visitChildren(Lorg/antlr/v4/runtime/tree/RuleNode;)Ljava/lang/Object;+46
j  SysYParserBaseVisitor.visitProgram(LSysYParser$ProgramContext;)Ljava/lang/Object;+2
j  LLVMvisitor.visitProgram(LSysYParser$ProgramContext;)Lorg/bytedeco/llvm/LLVM/LLVMValueRef;+22
j  LLVMvisitor.visitProgram(LSysYParser$ProgramContext;)Ljava/lang/Object;+2
j  SysYParser$ProgramContext.accept(Lorg/antlr/v4/runtime/tree/ParseTreeVisitor;)Ljava/lang/Object;+12
j  org.antlr.v4.runtime.tree.AbstractParseTreeVisitor.visit(Lorg/antlr/v4/runtime/tree/ParseTree;)Ljava/lang/Object;+2
j  Main.main([Ljava/lang/String;)V+90
v  ~StubRoutines::call_stub

siginfo: EXCEPTION_ACCESS_VIOLATION (0xc0000005), reading address 0x0000000000000048


Register to memory mapping:

RIP=0x00007ffdd2ccdb70 jniLLVM.dll
RAX=0x000001f3d6840470 points into unknown readable memory: 0x617265746e696f70 | 70 6f 69 6e 74 65 72 61
RBX=0x0 is NULL
RCX=0x0 is NULL
RDX=0x000001f3d6e6f6d0 points into unknown readable memory: 0x000001f3d6a8bd60 | 60 bd a8 d6 f3 01 00 00
RSP=0x000000d7f6efee88 is pointing into the stack for thread: 0x000001f3b2e2e800
RBP=0x000001f3d6e6f6d0 points into unknown readable memory: 0x000001f3d6a8bd60 | 60 bd a8 d6 f3 01 00 00
RSI=0x000001f3d6ffcd90 points into unknown readable memory: 0x000001f3d6ffcda0 | a0 cd ff d6 f3 01 00 00
RDI=0x000001f3b2e2eb48 points into unknown readable memory: 0x00007ffdec444d10 | 10 4d 44 ec fd 7f 00 00
R8 =0x0 is NULL
R9 =0x000000d7f6efef40 is pointing into the stack for thread: 0x000001f3b2e2e800
R10=0x0000000716e541c8 is pointing into object: [B 
{0x0000000716e541b8} - klass: {type array byte}
 - length: 8
R11=0x000000d7f6efef10 is pointing into the stack for thread: 0x000001f3b2e2e800
R12=0x0 is NULL
R13={method} {0x000001f3d7f61668} 'LLVMBuildAlloca' '(Lorg/bytedeco/llvm/LLVM/LLVMBuilderRef;Lorg/bytedeco/llvm/LLVM/LLVMTypeRef;Ljava/lang/String;)Lorg/bytedeco/llvm/LLVM/LLVMValueRef;' in 'org/bytedeco/llvm/global/LLVM'
R14=0x0 is NULL
R15=0x000000d7f6efef40 is pointing into the stack for thread: 0x000001f3b2e2e800


Registers:
RAX=0x000001f3d6840470, RBX=0x0000000000000000, RCX=0x0000000000000000, RDX=0x000001f3d6e6f6d0
RSP=0x000000d7f6efee88, RBP=0x000001f3d6e6f6d0, RSI=0x000001f3d6ffcd90, RDI=0x000001f3b2e2eb48
R8 =0x0000000000000000, R9 =0x000000d7f6efef40, R10=0x0000000716e541c8, R11=0x000000d7f6efef10
R12=0x0000000000000000, R13=0x000001f3d7f61660, R14=0x0000000000000000, R15=0x000000d7f6efef40
RIP=0x00007ffdd2ccdb70, EFLAGS=0x0000000000010206

Top of Stack: (sp=0x000000d7f6efee88)
0x000000d7f6efee88:   00007ffdd29ae36d 000001f3b2e2eb48
0x000000d7f6efee98:   000001f3d62475e0 0000000000000008
0x000000d7f6efeea8:   00007ffe4b8dfde6 000001f3d62475e0
0x000000d7f6efeeb8:   00007ffdebe02929 000001f3b2e2e800
0x000000d7f6efeec8:   000001f300000000 000001f3b2e2eb48
0x000000d7f6efeed8:   00007ffdd4357357 0000000000000009
0x000000d7f6efeee8:   000001f3b2e2e800 000001f3b2e2e800
0x000000d7f6efeef8:   0000000000000000 000001f3b2e2e800
0x000000d7f6efef08:   000001f3d6840470 000001f3b2e2eb48
0x000000d7f6efef18:   00007ffdd2cf4986 0000000000000000
0x000000d7f6efef28:   0000000000000000 000001f3d6ffcd90
0x000000d7f6efef38:   000001f3d6e6f6d0 000001f3d6840470
0x000000d7f6efef48:   000001f3b2e2eb48 0000000000000008
0x000000d7f6efef58:   0000000716e05660 000001f3d6840103
0x000000d7f6efef68:   000001f3b2e2e800 0000000000000000
0x000000d7f6efef78:   00007ffdd1f22ca5 000001f3d6ffcd90 

Instructions: (pc=0x00007ffdd2ccdb70)
0x00007ffdd2ccdb50:   0c 48 8b 40 08 48 3b c1 75 e6 49 8b d0 80 7a 10
0x00007ffdd2ccdb60:   5c 49 0f 45 d0 48 8b c2 c3 cc cc cc cc cc cc cc
0x00007ffdd2ccdb70:   48 8b 41 48 48 8b 40 28 c3 cc cc cc cc cc cc cc
0x00007ffdd2ccdb80:   48 89 5c 24 08 48 89 74 24 10 48 89 7c 24 18 4c 


Stack slot to memory mapping:
stack at sp + 0 slots: 0x00007ffdd29ae36d jniLLVM.dll
stack at sp + 1 slots: 0x000001f3b2e2eb48 points into unknown readable memory: 0x00007ffdec444d10 | 10 4d 44 ec fd 7f 00 00
stack at sp + 2 slots: 0x000001f3d62475e0 points into unknown readable memory: 0x0000000716e541b8 | b8 41 e5 16 07 00 00 00
stack at sp + 3 slots: 0x0000000000000008 is an unknown value
stack at sp + 4 slots: 0x00007ffe4b8dfde6 ucrtbase.dll
stack at sp + 5 slots: 0x000001f3d62475e0 points into unknown readable memory: 0x0000000716e541b8 | b8 41 e5 16 07 00 00 00
stack at sp + 6 slots: 0x00007ffdebe02929 jvm.dll
stack at sp + 7 slots: 0x000001f3b2e2e800 is a thread


---------------  P R O C E S S  ---------------

Threads class SMR info:
_java_thread_list=0x000001f3d728ace0, length=13, elements={
0x000001f3b2e2e800, 0x000001f3d6262000, 0x000001f3d6263000, 0x000001f3d62f8000,
0x000001f3d62fa000, 0x000001f3d62fb000, 0x000001f3d62fe800, 0x000001f3d6308000,
0x000001f3d6314000, 0x000001f3d5a1d800, 0x000001f3d65a3000, 0x000001f3d684d000,
0x000001f3d65e5800
}

Java Threads: ( => current thread )
=>0x000001f3b2e2e800 JavaThread "main" [_thread_in_native, id=11628, stack(0x000000d7f6e00000,0x000000d7f6f00000)]
  0x000001f3d6262000 JavaThread "Reference Handler" daemon [_thread_blocked, id=18420, stack(0x000000d7f7500000,0x000000d7f7600000)]
  0x000001f3d6263000 JavaThread "Finalizer" daemon [_thread_blocked, id=6540, stack(0x000000d7f7600000,0x000000d7f7700000)]
  0x000001f3d62f8000 JavaThread "Signal Dispatcher" daemon [_thread_blocked, id=13068, stack(0x000000d7f7700000,0x000000d7f7800000)]
  0x000001f3d62fa000 JavaThread "Attach Listener" daemon [_thread_blocked, id=5528, stack(0x000000d7f7800000,0x000000d7f7900000)]
  0x000001f3d62fb000 JavaThread "Service Thread" daemon [_thread_blocked, id=10704, stack(0x000000d7f7900000,0x000000d7f7a00000)]
  0x000001f3d62fe800 JavaThread "C2 CompilerThread0" daemon [_thread_blocked, id=9852, stack(0x000000d7f7a00000,0x000000d7f7b00000)]
  0x000001f3d6308000 JavaThread "C1 CompilerThread0" daemon [_thread_blocked, id=9260, stack(0x000000d7f7b00000,0x000000d7f7c00000)]
  0x000001f3d6314000 JavaThread "Sweeper thread" daemon [_thread_blocked, id=7248, stack(0x000000d7f7c00000,0x000000d7f7d00000)]
  0x000001f3d5a1d800 JavaThread "Common-Cleaner" daemon [_thread_blocked, id=5104, stack(0x000000d7f7d00000,0x000000d7f7e00000)]
  0x000001f3d65a3000 JavaThread "Monitor Ctrl-Break" daemon [_thread_in_native, id=5396, stack(0x000000d7f7f00000,0x000000d7f8000000)]
  0x000001f3d684d000 JavaThread "JavaCPP Deallocator" daemon [_thread_blocked, id=16940, stack(0x000000d7f8100000,0x000000d7f8200000)]
  0x000001f3d65e5800 JavaThread "C2 CompilerThread1" daemon [_thread_blocked, id=2180, stack(0x000000d7f7e00000,0x000000d7f7f00000)]

Other Threads:
  0x000001f3d6260000 VMThread "VM Thread" [stack: 0x000000d7f7400000,0x000000d7f7500000] [id=17108]
  0x000001f3d65a4000 WatcherThread [stack: 0x000000d7f8000000,0x000000d7f8100000] [id=8]
  0x000001f3b2e43800 GCTaskThread "GC Thread#0" [stack: 0x000000d7f6f00000,0x000000d7f7000000] [id=8772]
  0x000001f3d689a000 GCTaskThread "GC Thread#1" [stack: 0x000000d7f8200000,0x000000d7f8300000] [id=17508]
  0x000001f3d689a800 GCTaskThread "GC Thread#2" [stack: 0x000000d7f8300000,0x000000d7f8400000] [id=10148]
  0x000001f3d689b000 GCTaskThread "GC Thread#3" [stack: 0x000000d7f8400000,0x000000d7f8500000] [id=18232]
  0x000001f3d689c000 GCTaskThread "GC Thread#4" [stack: 0x000000d7f8500000,0x000000d7f8600000] [id=13132]
  0x000001f3b2ea0000 ConcurrentGCThread "G1 Main Marker" [stack: 0x000000d7f7000000,0x000000d7f7100000] [id=17288]
  0x000001f3b2ea1800 ConcurrentGCThread "G1 Conc#0" [stack: 0x000000d7f7100000,0x000000d7f7200000] [id=16740]
  0x000001f3d58c8800 ConcurrentGCThread "G1 Refine#0" [stack: 0x000000d7f7200000,0x000000d7f7300000] [id=11988]
  0x000001f3d58c9800 ConcurrentGCThread "G1 Young RemSet Sampling" [stack: 0x000000d7f7300000,0x000000d7f7400000] [id=12352]

Threads with active compile tasks:

VM state:not at safepoint (normal execution)

VM Mutex/Monitor currently owned by a thread: None

Heap address: 0x000000070a200000, size: 3934 MB, Compressed Oops mode: Zero based, Oop shift amount: 3
Narrow klass base: 0x0000000800000000, Narrow klass shift: 0
Compressed class space size: 1073741824 Address: 0x0000000800000000

Heap:
 garbage-first heap   total 251904K, used 45263K [0x000000070a200000, 0x0000000800000000)
  region size 1024K, 42 young (43008K), 3 survivors (3072K)
 Metaspace       used 11058K, capacity 11233K, committed 11392K, reserved 1058816K
  class space    used 1077K, capacity 1126K, committed 1152K, reserved 1048576K
Heap Regions: E=young(eden), S=young(survivor), O=old, HS=humongous(starts), HC=humongous(continues), CS=collection set, F=free, A=archive, TAMS=top-at-mark-start (previous, next)
|   0|0x000000070a200000, 0x000000070a300000, 0x000000070a300000|100%| O|  |TAMS 0x000000070a200000, 0x000000070a200000| Untracked 
|   1|0x000000070a300000, 0x000000070a400000, 0x000000070a400000|100%| O|  |TAMS 0x000000070a300000, 0x000000070a300000| Untracked 
|   2|0x000000070a400000, 0x000000070a500000, 0x000000070a500000|100%| O|  |TAMS 0x000000070a400000, 0x000000070a400000| Untracked 
|   3|0x000000070a500000, 0x000000070a533e00, 0x000000070a600000| 20%| O|  |TAMS 0x000000070a500000, 0x000000070a500000| Untracked 
|   4|0x000000070a600000, 0x000000070a600000, 0x000000070a700000|  0%| F|  |TAMS 0x000000070a600000, 0x000000070a600000| Untracked 
|   5|0x000000070a700000, 0x000000070a700000, 0x000000070a800000|  0%| F|  |TAMS 0x000000070a700000, 0x000000070a700000| Untracked 
|   6|0x000000070a800000, 0x000000070a800000, 0x000000070a900000|  0%| F|  |TAMS 0x000000070a800000, 0x000000070a800000| Untracked 
|   7|0x000000070a900000, 0x000000070a900000, 0x000000070aa00000|  0%| F|  |TAMS 0x000000070a900000, 0x000000070a900000| Untracked 
|   8|0x000000070aa00000, 0x000000070aa00000, 0x000000070ab00000|  0%| F|  |TAMS 0x000000070aa00000, 0x000000070aa00000| Untracked 
|   9|0x000000070ab00000, 0x000000070ab00000, 0x000000070ac00000|  0%| F|  |TAMS 0x000000070ab00000, 0x000000070ab00000| Untracked 
|  10|0x000000070ac00000, 0x000000070ac00000, 0x000000070ad00000|  0%| F|  |TAMS 0x000000070ac00000, 0x000000070ac00000| Untracked 
|  11|0x000000070ad00000, 0x000000070ad00000, 0x000000070ae00000|  0%| F|  |TAMS 0x000000070ad00000, 0x000000070ad00000| Untracked 
|  12|0x000000070ae00000, 0x000000070ae00000, 0x000000070af00000|  0%| F|  |TAMS 0x000000070ae00000, 0x000000070ae00000| Untracked 
|  13|0x000000070af00000, 0x000000070af00000, 0x000000070b000000|  0%| F|  |TAMS 0x000000070af00000, 0x000000070af00000| Untracked 
|  14|0x000000070b000000, 0x000000070b000000, 0x000000070b100000|  0%| F|  |TAMS 0x000000070b000000, 0x000000070b000000| Untracked 
|  15|0x000000070b100000, 0x000000070b100000, 0x000000070b200000|  0%| F|  |TAMS 0x000000070b100000, 0x000000070b100000| Untracked 
|  16|0x000000070b200000, 0x000000070b200000, 0x000000070b300000|  0%| F|  |TAMS 0x000000070b200000, 0x000000070b200000| Untracked 
|  17|0x000000070b300000, 0x000000070b300000, 0x000000070b400000|  0%| F|  |TAMS 0x000000070b300000, 0x000000070b300000| Untracked 
|  18|0x000000070b400000, 0x000000070b400000, 0x000000070b500000|  0%| F|  |TAMS 0x000000070b400000, 0x000000070b400000| Untracked 
|  19|0x000000070b500000, 0x000000070b500000, 0x000000070b600000|  0%| F|  |TAMS 0x000000070b500000, 0x000000070b500000| Untracked 
|  20|0x000000070b600000, 0x000000070b600000, 0x000000070b700000|  0%| F|  |TAMS 0x000000070b600000, 0x000000070b600000| Untracked 
|  21|0x000000070b700000, 0x000000070b700000, 0x000000070b800000|  0%| F|  |TAMS 0x000000070b700000, 0x000000070b700000| Untracked 
|  22|0x000000070b800000, 0x000000070b800000, 0x000000070b900000|  0%| F|  |TAMS 0x000000070b800000, 0x000000070b800000| Untracked 
|  23|0x000000070b900000, 0x000000070b900000, 0x000000070ba00000|  0%| F|  |TAMS 0x000000070b900000, 0x000000070b900000| Untracked 
|  24|0x000000070ba00000, 0x000000070ba00000, 0x000000070bb00000|  0%| F|  |TAMS 0x000000070ba00000, 0x000000070ba00000| Untracked 
|  25|0x000000070bb00000, 0x000000070bb00000, 0x000000070bc00000|  0%| F|  |TAMS 0x000000070bb00000, 0x000000070bb00000| Untracked 
|  26|0x000000070bc00000, 0x000000070bc00000, 0x000000070bd00000|  0%| F|  |TAMS 0x000000070bc00000, 0x000000070bc00000| Untracked 
|  27|0x000000070bd00000, 0x000000070bd00000, 0x000000070be00000|  0%| F|  |TAMS 0x000000070bd00000, 0x000000070bd00000| Untracked 
|  28|0x000000070be00000, 0x000000070be00000, 0x000000070bf00000|  0%| F|  |TAMS 0x000000070be00000, 0x000000070be00000| Untracked 
|  29|0x000000070bf00000, 0x000000070bf00000, 0x000000070c000000|  0%| F|  |TAMS 0x000000070bf00000, 0x000000070bf00000| Untracked 
|  30|0x000000070c000000, 0x000000070c000000, 0x000000070c100000|  0%| F|  |TAMS 0x000000070c000000, 0x000000070c000000| Untracked 
|  31|0x000000070c100000, 0x000000070c100000, 0x000000070c200000|  0%| F|  |TAMS 0x000000070c100000, 0x000000070c100000| Untracked 
|  32|0x000000070c200000, 0x000000070c200000, 0x000000070c300000|  0%| F|  |TAMS 0x000000070c200000, 0x000000070c200000| Untracked 
|  33|0x000000070c300000, 0x000000070c300000, 0x000000070c400000|  0%| F|  |TAMS 0x000000070c300000, 0x000000070c300000| Untracked 
|  34|0x000000070c400000, 0x000000070c400000, 0x000000070c500000|  0%| F|  |TAMS 0x000000070c400000, 0x000000070c400000| Untracked 
|  35|0x000000070c500000, 0x000000070c500000, 0x000000070c600000|  0%| F|  |TAMS 0x000000070c500000, 0x000000070c500000| Untracked 
|  36|0x000000070c600000, 0x000000070c600000, 0x000000070c700000|  0%| F|  |TAMS 0x000000070c600000, 0x000000070c600000| Untracked 
|  37|0x000000070c700000, 0x000000070c700000, 0x000000070c800000|  0%| F|  |TAMS 0x000000070c700000, 0x000000070c700000| Untracked 
|  38|0x000000070c800000, 0x000000070c800000, 0x000000070c900000|  0%| F|  |TAMS 0x000000070c800000, 0x000000070c800000| Untracked 
|  39|0x000000070c900000, 0x000000070c900000, 0x000000070ca00000|  0%| F|  |TAMS 0x000000070c900000, 0x000000070c900000| Untracked 
|  40|0x000000070ca00000, 0x000000070ca00000, 0x000000070cb00000|  0%| F|  |TAMS 0x000000070ca00000, 0x000000070ca00000| Untracked 
|  41|0x000000070cb00000, 0x000000070cb00000, 0x000000070cc00000|  0%| F|  |TAMS 0x000000070cb00000, 0x000000070cb00000| Untracked 
|  42|0x000000070cc00000, 0x000000070cc00000, 0x000000070cd00000|  0%| F|  |TAMS 0x000000070cc00000, 0x000000070cc00000| Untracked 
|  43|0x000000070cd00000, 0x000000070cd00000, 0x000000070ce00000|  0%| F|  |TAMS 0x000000070cd00000, 0x000000070cd00000| Untracked 
|  44|0x000000070ce00000, 0x000000070ce00000, 0x000000070cf00000|  0%| F|  |TAMS 0x000000070ce00000, 0x000000070ce00000| Untracked 
|  45|0x000000070cf00000, 0x000000070cf00000, 0x000000070d000000|  0%| F|  |TAMS 0x000000070cf00000, 0x000000070cf00000| Untracked 
|  46|0x000000070d000000, 0x000000070d000000, 0x000000070d100000|  0%| F|  |TAMS 0x000000070d000000, 0x000000070d000000| Untracked 
|  47|0x000000070d100000, 0x000000070d100000, 0x000000070d200000|  0%| F|  |TAMS 0x000000070d100000, 0x000000070d100000| Untracked 
|  48|0x000000070d200000, 0x000000070d200000, 0x000000070d300000|  0%| F|  |TAMS 0x000000070d200000, 0x000000070d200000| Untracked 
|  49|0x000000070d300000, 0x000000070d300000, 0x000000070d400000|  0%| F|  |TAMS 0x000000070d300000, 0x000000070d300000| Untracked 
|  50|0x000000070d400000, 0x000000070d400000, 0x000000070d500000|  0%| F|  |TAMS 0x000000070d400000, 0x000000070d400000| Untracked 
|  51|0x000000070d500000, 0x000000070d500000, 0x000000070d600000|  0%| F|  |TAMS 0x000000070d500000, 0x000000070d500000| Untracked 
|  52|0x000000070d600000, 0x000000070d600000, 0x000000070d700000|  0%| F|  |TAMS 0x000000070d600000, 0x000000070d600000| Untracked 
|  53|0x000000070d700000, 0x000000070d700000, 0x000000070d800000|  0%| F|  |TAMS 0x000000070d700000, 0x000000070d700000| Untracked 
|  54|0x000000070d800000, 0x000000070d800000, 0x000000070d900000|  0%| F|  |TAMS 0x000000070d800000, 0x000000070d800000| Untracked 
|  55|0x000000070d900000, 0x000000070d900000, 0x000000070da00000|  0%| F|  |TAMS 0x000000070d900000, 0x000000070d900000| Untracked 
|  56|0x000000070da00000, 0x000000070da00000, 0x000000070db00000|  0%| F|  |TAMS 0x000000070da00000, 0x000000070da00000| Untracked 
|  57|0x000000070db00000, 0x000000070db00000, 0x000000070dc00000|  0%| F|  |TAMS 0x000000070db00000, 0x000000070db00000| Untracked 
|  58|0x000000070dc00000, 0x000000070dc00000, 0x000000070dd00000|  0%| F|  |TAMS 0x000000070dc00000, 0x000000070dc00000| Untracked 
|  59|0x000000070dd00000, 0x000000070dd00000, 0x000000070de00000|  0%| F|  |TAMS 0x000000070dd00000, 0x000000070dd00000| Untracked 
|  60|0x000000070de00000, 0x000000070de00000, 0x000000070df00000|  0%| F|  |TAMS 0x000000070de00000, 0x000000070de00000| Untracked 
|  61|0x000000070df00000, 0x000000070df00000, 0x000000070e000000|  0%| F|  |TAMS 0x000000070df00000, 0x000000070df00000| Untracked 
|  62|0x000000070e000000, 0x000000070e000000, 0x000000070e100000|  0%| F|  |TAMS 0x000000070e000000, 0x000000070e000000| Untracked 
|  63|0x000000070e100000, 0x000000070e100000, 0x000000070e200000|  0%| F|  |TAMS 0x000000070e100000, 0x000000070e100000| Untracked 
|  64|0x000000070e200000, 0x000000070e200000, 0x000000070e300000|  0%| F|  |TAMS 0x000000070e200000, 0x000000070e200000| Untracked 
|  65|0x000000070e300000, 0x000000070e300000, 0x000000070e400000|  0%| F|  |TAMS 0x000000070e300000, 0x000000070e300000| Untracked 
|  66|0x000000070e400000, 0x000000070e400000, 0x000000070e500000|  0%| F|  |TAMS 0x000000070e400000, 0x000000070e400000| Untracked 
|  67|0x000000070e500000, 0x000000070e500000, 0x000000070e600000|  0%| F|  |TAMS 0x000000070e500000, 0x000000070e500000| Untracked 
|  68|0x000000070e600000, 0x000000070e600000, 0x000000070e700000|  0%| F|  |TAMS 0x000000070e600000, 0x000000070e600000| Untracked 
|  69|0x000000070e700000, 0x000000070e700000, 0x000000070e800000|  0%| F|  |TAMS 0x000000070e700000, 0x000000070e700000| Untracked 
|  70|0x000000070e800000, 0x000000070e800000, 0x000000070e900000|  0%| F|  |TAMS 0x000000070e800000, 0x000000070e800000| Untracked 
|  71|0x000000070e900000, 0x000000070e900000, 0x000000070ea00000|  0%| F|  |TAMS 0x000000070e900000, 0x000000070e900000| Untracked 
|  72|0x000000070ea00000, 0x000000070ea00000, 0x000000070eb00000|  0%| F|  |TAMS 0x000000070ea00000, 0x000000070ea00000| Untracked 
|  73|0x000000070eb00000, 0x000000070eb00000, 0x000000070ec00000|  0%| F|  |TAMS 0x000000070eb00000, 0x000000070eb00000| Untracked 
|  74|0x000000070ec00000, 0x000000070ec00000, 0x000000070ed00000|  0%| F|  |TAMS 0x000000070ec00000, 0x000000070ec00000| Untracked 
|  75|0x000000070ed00000, 0x000000070ed00000, 0x000000070ee00000|  0%| F|  |TAMS 0x000000070ed00000, 0x000000070ed00000| Untracked 
|  76|0x000000070ee00000, 0x000000070ee00000, 0x000000070ef00000|  0%| F|  |TAMS 0x000000070ee00000, 0x000000070ee00000| Untracked 
|  77|0x000000070ef00000, 0x000000070ef00000, 0x000000070f000000|  0%| F|  |TAMS 0x000000070ef00000, 0x000000070ef00000| Untracked 
|  78|0x000000070f000000, 0x000000070f000000, 0x000000070f100000|  0%| F|  |TAMS 0x000000070f000000, 0x000000070f000000| Untracked 
|  79|0x000000070f100000, 0x000000070f100000, 0x000000070f200000|  0%| F|  |TAMS 0x000000070f100000, 0x000000070f100000| Untracked 
|  80|0x000000070f200000, 0x000000070f200000, 0x000000070f300000|  0%| F|  |TAMS 0x000000070f200000, 0x000000070f200000| Untracked 
|  81|0x000000070f300000, 0x000000070f300000, 0x000000070f400000|  0%| F|  |TAMS 0x000000070f300000, 0x000000070f300000| Untracked 
|  82|0x000000070f400000, 0x000000070f400000, 0x000000070f500000|  0%| F|  |TAMS 0x000000070f400000, 0x000000070f400000| Untracked 
|  83|0x000000070f500000, 0x000000070f500000, 0x000000070f600000|  0%| F|  |TAMS 0x000000070f500000, 0x000000070f500000| Untracked 
|  84|0x000000070f600000, 0x000000070f600000, 0x000000070f700000|  0%| F|  |TAMS 0x000000070f600000, 0x000000070f600000| Untracked 
|  85|0x000000070f700000, 0x000000070f700000, 0x000000070f800000|  0%| F|  |TAMS 0x000000070f700000, 0x000000070f700000| Untracked 
|  86|0x000000070f800000, 0x000000070f800000, 0x000000070f900000|  0%| F|  |TAMS 0x000000070f800000, 0x000000070f800000| Untracked 
|  87|0x000000070f900000, 0x000000070f900000, 0x000000070fa00000|  0%| F|  |TAMS 0x000000070f900000, 0x000000070f900000| Untracked 
|  88|0x000000070fa00000, 0x000000070fa00000, 0x000000070fb00000|  0%| F|  |TAMS 0x000000070fa00000, 0x000000070fa00000| Untracked 
|  89|0x000000070fb00000, 0x000000070fb00000, 0x000000070fc00000|  0%| F|  |TAMS 0x000000070fb00000, 0x000000070fb00000| Untracked 
|  90|0x000000070fc00000, 0x000000070fc00000, 0x000000070fd00000|  0%| F|  |TAMS 0x000000070fc00000, 0x000000070fc00000| Untracked 
|  91|0x000000070fd00000, 0x000000070fd00000, 0x000000070fe00000|  0%| F|  |TAMS 0x000000070fd00000, 0x000000070fd00000| Untracked 
|  92|0x000000070fe00000, 0x000000070fe00000, 0x000000070ff00000|  0%| F|  |TAMS 0x000000070fe00000, 0x000000070fe00000| Untracked 
|  93|0x000000070ff00000, 0x000000070ff00000, 0x0000000710000000|  0%| F|  |TAMS 0x000000070ff00000, 0x000000070ff00000| Untracked 
|  94|0x0000000710000000, 0x0000000710000000, 0x0000000710100000|  0%| F|  |TAMS 0x0000000710000000, 0x0000000710000000| Untracked 
|  95|0x0000000710100000, 0x0000000710100000, 0x0000000710200000|  0%| F|  |TAMS 0x0000000710100000, 0x0000000710100000| Untracked 
|  96|0x0000000710200000, 0x0000000710200000, 0x0000000710300000|  0%| F|  |TAMS 0x0000000710200000, 0x0000000710200000| Untracked 
|  97|0x0000000710300000, 0x0000000710300000, 0x0000000710400000|  0%| F|  |TAMS 0x0000000710300000, 0x0000000710300000| Untracked 
|  98|0x0000000710400000, 0x0000000710400000, 0x0000000710500000|  0%| F|  |TAMS 0x0000000710400000, 0x0000000710400000| Untracked 
|  99|0x0000000710500000, 0x0000000710500000, 0x0000000710600000|  0%| F|  |TAMS 0x0000000710500000, 0x0000000710500000| Untracked 
| 100|0x0000000710600000, 0x0000000710600000, 0x0000000710700000|  0%| F|  |TAMS 0x0000000710600000, 0x0000000710600000| Untracked 
| 101|0x0000000710700000, 0x0000000710700000, 0x0000000710800000|  0%| F|  |TAMS 0x0000000710700000, 0x0000000710700000| Untracked 
| 102|0x0000000710800000, 0x0000000710800000, 0x0000000710900000|  0%| F|  |TAMS 0x0000000710800000, 0x0000000710800000| Untracked 
| 103|0x0000000710900000, 0x0000000710900000, 0x0000000710a00000|  0%| F|  |TAMS 0x0000000710900000, 0x0000000710900000| Untracked 
| 104|0x0000000710a00000, 0x0000000710a00000, 0x0000000710b00000|  0%| F|  |TAMS 0x0000000710a00000, 0x0000000710a00000| Untracked 
| 105|0x0000000710b00000, 0x0000000710b00000, 0x0000000710c00000|  0%| F|  |TAMS 0x0000000710b00000, 0x0000000710b00000| Untracked 
| 106|0x0000000710c00000, 0x0000000710c00000, 0x0000000710d00000|  0%| F|  |TAMS 0x0000000710c00000, 0x0000000710c00000| Untracked 
| 107|0x0000000710d00000, 0x0000000710d00000, 0x0000000710e00000|  0%| F|  |TAMS 0x0000000710d00000, 0x0000000710d00000| Untracked 
| 108|0x0000000710e00000, 0x0000000710e00000, 0x0000000710f00000|  0%| F|  |TAMS 0x0000000710e00000, 0x0000000710e00000| Untracked 
| 109|0x0000000710f00000, 0x0000000710f00000, 0x0000000711000000|  0%| F|  |TAMS 0x0000000710f00000, 0x0000000710f00000| Untracked 
| 110|0x0000000711000000, 0x0000000711000000, 0x0000000711100000|  0%| F|  |TAMS 0x0000000711000000, 0x0000000711000000| Untracked 
| 111|0x0000000711100000, 0x0000000711100000, 0x0000000711200000|  0%| F|  |TAMS 0x0000000711100000, 0x0000000711100000| Untracked 
| 112|0x0000000711200000, 0x0000000711200000, 0x0000000711300000|  0%| F|  |TAMS 0x0000000711200000, 0x0000000711200000| Untracked 
| 113|0x0000000711300000, 0x0000000711300000, 0x0000000711400000|  0%| F|  |TAMS 0x0000000711300000, 0x0000000711300000| Untracked 
| 114|0x0000000711400000, 0x0000000711400000, 0x0000000711500000|  0%| F|  |TAMS 0x0000000711400000, 0x0000000711400000| Untracked 
| 115|0x0000000711500000, 0x0000000711500000, 0x0000000711600000|  0%| F|  |TAMS 0x0000000711500000, 0x0000000711500000| Untracked 
| 116|0x0000000711600000, 0x0000000711600000, 0x0000000711700000|  0%| F|  |TAMS 0x0000000711600000, 0x0000000711600000| Untracked 
| 117|0x0000000711700000, 0x0000000711700000, 0x0000000711800000|  0%| F|  |TAMS 0x0000000711700000, 0x0000000711700000| Untracked 
| 118|0x0000000711800000, 0x0000000711800000, 0x0000000711900000|  0%| F|  |TAMS 0x0000000711800000, 0x0000000711800000| Untracked 
| 119|0x0000000711900000, 0x0000000711900000, 0x0000000711a00000|  0%| F|  |TAMS 0x0000000711900000, 0x0000000711900000| Untracked 
| 120|0x0000000711a00000, 0x0000000711a00000, 0x0000000711b00000|  0%| F|  |TAMS 0x0000000711a00000, 0x0000000711a00000| Untracked 
| 121|0x0000000711b00000, 0x0000000711b00000, 0x0000000711c00000|  0%| F|  |TAMS 0x0000000711b00000, 0x0000000711b00000| Untracked 
| 122|0x0000000711c00000, 0x0000000711c00000, 0x0000000711d00000|  0%| F|  |TAMS 0x0000000711c00000, 0x0000000711c00000| Untracked 
| 123|0x0000000711d00000, 0x0000000711d00000, 0x0000000711e00000|  0%| F|  |TAMS 0x0000000711d00000, 0x0000000711d00000| Untracked 
| 124|0x0000000711e00000, 0x0000000711e00000, 0x0000000711f00000|  0%| F|  |TAMS 0x0000000711e00000, 0x0000000711e00000| Untracked 
| 125|0x0000000711f00000, 0x0000000711f00000, 0x0000000712000000|  0%| F|  |TAMS 0x0000000711f00000, 0x0000000711f00000| Untracked 
| 126|0x0000000712000000, 0x0000000712000000, 0x0000000712100000|  0%| F|  |TAMS 0x0000000712000000, 0x0000000712000000| Untracked 
| 127|0x0000000712100000, 0x0000000712100000, 0x0000000712200000|  0%| F|  |TAMS 0x0000000712100000, 0x0000000712100000| Untracked 
| 128|0x0000000712200000, 0x0000000712200000, 0x0000000712300000|  0%| F|  |TAMS 0x0000000712200000, 0x0000000712200000| Untracked 
| 129|0x0000000712300000, 0x0000000712300000, 0x0000000712400000|  0%| F|  |TAMS 0x0000000712300000, 0x0000000712300000| Untracked 
| 130|0x0000000712400000, 0x0000000712400000, 0x0000000712500000|  0%| F|  |TAMS 0x0000000712400000, 0x0000000712400000| Untracked 
| 131|0x0000000712500000, 0x0000000712500000, 0x0000000712600000|  0%| F|  |TAMS 0x0000000712500000, 0x0000000712500000| Untracked 
| 132|0x0000000712600000, 0x0000000712600000, 0x0000000712700000|  0%| F|  |TAMS 0x0000000712600000, 0x0000000712600000| Untracked 
| 133|0x0000000712700000, 0x0000000712700000, 0x0000000712800000|  0%| F|  |TAMS 0x0000000712700000, 0x0000000712700000| Untracked 
| 134|0x0000000712800000, 0x0000000712800000, 0x0000000712900000|  0%| F|  |TAMS 0x0000000712800000, 0x0000000712800000| Untracked 
| 135|0x0000000712900000, 0x0000000712900000, 0x0000000712a00000|  0%| F|  |TAMS 0x0000000712900000, 0x0000000712900000| Untracked 
| 136|0x0000000712a00000, 0x0000000712a00000, 0x0000000712b00000|  0%| F|  |TAMS 0x0000000712a00000, 0x0000000712a00000| Untracked 
| 137|0x0000000712b00000, 0x0000000712b00000, 0x0000000712c00000|  0%| F|  |TAMS 0x0000000712b00000, 0x0000000712b00000| Untracked 
| 138|0x0000000712c00000, 0x0000000712c00000, 0x0000000712d00000|  0%| F|  |TAMS 0x0000000712c00000, 0x0000000712c00000| Untracked 
| 139|0x0000000712d00000, 0x0000000712d00000, 0x0000000712e00000|  0%| F|  |TAMS 0x0000000712d00000, 0x0000000712d00000| Untracked 
| 140|0x0000000712e00000, 0x0000000712e00000, 0x0000000712f00000|  0%| F|  |TAMS 0x0000000712e00000, 0x0000000712e00000| Untracked 
| 141|0x0000000712f00000, 0x0000000712f00000, 0x0000000713000000|  0%| F|  |TAMS 0x0000000712f00000, 0x0000000712f00000| Untracked 
| 142|0x0000000713000000, 0x0000000713000000, 0x0000000713100000|  0%| F|  |TAMS 0x0000000713000000, 0x0000000713000000| Untracked 
| 143|0x0000000713100000, 0x0000000713100000, 0x0000000713200000|  0%| F|  |TAMS 0x0000000713100000, 0x0000000713100000| Untracked 
| 144|0x0000000713200000, 0x0000000713200000, 0x0000000713300000|  0%| F|  |TAMS 0x0000000713200000, 0x0000000713200000| Untracked 
| 145|0x0000000713300000, 0x0000000713300000, 0x0000000713400000|  0%| F|  |TAMS 0x0000000713300000, 0x0000000713300000| Untracked 
| 146|0x0000000713400000, 0x0000000713400000, 0x0000000713500000|  0%| F|  |TAMS 0x0000000713400000, 0x0000000713400000| Untracked 
| 147|0x0000000713500000, 0x0000000713500000, 0x0000000713600000|  0%| F|  |TAMS 0x0000000713500000, 0x0000000713500000| Untracked 
| 148|0x0000000713600000, 0x0000000713600000, 0x0000000713700000|  0%| F|  |TAMS 0x0000000713600000, 0x0000000713600000| Untracked 
| 149|0x0000000713700000, 0x0000000713700000, 0x0000000713800000|  0%| F|  |TAMS 0x0000000713700000, 0x0000000713700000| Untracked 
| 150|0x0000000713800000, 0x0000000713800000, 0x0000000713900000|  0%| F|  |TAMS 0x0000000713800000, 0x0000000713800000| Untracked 
| 151|0x0000000713900000, 0x0000000713900000, 0x0000000713a00000|  0%| F|  |TAMS 0x0000000713900000, 0x0000000713900000| Untracked 
| 152|0x0000000713a00000, 0x0000000713a00000, 0x0000000713b00000|  0%| F|  |TAMS 0x0000000713a00000, 0x0000000713a00000| Untracked 
| 153|0x0000000713b00000, 0x0000000713b00000, 0x0000000713c00000|  0%| F|  |TAMS 0x0000000713b00000, 0x0000000713b00000| Untracked 
| 154|0x0000000713c00000, 0x0000000713c00000, 0x0000000713d00000|  0%| F|  |TAMS 0x0000000713c00000, 0x0000000713c00000| Untracked 
| 155|0x0000000713d00000, 0x0000000713d00000, 0x0000000713e00000|  0%| F|  |TAMS 0x0000000713d00000, 0x0000000713d00000| Untracked 
| 156|0x0000000713e00000, 0x0000000713e00000, 0x0000000713f00000|  0%| F|  |TAMS 0x0000000713e00000, 0x0000000713e00000| Untracked 
| 157|0x0000000713f00000, 0x0000000713f00000, 0x0000000714000000|  0%| F|  |TAMS 0x0000000713f00000, 0x0000000713f00000| Untracked 
| 158|0x0000000714000000, 0x0000000714000000, 0x0000000714100000|  0%| F|  |TAMS 0x0000000714000000, 0x0000000714000000| Untracked 
| 159|0x0000000714100000, 0x0000000714100000, 0x0000000714200000|  0%| F|  |TAMS 0x0000000714100000, 0x0000000714100000| Untracked 
| 160|0x0000000714200000, 0x0000000714200000, 0x0000000714300000|  0%| F|  |TAMS 0x0000000714200000, 0x0000000714200000| Untracked 
| 161|0x0000000714300000, 0x0000000714300000, 0x0000000714400000|  0%| F|  |TAMS 0x0000000714300000, 0x0000000714300000| Untracked 
| 162|0x0000000714400000, 0x0000000714400000, 0x0000000714500000|  0%| F|  |TAMS 0x0000000714400000, 0x0000000714400000| Untracked 
| 163|0x0000000714500000, 0x0000000714500000, 0x0000000714600000|  0%| F|  |TAMS 0x0000000714500000, 0x0000000714500000| Untracked 
| 164|0x0000000714600000, 0x0000000714600000, 0x0000000714700000|  0%| F|  |TAMS 0x0000000714600000, 0x0000000714600000| Untracked 
| 165|0x0000000714700000, 0x0000000714700000, 0x0000000714800000|  0%| F|  |TAMS 0x0000000714700000, 0x0000000714700000| Untracked 
| 166|0x0000000714800000, 0x0000000714800000, 0x0000000714900000|  0%| F|  |TAMS 0x0000000714800000, 0x0000000714800000| Untracked 
| 167|0x0000000714900000, 0x0000000714900000, 0x0000000714a00000|  0%| F|  |TAMS 0x0000000714900000, 0x0000000714900000| Untracked 
| 168|0x0000000714a00000, 0x0000000714a00000, 0x0000000714b00000|  0%| F|  |TAMS 0x0000000714a00000, 0x0000000714a00000| Untracked 
| 169|0x0000000714b00000, 0x0000000714b00000, 0x0000000714c00000|  0%| F|  |TAMS 0x0000000714b00000, 0x0000000714b00000| Untracked 
| 170|0x0000000714c00000, 0x0000000714c00000, 0x0000000714d00000|  0%| F|  |TAMS 0x0000000714c00000, 0x0000000714c00000| Untracked 
| 171|0x0000000714d00000, 0x0000000714d00000, 0x0000000714e00000|  0%| F|  |TAMS 0x0000000714d00000, 0x0000000714d00000| Untracked 
| 172|0x0000000714e00000, 0x0000000714e00000, 0x0000000714f00000|  0%| F|  |TAMS 0x0000000714e00000, 0x0000000714e00000| Untracked 
| 173|0x0000000714f00000, 0x0000000714f00000, 0x0000000715000000|  0%| F|  |TAMS 0x0000000714f00000, 0x0000000714f00000| Untracked 
| 174|0x0000000715000000, 0x0000000715000000, 0x0000000715100000|  0%| F|  |TAMS 0x0000000715000000, 0x0000000715000000| Untracked 
| 175|0x0000000715100000, 0x0000000715100000, 0x0000000715200000|  0%| F|  |TAMS 0x0000000715100000, 0x0000000715100000| Untracked 
| 176|0x0000000715200000, 0x0000000715200000, 0x0000000715300000|  0%| F|  |TAMS 0x0000000715200000, 0x0000000715200000| Untracked 
| 177|0x0000000715300000, 0x0000000715300000, 0x0000000715400000|  0%| F|  |TAMS 0x0000000715300000, 0x0000000715300000| Untracked 
| 178|0x0000000715400000, 0x0000000715400000, 0x0000000715500000|  0%| F|  |TAMS 0x0000000715400000, 0x0000000715400000| Untracked 
| 179|0x0000000715500000, 0x0000000715500000, 0x0000000715600000|  0%| F|  |TAMS 0x0000000715500000, 0x0000000715500000| Untracked 
| 180|0x0000000715600000, 0x0000000715600000, 0x0000000715700000|  0%| F|  |TAMS 0x0000000715600000, 0x0000000715600000| Untracked 
| 181|0x0000000715700000, 0x0000000715700000, 0x0000000715800000|  0%| F|  |TAMS 0x0000000715700000, 0x0000000715700000| Untracked 
| 182|0x0000000715800000, 0x0000000715800000, 0x0000000715900000|  0%| F|  |TAMS 0x0000000715800000, 0x0000000715800000| Untracked 
| 183|0x0000000715900000, 0x0000000715900000, 0x0000000715a00000|  0%| F|  |TAMS 0x0000000715900000, 0x0000000715900000| Untracked 
| 184|0x0000000715a00000, 0x0000000715a00000, 0x0000000715b00000|  0%| F|  |TAMS 0x0000000715a00000, 0x0000000715a00000| Untracked 
| 185|0x0000000715b00000, 0x0000000715b00000, 0x0000000715c00000|  0%| F|  |TAMS 0x0000000715b00000, 0x0000000715b00000| Untracked 
| 186|0x0000000715c00000, 0x0000000715c00000, 0x0000000715d00000|  0%| F|  |TAMS 0x0000000715c00000, 0x0000000715c00000| Untracked 
| 187|0x0000000715d00000, 0x0000000715d00000, 0x0000000715e00000|  0%| F|  |TAMS 0x0000000715d00000, 0x0000000715d00000| Untracked 
| 188|0x0000000715e00000, 0x0000000715e00000, 0x0000000715f00000|  0%| F|  |TAMS 0x0000000715e00000, 0x0000000715e00000| Untracked 
| 189|0x0000000715f00000, 0x0000000715f00000, 0x0000000716000000|  0%| F|  |TAMS 0x0000000715f00000, 0x0000000715f00000| Untracked 
| 190|0x0000000716000000, 0x0000000716000000, 0x0000000716100000|  0%| F|  |TAMS 0x0000000716000000, 0x0000000716000000| Untracked 
| 191|0x0000000716100000, 0x0000000716100000, 0x0000000716200000|  0%| F|  |TAMS 0x0000000716100000, 0x0000000716100000| Untracked 
| 192|0x0000000716200000, 0x0000000716200000, 0x0000000716300000|  0%| F|  |TAMS 0x0000000716200000, 0x0000000716200000| Untracked 
| 193|0x0000000716300000, 0x0000000716300000, 0x0000000716400000|  0%| F|  |TAMS 0x0000000716300000, 0x0000000716300000| Untracked 
| 194|0x0000000716400000, 0x0000000716400000, 0x0000000716500000|  0%| F|  |TAMS 0x0000000716400000, 0x0000000716400000| Untracked 
| 195|0x0000000716500000, 0x0000000716500000, 0x0000000716600000|  0%| F|  |TAMS 0x0000000716500000, 0x0000000716500000| Untracked 
| 196|0x0000000716600000, 0x0000000716600000, 0x0000000716700000|  0%| F|  |TAMS 0x0000000716600000, 0x0000000716600000| Untracked 
| 197|0x0000000716700000, 0x0000000716700000, 0x0000000716800000|  0%| F|  |TAMS 0x0000000716700000, 0x0000000716700000| Untracked 
| 198|0x0000000716800000, 0x0000000716800000, 0x0000000716900000|  0%| F|  |TAMS 0x0000000716800000, 0x0000000716800000| Untracked 
| 199|0x0000000716900000, 0x0000000716900000, 0x0000000716a00000|  0%| F|  |TAMS 0x0000000716900000, 0x0000000716900000| Untracked 
| 200|0x0000000716a00000, 0x0000000716a00000, 0x0000000716b00000|  0%| F|  |TAMS 0x0000000716a00000, 0x0000000716a00000| Untracked 
| 201|0x0000000716b00000, 0x0000000716b00000, 0x0000000716c00000|  0%| F|  |TAMS 0x0000000716b00000, 0x0000000716b00000| Untracked 
| 202|0x0000000716c00000, 0x0000000716c00000, 0x0000000716d00000|  0%| F|  |TAMS 0x0000000716c00000, 0x0000000716c00000| Untracked 
| 203|0x0000000716d00000, 0x0000000716d00000, 0x0000000716e00000|  0%| F|  |TAMS 0x0000000716d00000, 0x0000000716d00000| Untracked 
| 204|0x0000000716e00000, 0x0000000716f00000, 0x0000000716f00000|100%| E|  |TAMS 0x0000000716e00000, 0x0000000716e00000| Complete 
| 205|0x0000000716f00000, 0x0000000717000000, 0x0000000717000000|100%| E|CS|TAMS 0x0000000716f00000, 0x0000000716f00000| Complete 
| 206|0x0000000717000000, 0x0000000717100000, 0x0000000717100000|100%| E|CS|TAMS 0x0000000717000000, 0x0000000717000000| Complete 
| 207|0x0000000717100000, 0x0000000717200000, 0x0000000717200000|100%| E|CS|TAMS 0x0000000717100000, 0x0000000717100000| Complete 
| 208|0x0000000717200000, 0x0000000717300000, 0x0000000717300000|100%| E|CS|TAMS 0x0000000717200000, 0x0000000717200000| Complete 
| 209|0x0000000717300000, 0x0000000717400000, 0x0000000717400000|100%| E|CS|TAMS 0x0000000717300000, 0x0000000717300000| Complete 
| 210|0x0000000717400000, 0x0000000717500000, 0x0000000717500000|100%| E|CS|TAMS 0x0000000717400000, 0x0000000717400000| Complete 
| 211|0x0000000717500000, 0x0000000717600000, 0x0000000717600000|100%| E|CS|TAMS 0x0000000717500000, 0x0000000717500000| Complete 
| 212|0x0000000717600000, 0x0000000717700000, 0x0000000717700000|100%| E|CS|TAMS 0x0000000717600000, 0x0000000717600000| Complete 
| 213|0x0000000717700000, 0x0000000717800000, 0x0000000717800000|100%| E|CS|TAMS 0x0000000717700000, 0x0000000717700000| Complete 
| 214|0x0000000717800000, 0x0000000717900000, 0x0000000717900000|100%| E|CS|TAMS 0x0000000717800000, 0x0000000717800000| Complete 
| 215|0x0000000717900000, 0x0000000717a00000, 0x0000000717a00000|100%| E|CS|TAMS 0x0000000717900000, 0x0000000717900000| Complete 
| 216|0x0000000717a00000, 0x0000000717b00000, 0x0000000717b00000|100%| E|CS|TAMS 0x0000000717a00000, 0x0000000717a00000| Complete 
| 217|0x0000000717b00000, 0x0000000717c00000, 0x0000000717c00000|100%| E|CS|TAMS 0x0000000717b00000, 0x0000000717b00000| Complete 
| 218|0x0000000717c00000, 0x0000000717d00000, 0x0000000717d00000|100%| E|CS|TAMS 0x0000000717c00000, 0x0000000717c00000| Complete 
| 219|0x0000000717d00000, 0x0000000717e00000, 0x0000000717e00000|100%| S|CS|TAMS 0x0000000717d00000, 0x0000000717d00000| Complete 
| 220|0x0000000717e00000, 0x0000000717f00000, 0x0000000717f00000|100%| S|CS|TAMS 0x0000000717e00000, 0x0000000717e00000| Complete 
| 221|0x0000000717f00000, 0x0000000718000000, 0x0000000718000000|100%| S|CS|TAMS 0x0000000717f00000, 0x0000000717f00000| Complete 
| 222|0x0000000718000000, 0x0000000718100000, 0x0000000718100000|100%| E|CS|TAMS 0x0000000718000000, 0x0000000718000000| Complete 
| 223|0x0000000718100000, 0x0000000718200000, 0x0000000718200000|100%| E|CS|TAMS 0x0000000718100000, 0x0000000718100000| Complete 
| 224|0x0000000718200000, 0x0000000718300000, 0x0000000718300000|100%| E|CS|TAMS 0x0000000718200000, 0x0000000718200000| Complete 
| 225|0x0000000718300000, 0x0000000718400000, 0x0000000718400000|100%| E|CS|TAMS 0x0000000718300000, 0x0000000718300000| Complete 
| 226|0x0000000718400000, 0x0000000718500000, 0x0000000718500000|100%| E|CS|TAMS 0x0000000718400000, 0x0000000718400000| Complete 
| 227|0x0000000718500000, 0x0000000718600000, 0x0000000718600000|100%| E|CS|TAMS 0x0000000718500000, 0x0000000718500000| Complete 
| 228|0x0000000718600000, 0x0000000718700000, 0x0000000718700000|100%| E|CS|TAMS 0x0000000718600000, 0x0000000718600000| Complete 
| 229|0x0000000718700000, 0x0000000718800000, 0x0000000718800000|100%| E|CS|TAMS 0x0000000718700000, 0x0000000718700000| Complete 
| 230|0x0000000718800000, 0x0000000718900000, 0x0000000718900000|100%| E|CS|TAMS 0x0000000718800000, 0x0000000718800000| Complete 
| 231|0x0000000718900000, 0x0000000718a00000, 0x0000000718a00000|100%| E|CS|TAMS 0x0000000718900000, 0x0000000718900000| Complete 
| 232|0x0000000718a00000, 0x0000000718b00000, 0x0000000718b00000|100%| E|CS|TAMS 0x0000000718a00000, 0x0000000718a00000| Complete 
| 233|0x0000000718b00000, 0x0000000718c00000, 0x0000000718c00000|100%| E|CS|TAMS 0x0000000718b00000, 0x0000000718b00000| Complete 
| 234|0x0000000718c00000, 0x0000000718d00000, 0x0000000718d00000|100%| E|CS|TAMS 0x0000000718c00000, 0x0000000718c00000| Complete 
| 235|0x0000000718d00000, 0x0000000718e00000, 0x0000000718e00000|100%| E|CS|TAMS 0x0000000718d00000, 0x0000000718d00000| Complete 
| 236|0x0000000718e00000, 0x0000000718f00000, 0x0000000718f00000|100%| E|CS|TAMS 0x0000000718e00000, 0x0000000718e00000| Complete 
| 237|0x0000000718f00000, 0x0000000719000000, 0x0000000719000000|100%| E|CS|TAMS 0x0000000718f00000, 0x0000000718f00000| Complete 
| 238|0x0000000719000000, 0x0000000719100000, 0x0000000719100000|100%| E|CS|TAMS 0x0000000719000000, 0x0000000719000000| Complete 
| 239|0x0000000719100000, 0x0000000719200000, 0x0000000719200000|100%| E|CS|TAMS 0x0000000719100000, 0x0000000719100000| Complete 
| 240|0x0000000719200000, 0x0000000719300000, 0x0000000719300000|100%| E|CS|TAMS 0x0000000719200000, 0x0000000719200000| Complete 
| 241|0x0000000719300000, 0x0000000719400000, 0x0000000719400000|100%| E|CS|TAMS 0x0000000719300000, 0x0000000719300000| Complete 
| 242|0x0000000719400000, 0x0000000719500000, 0x0000000719500000|100%| E|CS|TAMS 0x0000000719400000, 0x0000000719400000| Complete 
| 243|0x0000000719500000, 0x0000000719600000, 0x0000000719600000|100%| E|CS|TAMS 0x0000000719500000, 0x0000000719500000| Complete 
| 244|0x0000000719600000, 0x0000000719700000, 0x0000000719700000|100%| E|CS|TAMS 0x0000000719600000, 0x0000000719600000| Complete 
| 245|0x0000000719700000, 0x0000000719800000, 0x0000000719800000|100%| E|CS|TAMS 0x0000000719700000, 0x0000000719700000| Complete 

Card table byte_map: [0x000001f3ca220000,0x000001f3ca9d0000] _byte_map_base: 0x000001f3c69cf000

Marking Bits (Prev, Next): (CMBitMap*) 0x000001f3b2e8fb78, (CMBitMap*) 0x000001f3b2e8fbb0
 Prev Bits: [0x000001f3cb180000, 0x000001f3ceef8000)
 Next Bits: [0x000001f3cef00000, 0x000001f3d2c78000)

Polling page: 0x000001f3b2610000

Metaspace:

Usage:
  Non-class:      9.87 MB capacity,     9.75 MB ( 99%) used,   114.13 KB (  1%) free+waste,    11.81 KB ( <1%) overhead. 
      Class:      1.10 MB capacity,     1.05 MB ( 96%) used,    43.54 KB (  4%) free+waste,     5.19 KB ( <1%) overhead. 
       Both:     10.97 MB capacity,    10.80 MB ( 98%) used,   157.67 KB (  1%) free+waste,    17.00 KB ( <1%) overhead. 

Virtual space:
  Non-class space:       10.00 MB reserved,      10.00 MB (100%) committed 
      Class space:        1.00 GB reserved,       1.13 MB ( <1%) committed 
             Both:        1.01 GB reserved,      11.13 MB (  1%) committed 

Chunk freelists:
   Non-Class:  640 bytes
       Class:  0 bytes
        Both:  640 bytes

CodeHeap 'non-profiled nmethods': size=120000Kb used=432Kb max_used=432Kb free=119567Kb
 bounds [0x000001f3c1fd0000, 0x000001f3c2240000, 0x000001f3c9500000]
CodeHeap 'profiled nmethods': size=120000Kb used=2175Kb max_used=2175Kb free=117824Kb
 bounds [0x000001f3baaa0000, 0x000001f3bad10000, 0x000001f3c1fd0000]
CodeHeap 'non-nmethods': size=5760Kb used=1111Kb max_used=1124Kb free=4648Kb
 bounds [0x000001f3ba500000, 0x000001f3ba770000, 0x000001f3baaa0000]
 total_blobs=1495 nmethods=1073 adapters=334
 compilation: enabled
              stopped_count=0, restarted_count=0
 full_count=0

Compilation events (10 events):
Event: 1.430 Thread 0x000001f3d65e5800  996       4       java.util.HashMap$HashIterator::hasNext (13 bytes)
Event: 1.430 Thread 0x000001f3d65e5800 nmethod 996 0x000001f3c203b490 code [0x000001f3c203b600, 0x000001f3c203b678]
Event: 1.433 Thread 0x000001f3d6308000 nmethod 1063 0x000001f3bacb2590 code [0x000001f3bacb3400, 0x000001f3bacba458]
Event: 1.433 Thread 0x000001f3d6308000 1068       3       java.util.ImmutableCollections$ListN::get (7 bytes)
Event: 1.433 Thread 0x000001f3d6308000 nmethod 1068 0x000001f3bacbc310 code [0x000001f3bacbc4a0, 0x000001f3bacbc5d8]
Event: 1.433 Thread 0x000001f3d6308000 1071       3       java.util.ImmutableCollections$ListN::size (6 bytes)
Event: 1.433 Thread 0x000001f3d6308000 nmethod 1071 0x000001f3bacbc690 code [0x000001f3bacbc820, 0x000001f3bacbc938]
Event: 1.433 Thread 0x000001f3d6308000 1065       3       jdk.internal.org.objectweb.asm.MethodWriter::visitVarInsn (300 bytes)
Event: 1.433 Thread 0x000001f3d6308000 nmethod 1065 0x000001f3bacbca10 code [0x000001f3bacbcc80, 0x000001f3bacbd6a8]
Event: 1.434 Thread 0x000001f3d6308000 1072       3       sun.invoke.util.Wrapper::forPrimitiveType (49 bytes)

GC Heap History (2 events):
Event: 0.472 GC heap before
{Heap before GC invocations=0 (full 0):
 garbage-first heap   total 251904K, used 23552K [0x000000070a200000, 0x0000000800000000)
  region size 1024K, 24 young (24576K), 0 survivors (0K)
 Metaspace       used 8937K, capacity 9093K, committed 9344K, reserved 1058816K
  class space    used 861K, capacity 881K, committed 896K, reserved 1048576K
}
Event: 0.474 GC heap after
{Heap after GC invocations=1 (full 0):
 garbage-first heap   total 251904K, used 6351K [0x000000070a200000, 0x0000000800000000)
  region size 1024K, 3 young (3072K), 3 survivors (3072K)
 Metaspace       used 8937K, capacity 9093K, committed 9344K, reserved 1058816K
  class space    used 861K, capacity 881K, committed 896K, reserved 1048576K
}

Deoptimization events (10 events):
Event: 0.825 Thread 0x000001f3b2e2e800 Uncommon trap: reason=unstable_if action=reinterpret pc=0x000001f3c1fe9904 method=java.lang.AbstractStringBuilder.putStringAt(ILjava/lang/String;)V @ 8 c2
Event: 0.825 Thread 0x000001f3b2e2e800 Uncommon trap: reason=unstable_if action=reinterpret pc=0x000001f3c1fe8df0 method=java.lang.AbstractStringBuilder.putStringAt(ILjava/lang/String;)V @ 8 c2
Event: 0.825 Thread 0x000001f3b2e2e800 Uncommon trap: reason=unstable_if action=reinterpret pc=0x000001f3c1fe79f0 method=java.lang.String.getBytes([BIB)V @ 5 c2
Event: 0.825 Thread 0x000001f3b2e2e800 Uncommon trap: reason=unstable_if action=reinterpret pc=0x000001f3c1fe2388 method=java.lang.AbstractStringBuilder.isLatin1()Z @ 10 c2
Event: 0.825 Thread 0x000001f3b2e2e800 Uncommon trap: reason=unstable_if action=reinterpret pc=0x000001f3c2002a34 method=java.lang.AbstractStringBuilder.isLatin1()Z @ 10 c2
Event: 1.394 Thread 0x000001f3d62fa000 Uncommon trap: reason=bimorphic_or_optimized_type_check action=maybe_recompile pc=0x000001f3c2011070 method=java.util.concurrent.ConcurrentHashMap.get(Ljava/lang/Object;)Ljava/lang/Object; @ 149 c2
Event: 1.419 Thread 0x000001f3b2e2e800 Uncommon trap: reason=bimorphic_or_optimized_type_check action=maybe_recompile pc=0x000001f3c1fda594 method=java.util.AbstractCollection.isEmpty()Z @ 1 c2
Event: 1.419 Thread 0x000001f3b2e2e800 Uncommon trap: reason=bimorphic_or_optimized_type_check action=maybe_recompile pc=0x000001f3c1fda594 method=java.util.AbstractCollection.isEmpty()Z @ 1 c2
Event: 1.419 Thread 0x000001f3b2e2e800 Uncommon trap: reason=bimorphic_or_optimized_type_check action=maybe_recompile pc=0x000001f3c1fda594 method=java.util.AbstractCollection.isEmpty()Z @ 1 c2
Event: 1.421 Thread 0x000001f3b2e2e800 Uncommon trap: reason=bimorphic_or_optimized_type_check action=maybe_recompile pc=0x000001f3c1fda594 method=java.util.AbstractCollection.isEmpty()Z @ 1 c2

Classes redefined (0 events):
No events

Internal exceptions (10 events):
Event: 0.151 Thread 0x000001f3b2e2e800 Exception <a 'java/security/PrivilegedActionException'{0x00000007195b3c08}> (0x00000007195b3c08) thrown at [./open/src/hotspot/share/prims/jvm.cpp, line 1305]
Event: 0.151 Thread 0x000001f3b2e2e800 Exception <a 'java/security/PrivilegedActionException'{0x00000007195b48a8}> (0x00000007195b48a8) thrown at [./open/src/hotspot/share/prims/jvm.cpp, line 1305]
Event: 0.151 Thread 0x000001f3b2e2e800 Exception <a 'java/security/PrivilegedActionException'{0x00000007195b4b78}> (0x00000007195b4b78) thrown at [./open/src/hotspot/share/prims/jvm.cpp, line 1305]
Event: 0.167 Thread 0x000001f3b2e2e800 Exception <a 'java/security/PrivilegedActionException'{0x0000000719441cd0}> (0x0000000719441cd0) thrown at [./open/src/hotspot/share/prims/jvm.cpp, line 1305]
Event: 0.167 Thread 0x000001f3b2e2e800 Exception <a 'java/security/PrivilegedActionException'{0x0000000719441fa0}> (0x0000000719441fa0) thrown at [./open/src/hotspot/share/prims/jvm.cpp, line 1305]
Event: 0.355 Thread 0x000001f3b2e2e800 Exception <a 'java/lang/NoSuchMethodError'{0x00000007186f2430}: java.lang.invoke.DirectMethodHandle$Holder.invokeStaticInit(Ljava/lang/Object;Ljava/lang/Object;Ljava/lang/Object;Ljava/lang/Object;)I> (0x00000007186f2430) thrown at [./open/src/hotspot/shar
Event: 0.356 Thread 0x000001f3b2e2e800 Exception <a 'java/lang/IncompatibleClassChangeError'{0x00000007186fc290}: Found class java.lang.Object, but interface was expected> (0x00000007186fc290) thrown at [./open/src/hotspot/share/interpreter/linkResolver.cpp, line 838]
Event: 0.357 Thread 0x000001f3b2e2e800 Exception <a 'java/lang/NoSuchMethodError'{0x00000007186ff6f0}: java.lang.invoke.DirectMethodHandle$Holder.invokeStaticInit(Ljava/lang/Object;Ljava/lang/Object;)V> (0x00000007186ff6f0) thrown at [./open/src/hotspot/share/interpreter/linkResolver.cpp, line
Event: 0.358 Thread 0x000001f3b2e2e800 Exception <a 'java/lang/NoSuchMethodError'{0x00000007185065a0}: java.lang.invoke.DirectMethodHandle$Holder.invokeStaticInit(Ljava/lang/Object;Ljava/lang/Object;)I> (0x00000007185065a0) thrown at [./open/src/hotspot/share/interpreter/linkResolver.cpp, line
Event: 1.409 Thread 0x000001f3d62fa000 Exception <a 'java/lang/NoSuchMethodError'{0x0000000716e8c5e0}: java.lang.invoke.DirectMethodHandle$Holder.invokeStaticInit(Ljava/lang/Object;I)Ljava/lang/Object;> (0x0000000716e8c5e0) thrown at [./open/src/hotspot/share/interpreter/linkResolver.cpp, line

Events (10 events):
Event: 1.426 loading class java/lang/invoke/MethodHandles$1
Event: 1.426 loading class java/lang/invoke/MethodHandles$1 done
Event: 1.426 loading class java/lang/invoke/BoundMethodHandle$Species_LLLLLLI
Event: 1.426 loading class java/lang/invoke/BoundMethodHandle$Species_LLLLLLI done
Event: 1.428 loading class sun/invoke/util/ValueConversions$WrapperCache
Event: 1.428 loading class sun/invoke/util/ValueConversions$WrapperCache done
Event: 1.428 loading class java/lang/invoke/BoundMethodHandle$Species_LLLLLLII
Event: 1.428 loading class java/lang/invoke/BoundMethodHandle$Species_LLLLLLII done
Event: 1.429 loading class java/lang/invoke/BoundMethodHandle$Species_LLLLLLIIL
Event: 1.429 loading class java/lang/invoke/BoundMethodHandle$Species_LLLLLLIIL done


Dynamic libraries:
0x00007ff6c3fc0000 - 0x00007ff6c3fcf000 	C:\Program Files\Java\jdk-11.0.17\bin\java.exe
0x00007ffe4e190000 - 0x00007ffe4e388000 	C:\WINDOWS\SYSTEM32\ntdll.dll
0x00007ffe4da20000 - 0x00007ffe4dadf000 	C:\WINDOWS\System32\KERNEL32.DLL
0x00007ffe4bc40000 - 0x00007ffe4bf12000 	C:\WINDOWS\System32\KERNELBASE.dll
0x00007ffe4b8d0000 - 0x00007ffe4b9d0000 	C:\WINDOWS\System32\ucrtbase.dll
0x00007ffe2acb0000 - 0x00007ffe2acc8000 	C:\Program Files\Java\jdk-11.0.17\bin\jli.dll
0x00007ffe23df0000 - 0x00007ffe23e05000 	C:\Program Files\Java\jdk-11.0.17\bin\VCRUNTIME140.dll
0x00007ffe4c4e0000 - 0x00007ffe4c58e000 	C:\WINDOWS\System32\ADVAPI32.dll
0x00007ffe4c310000 - 0x00007ffe4c3ae000 	C:\WINDOWS\System32\msvcrt.dll
0x00007ffe4d230000 - 0x00007ffe4d2cc000 	C:\WINDOWS\System32\sechost.dll
0x00007ffe4cea0000 - 0x00007ffe4cfc5000 	C:\WINDOWS\System32\RPCRT4.dll
0x00007ffe4df90000 - 0x00007ffe4e131000 	C:\WINDOWS\System32\USER32.dll
0x00007ffe4bfd0000 - 0x00007ffe4bff2000 	C:\WINDOWS\System32\win32u.dll
0x00007ffe35d50000 - 0x00007ffe35fea000 	C:\WINDOWS\WinSxS\amd64_microsoft.windows.common-controls_6595b64144ccf1df_6.0.19041.1110_none_60b5254171f9507e\COMCTL32.dll
0x00007ffe4dc00000 - 0x00007ffe4dc2b000 	C:\WINDOWS\System32\GDI32.dll
0x00007ffe4b9d0000 - 0x00007ffe4badf000 	C:\WINDOWS\System32\gdi32full.dll
0x00007ffe4bba0000 - 0x00007ffe4bc3d000 	C:\WINDOWS\System32\msvcp_win.dll
0x00007ffe44ed0000 - 0x00007ffe44eda000 	C:\WINDOWS\SYSTEM32\VERSION.dll
0x00007ffe4dbc0000 - 0x00007ffe4dbf2000 	C:\WINDOWS\System32\IMM32.DLL
0x00007ffe04070000 - 0x00007ffe0410b000 	C:\Program Files\Java\jdk-11.0.17\bin\msvcp140.dll
0x00007ffdeba60000 - 0x00007ffdec57a000 	C:\Program Files\Java\jdk-11.0.17\bin\server\jvm.dll
0x00007ffe4e140000 - 0x00007ffe4e148000 	C:\WINDOWS\System32\PSAPI.DLL
0x00007ffe46fc0000 - 0x00007ffe46fe7000 	C:\WINDOWS\SYSTEM32\WINMM.dll
0x00007ffe474c0000 - 0x00007ffe474c9000 	C:\WINDOWS\SYSTEM32\WSOCK32.dll
0x00007ffe4c740000 - 0x00007ffe4c7ab000 	C:\WINDOWS\System32\WS2_32.dll
0x00007ffe49740000 - 0x00007ffe49752000 	C:\WINDOWS\SYSTEM32\kernel.appcore.dll
0x00007ffe32650000 - 0x00007ffe32660000 	C:\Program Files\Java\jdk-11.0.17\bin\verify.dll
0x00007ffe36ec0000 - 0x00007ffe370a4000 	C:\WINDOWS\SYSTEM32\DBGHELP.DLL
0x00007ffe334f0000 - 0x00007ffe33525000 	C:\WINDOWS\SYSTEM32\dbgcore.DLL
0x00007ffe4bae0000 - 0x00007ffe4bb62000 	C:\WINDOWS\System32\bcryptPrimitives.dll
0x00007ffe15e30000 - 0x00007ffe15e58000 	C:\Program Files\Java\jdk-11.0.17\bin\java.dll
0x00007ffe2c080000 - 0x00007ffe2c08a000 	C:\Program Files\Java\jdk-11.0.17\bin\jimage.dll
0x00007ffe2bed0000 - 0x00007ffe2bede000 	C:\Program Files\Java\jdk-11.0.17\bin\instrument.dll
0x00007ffe22360000 - 0x00007ffe22376000 	C:\Program Files\Java\jdk-11.0.17\bin\zip.dll
0x00007ffe4d2d0000 - 0x00007ffe4da14000 	C:\WINDOWS\System32\SHELL32.dll
0x00007ffe49940000 - 0x00007ffe4a0d2000 	C:\WINDOWS\SYSTEM32\windows.storage.dll
0x00007ffe4dc30000 - 0x00007ffe4df85000 	C:\WINDOWS\System32\combase.dll
0x00007ffe4b2e0000 - 0x00007ffe4b310000 	C:\WINDOWS\SYSTEM32\Wldp.dll
0x00007ffe4d180000 - 0x00007ffe4d22d000 	C:\WINDOWS\System32\SHCORE.dll
0x00007ffe4c3b0000 - 0x00007ffe4c405000 	C:\WINDOWS\System32\shlwapi.dll
0x00007ffe4b7c0000 - 0x00007ffe4b7df000 	C:\WINDOWS\SYSTEM32\profapi.dll
0x00007ffe16870000 - 0x00007ffe16889000 	C:\Program Files\Java\jdk-11.0.17\bin\net.dll
0x00007ffe38880000 - 0x00007ffe3898c000 	C:\WINDOWS\SYSTEM32\WINHTTP.dll
0x00007ffe4b040000 - 0x00007ffe4b0aa000 	C:\WINDOWS\system32\mswsock.dll
0x00007ffe102a0000 - 0x00007ffe102b2000 	C:\Program Files\Java\jdk-11.0.17\bin\nio.dll
0x00007ffe10040000 - 0x00007ffe1005a000 	C:\Program Files\JetBrains\IntelliJ IDEA Community Edition 2021.2.2\bin\breakgen64.dll
0x000001f3b2e00000 - 0x000001f3b2e04000 	C:\Users\86138\.javacpp\cache\javacpp-1.5.7-windows-x86_64.jar\org\bytedeco\javacpp\windows-x86_64\api-ms-win-crt-locale-l1-1-0.dll
0x000001f3d7df0000 - 0x000001f3d7df5000 	C:\Users\86138\.javacpp\cache\javacpp-1.5.7-windows-x86_64.jar\org\bytedeco\javacpp\windows-x86_64\api-ms-win-crt-string-l1-1-0.dll
0x000001f3d7e00000 - 0x000001f3d7e05000 	C:\Users\86138\.javacpp\cache\javacpp-1.5.7-windows-x86_64.jar\org\bytedeco\javacpp\windows-x86_64\api-ms-win-crt-stdio-l1-1-0.dll
0x000001f3d7e10000 - 0x000001f3d7e16000 	C:\Users\86138\.javacpp\cache\javacpp-1.5.7-windows-x86_64.jar\org\bytedeco\javacpp\windows-x86_64\api-ms-win-crt-math-l1-1-0.dll
0x000001f3d7e20000 - 0x000001f3d7e24000 	C:\Users\86138\.javacpp\cache\javacpp-1.5.7-windows-x86_64.jar\org\bytedeco\javacpp\windows-x86_64\api-ms-win-crt-heap-l1-1-0.dll
0x000001f3d7e30000 - 0x000001f3d7e35000 	C:\Users\86138\.javacpp\cache\javacpp-1.5.7-windows-x86_64.jar\org\bytedeco\javacpp\windows-x86_64\api-ms-win-crt-runtime-l1-1-0.dll
0x000001f3d7e40000 - 0x000001f3d7e45000 	C:\Users\86138\.javacpp\cache\javacpp-1.5.7-windows-x86_64.jar\org\bytedeco\javacpp\windows-x86_64\api-ms-win-crt-convert-l1-1-0.dll
0x000001f3d7e50000 - 0x000001f3d7e54000 	C:\Users\86138\.javacpp\cache\javacpp-1.5.7-windows-x86_64.jar\org\bytedeco\javacpp\windows-x86_64\api-ms-win-crt-environment-l1-1-0.dll
0x000001f3d7e60000 - 0x000001f3d7e64000 	C:\Users\86138\.javacpp\cache\javacpp-1.5.7-windows-x86_64.jar\org\bytedeco\javacpp\windows-x86_64\api-ms-win-crt-time-l1-1-0.dll
0x000001f3d7e70000 - 0x000001f3d7e74000 	C:\Users\86138\.javacpp\cache\javacpp-1.5.7-windows-x86_64.jar\org\bytedeco\javacpp\windows-x86_64\api-ms-win-crt-filesystem-l1-1-0.dll
0x000001f3d7e80000 - 0x000001f3d7e84000 	C:\Users\86138\.javacpp\cache\javacpp-1.5.7-windows-x86_64.jar\org\bytedeco\javacpp\windows-x86_64\api-ms-win-crt-utility-l1-1-0.dll
0x000001f3d7e90000 - 0x000001f3d7e96000 	C:\Users\86138\.javacpp\cache\javacpp-1.5.7-windows-x86_64.jar\org\bytedeco\javacpp\windows-x86_64\api-ms-win-crt-multibyte-l1-1-0.dll
0x000001f3d7ea0000 - 0x000001f3d7ea4000 	C:\Users\86138\.javacpp\cache\javacpp-1.5.7-windows-x86_64.jar\org\bytedeco\javacpp\windows-x86_64\api-ms-win-crt-conio-l1-1-0.dll
0x000001f3d7eb0000 - 0x000001f3d7ec1000 	C:\Users\86138\.javacpp\cache\javacpp-1.5.7-windows-x86_64.jar\org\bytedeco\javacpp\windows-x86_64\api-ms-win-crt-private-l1-1-0.dll
0x000001f3d7ed0000 - 0x000001f3d7ed4000 	C:\Users\86138\.javacpp\cache\javacpp-1.5.7-windows-x86_64.jar\org\bytedeco\javacpp\windows-x86_64\api-ms-win-crt-process-l1-1-0.dll
0x000001f3d7ee0000 - 0x000001f3d7ee4000 	C:\Users\86138\.javacpp\cache\javacpp-1.5.7-windows-x86_64.jar\org\bytedeco\javacpp\windows-x86_64\api-ms-win-core-console-l1-2-0.dll
0x000001f3d80f0000 - 0x000001f3d80f4000 	C:\Users\86138\.javacpp\cache\javacpp-1.5.7-windows-x86_64.jar\org\bytedeco\javacpp\windows-x86_64\api-ms-win-core-string-l1-1-0.dll
0x000001f3d8100000 - 0x000001f3d8104000 	C:\Users\86138\.javacpp\cache\javacpp-1.5.7-windows-x86_64.jar\org\bytedeco\javacpp\windows-x86_64\api-ms-win-core-errorhandling-l1-1-0.dll
0x000001f3d8110000 - 0x000001f3d8114000 	C:\Users\86138\.javacpp\cache\javacpp-1.5.7-windows-x86_64.jar\org\bytedeco\javacpp\windows-x86_64\api-ms-win-core-timezone-l1-1-0.dll
0x000001f3d8120000 - 0x000001f3d8125000 	C:\Users\86138\.javacpp\cache\javacpp-1.5.7-windows-x86_64.jar\org\bytedeco\javacpp\windows-x86_64\api-ms-win-core-file-l1-1-0.dll
0x000001f3d8130000 - 0x000001f3d8134000 	C:\Users\86138\.javacpp\cache\javacpp-1.5.7-windows-x86_64.jar\org\bytedeco\javacpp\windows-x86_64\api-ms-win-core-namedpipe-l1-1-0.dll
0x000001f3d8140000 - 0x000001f3d8144000 	C:\Users\86138\.javacpp\cache\javacpp-1.5.7-windows-x86_64.jar\org\bytedeco\javacpp\windows-x86_64\api-ms-win-core-handle-l1-1-0.dll
0x000001f3d8150000 - 0x000001f3d8154000 	C:\Users\86138\.javacpp\cache\javacpp-1.5.7-windows-x86_64.jar\org\bytedeco\javacpp\windows-x86_64\api-ms-win-core-file-l2-1-0.dll
0x000001f3d8160000 - 0x000001f3d8164000 	C:\Users\86138\.javacpp\cache\javacpp-1.5.7-windows-x86_64.jar\org\bytedeco\javacpp\windows-x86_64\api-ms-win-core-heap-l1-1-0.dll
0x000001f3d8170000 - 0x000001f3d8174000 	C:\Users\86138\.javacpp\cache\javacpp-1.5.7-windows-x86_64.jar\org\bytedeco\javacpp\windows-x86_64\api-ms-win-core-libraryloader-l1-1-0.dll
0x000001f3d8180000 - 0x000001f3d8184000 	C:\Users\86138\.javacpp\cache\javacpp-1.5.7-windows-x86_64.jar\org\bytedeco\javacpp\windows-x86_64\api-ms-win-core-synch-l1-1-0.dll
0x000001f3d8190000 - 0x000001f3d8194000 	C:\Users\86138\.javacpp\cache\javacpp-1.5.7-windows-x86_64.jar\org\bytedeco\javacpp\windows-x86_64\api-ms-win-core-processthreads-l1-1-0.dll
0x000001f3d81a0000 - 0x000001f3d81a4000 	C:\Users\86138\.javacpp\cache\javacpp-1.5.7-windows-x86_64.jar\org\bytedeco\javacpp\windows-x86_64\api-ms-win-core-processenvironment-l1-1-0.dll
0x000001f3d81b0000 - 0x000001f3d81b4000 	C:\Users\86138\.javacpp\cache\javacpp-1.5.7-windows-x86_64.jar\org\bytedeco\javacpp\windows-x86_64\api-ms-win-core-datetime-l1-1-0.dll
0x000001f3d81c0000 - 0x000001f3d81c4000 	C:\Users\86138\.javacpp\cache\javacpp-1.5.7-windows-x86_64.jar\org\bytedeco\javacpp\windows-x86_64\api-ms-win-core-localization-l1-2-0.dll
0x000001f3d81d0000 - 0x000001f3d81d4000 	C:\Users\86138\.javacpp\cache\javacpp-1.5.7-windows-x86_64.jar\org\bytedeco\javacpp\windows-x86_64\api-ms-win-core-sysinfo-l1-1-0.dll
0x000001f3d81e0000 - 0x000001f3d81e4000 	C:\Users\86138\.javacpp\cache\javacpp-1.5.7-windows-x86_64.jar\org\bytedeco\javacpp\windows-x86_64\api-ms-win-core-synch-l1-2-0.dll
0x000001f3d81f0000 - 0x000001f3d81f4000 	C:\Users\86138\.javacpp\cache\javacpp-1.5.7-windows-x86_64.jar\org\bytedeco\javacpp\windows-x86_64\api-ms-win-core-console-l1-1-0.dll
0x000001f3d8200000 - 0x000001f3d8204000 	C:\Users\86138\.javacpp\cache\javacpp-1.5.7-windows-x86_64.jar\org\bytedeco\javacpp\windows-x86_64\api-ms-win-core-debug-l1-1-0.dll
0x000001f3d8210000 - 0x000001f3d8214000 	C:\Users\86138\.javacpp\cache\javacpp-1.5.7-windows-x86_64.jar\org\bytedeco\javacpp\windows-x86_64\api-ms-win-core-rtlsupport-l1-1-0.dll
0x000001f3d8220000 - 0x000001f3d8224000 	C:\Users\86138\.javacpp\cache\javacpp-1.5.7-windows-x86_64.jar\org\bytedeco\javacpp\windows-x86_64\api-ms-win-core-processthreads-l1-1-1.dll
0x000001f3d8230000 - 0x000001f3d8234000 	C:\Users\86138\.javacpp\cache\javacpp-1.5.7-windows-x86_64.jar\org\bytedeco\javacpp\windows-x86_64\api-ms-win-core-file-l1-2-0.dll
0x000001f3d8240000 - 0x000001f3d8244000 	C:\Users\86138\.javacpp\cache\javacpp-1.5.7-windows-x86_64.jar\org\bytedeco\javacpp\windows-x86_64\api-ms-win-core-profile-l1-1-0.dll
0x000001f3d8250000 - 0x000001f3d8254000 	C:\Users\86138\.javacpp\cache\javacpp-1.5.7-windows-x86_64.jar\org\bytedeco\javacpp\windows-x86_64\api-ms-win-core-memory-l1-1-0.dll
0x000001f3d8260000 - 0x000001f3d8264000 	C:\Users\86138\.javacpp\cache\javacpp-1.5.7-windows-x86_64.jar\org\bytedeco\javacpp\windows-x86_64\api-ms-win-core-util-l1-1-0.dll
0x000001f3d8270000 - 0x000001f3d8274000 	C:\Users\86138\.javacpp\cache\javacpp-1.5.7-windows-x86_64.jar\org\bytedeco\javacpp\windows-x86_64\api-ms-win-core-interlocked-l1-1-0.dll
0x00007ffdee1f0000 - 0x00007ffdee301000 	C:\Users\86138\.javacpp\cache\javacpp-1.5.7-windows-x86_64.jar\org\bytedeco\javacpp\windows-x86_64\ucrtbase.dll
0x00007ffe0fc30000 - 0x00007ffe0fc4b000 	C:\Users\86138\.javacpp\cache\javacpp-1.5.7-windows-x86_64.jar\org\bytedeco\javacpp\windows-x86_64\vcruntime140.dll
0x00007ffe2b990000 - 0x00007ffe2b99c000 	C:\Users\86138\.javacpp\cache\javacpp-1.5.7-windows-x86_64.jar\org\bytedeco\javacpp\windows-x86_64\vcruntime140_1.dll
0x00007ffe01bc0000 - 0x00007ffe01c4d000 	C:\Users\86138\.javacpp\cache\javacpp-1.5.7-windows-x86_64.jar\org\bytedeco\javacpp\windows-x86_64\msvcp140.dll
0x00007ffe2aca0000 - 0x00007ffe2aca9000 	C:\Users\86138\.javacpp\cache\javacpp-1.5.7-windows-x86_64.jar\org\bytedeco\javacpp\windows-x86_64\msvcp140_1.dll
0x00007ffe04ef0000 - 0x00007ffe04f3e000 	C:\Users\86138\.javacpp\cache\javacpp-1.5.7-windows-x86_64.jar\org\bytedeco\javacpp\windows-x86_64\concrt140.dll
0x00007ffe09f10000 - 0x00007ffe09f41000 	C:\Users\86138\.javacpp\cache\javacpp-1.5.7-windows-x86_64.jar\org\bytedeco\javacpp\windows-x86_64\vcomp140.dll
0x00007ffe29350000 - 0x00007ffe2935e000 	C:\Users\86138\.javacpp\cache\javacpp-1.5.7-windows-x86_64.jar\org\bytedeco\javacpp\windows-x86_64\jnijavacpp.dll
0x00007ffdd66a0000 - 0x00007ffddad3d000 	C:\Users\86138\.javacpp\cache\llvm-13.0.1-1.5.7-windows-x86_64.jar\org\bytedeco\llvm\windows-x86_64\LTO.dll
0x00007ffe09220000 - 0x00007ffe0925b000 	C:\Users\86138\.javacpp\cache\llvm-13.0.1-1.5.7-windows-x86_64.jar\org\bytedeco\llvm\windows-x86_64\Remarks.dll
0x00007ffdd1e50000 - 0x00007ffdd66a0000 	C:\Users\86138\.javacpp\cache\llvm-13.0.1-1.5.7-windows-x86_64.jar\org\bytedeco\llvm\windows-x86_64\jniLLVM.dll
0x00007ffe4c590000 - 0x00007ffe4c6ba000 	C:\WINDOWS\System32\ole32.dll

dbghelp: loaded successfully - version: 4.0.5 - missing functions: none
symbol engine: initialized successfully - sym options: 0x614 - pdb path: .;C:\Program Files\Java\jdk-11.0.17\bin;C:\WINDOWS\SYSTEM32;C:\WINDOWS\WinSxS\amd64_microsoft.windows.common-controls_6595b64144ccf1df_6.0.19041.1110_none_60b5254171f9507e;C:\Program Files\Java\jdk-11.0.17\bin\server;C:\Program Files\JetBrains\IntelliJ IDEA Community Edition 2021.2.2\bin;C:\Users\86138\.javacpp\cache\javacpp-1.5.7-windows-x86_64.jar\org\bytedeco\javacpp\windows-x86_64;C:\Users\86138\.javacpp\cache\llvm-13.0.1-1.5.7-windows-x86_64.jar\org\bytedeco\llvm\windows-x86_64

VM Arguments:
jvm_args: -javaagent:C:\Program Files\JetBrains\IntelliJ IDEA Community Edition 2021.2.2\lib\idea_rt.jar=53779:C:\Program Files\JetBrains\IntelliJ IDEA Community Edition 2021.2.2\bin -Dfile.encoding=UTF-8 
java_command: Main C:\Users\86138\Desktop\20.04\lab6\src\test\test1.txt C:\Users\86138\Desktop\20.04\lab6\src\test\result.txt
java_class_path (initial): C:\Users\86138\Desktop\20.04\lab6\target\classes;C:\Users\86138\.m2\repository\org\bytedeco\llvm-platform\13.0.1-1.5.7\llvm-platform-13.0.1-1.5.7.jar;C:\Users\86138\.m2\repository\org\bytedeco\javacpp-platform\1.5.7\javacpp-platform-1.5.7.jar;C:\Users\86138\.m2\repository\org\bytedeco\javacpp\1.5.7\javacpp-1.5.7.jar;C:\Users\86138\.m2\repository\org\bytedeco\javacpp\1.5.7\javacpp-1.5.7-android-arm.jar;C:\Users\86138\.m2\repository\org\bytedeco\javacpp\1.5.7\javacpp-1.5.7-android-arm64.jar;C:\Users\86138\.m2\repository\org\bytedeco\javacpp\1.5.7\javacpp-1.5.7-android-x86.jar;C:\Users\86138\.m2\repository\org\bytedeco\javacpp\1.5.7\javacpp-1.5.7-android-x86_64.jar;C:\Users\86138\.m2\repository\org\bytedeco\javacpp\1.5.7\javacpp-1.5.7-ios-arm64.jar;C:\Users\86138\.m2\repository\org\bytedeco\javacpp\1.5.7\javacpp-1.5.7-ios-x86_64.jar;C:\Users\86138\.m2\repository\org\bytedeco\javacpp\1.5.7\javacpp-1.5.7-linux-armhf.jar;C:\Users\86138\.m2\repository\org\bytedeco\javacpp\1.5.7\javacpp-1.5.7-linux-arm64.jar;C:\Users\86138\.m2\repository\org\bytedeco\javacpp\1.5.7\javacpp-1.5.7-linux-ppc64le.jar;C:\Users\86138\.m2\repository\org\bytedeco\javacpp\1.5.7\javacpp-1.5.7-linux-x86.jar;C:\Users\86138\.m2\repository\org\bytedeco\javacpp\1.5.7\javacpp-1.5.7-linux-x86_64.jar;C:\Users\86138\.m2\repository\org\bytedeco\javacpp\1.5.7\javacpp-1.5.7-macosx-arm64.jar;C:\Users\86138\.m2\repository\org\bytedeco\javacpp\1.5.7\javacpp-1.5.7-macosx-x86_64.jar;C:\Users\86138\.m2\repository\org\bytedeco\javacpp\1.5.7\javacpp-1.5.7-windows-x86.jar;C:\Users\86138\.m2\repository\org\bytedeco\javacpp\1.5.7\javacpp-1.5.7-windows-x86_64.jar;C:\Users\86138\.m2\repository\org\bytedeco\llvm\13.0.1-1.5.7\llvm-13.0.1-1.5.7.jar;C:\Users\86138\.m2\repository\org\bytedeco\llvm\13.0.1-1.5.7\llvm-13.0.1-1.5.7-linux-x86.jar;C:\Users\86138\.m2\repository\org\bytedeco\llvm\13.0.1-1.5.7\llvm-13.0.1-1.5.7-linux-x86_64.jar;C:\Users\86138\.m2\repository\org\bytedeco\llvm\13.0.1-1.5.7\llvm-1
Launcher Type: SUN_STANDARD

[Global flags]
     intx CICompilerCount                          = 4                                         {product} {ergonomic}
     uint ConcGCThreads                            = 3                                         {product} {ergonomic}
     uint G1ConcRefinementThreads                  = 10                                        {product} {ergonomic}
   size_t G1HeapRegionSize                         = 1048576                                   {product} {ergonomic}
    uintx GCDrainStackTargetSize                   = 64                                        {product} {ergonomic}
   size_t InitialHeapSize                          = 257949696                                 {product} {ergonomic}
   size_t MarkStackSize                            = 4194304                                   {product} {ergonomic}
   size_t MaxHeapSize                              = 4125097984                                {product} {ergonomic}
   size_t MaxNewSize                               = 2474639360                                {product} {ergonomic}
   size_t MinHeapDeltaBytes                        = 1048576                                   {product} {ergonomic}
    uintx NonNMethodCodeHeapSize                   = 5836300                                {pd product} {ergonomic}
    uintx NonProfiledCodeHeapSize                  = 122910970                              {pd product} {ergonomic}
    uintx ProfiledCodeHeapSize                     = 122910970                              {pd product} {ergonomic}
    uintx ReservedCodeCacheSize                    = 251658240                              {pd product} {ergonomic}
     bool SegmentedCodeCache                       = true                                      {product} {ergonomic}
     bool UseCompressedClassPointers               = true                                 {lp64_product} {ergonomic}
     bool UseCompressedOops                        = true                                 {lp64_product} {ergonomic}
     bool UseG1GC                                  = true                                      {product} {ergonomic}
     bool UseLargePagesIndividualAllocation        = false                                  {pd product} {ergonomic}

Logging:
Log output configuration:
 #0: stdout all=warning uptime,level,tags
 #1: stderr all=off uptime,level,tags

Environment Variables:
JAVA_HOME=C:\Program Files\Java\jdk-11.0.17
CLASSPATH=.;C:\Program Files (x86)\scala\bin;C:\Program Files\Java\jdk-11.0.17\lib;C:\Program Files\Java\jdk-11.0.17\lib\tools.jar
PATH=;C:\Program Files (x86)\scala\bin;C:\Program Files\PlasticSCM5\server;C:\Program Files\PlasticSCM5\client;C:\Program Files\Java\jdk-11.0.17\bin;C:\Program Files\Java\jdk-11.0.17\jre\bin;C:\Program Files\Common Files\Oracle\Java\javapath;C:\Program Files (x86)\Common Files\Oracle\Java\javapath;C:\windows\system32;C:\windows;C:\windows\System32\Wbem;C:\windows\System32\WindowsPowerShell\v1.0\;C:\windows\System32\OpenSSH\;C:\Program Files\NVIDIA Corporation\NVIDIA NvDLISR;C:\WINDOWS\system32;C:\WINDOWS;C:\WINDOWS\System32\Wbem;C:\WINDOWS\System32\WindowsPowerShell\v1.0\;C:\WINDOWS\System32\OpenSSH\;C:\Program Files\Git\cmd;C:\Program Files\Microsoft SQL Server\150\Tools\Binn\;C:\Program Files\Microsoft SQL Server\Client SDK\ODBC\170\Tools\Binn\;C:\Program Files\dotnet\;C:\Program Files\nodejs\;C:\Users\86138\Desktop\nodejs;C:\Program Files (x86)\Tencent\web\dll;C:\Program Files (x86)\NVIDIA Corporation\PhysX\Common;C:\Users\86138\Desktop\gradle-7.4.2\bin;C:\Program Files (x86)\scala\bin;C:\Program Files\NVIDIA Corporation\Nsight Compute 2022.3.0\;C:\ProgramData\Anaconda3;C:\ProgramData\Anaconda3\Scripts;C:\ProgramData\Anaconda3\Library\bin;C:\MinGW\bin;C:\ProgramData\Anaconda3\Library\mingw-w64\bin;C:\ProgramData\Anaconda3\Library\mingw-w64\x86_64-w64-mingw32\lib;C:\Users\86138\AppData\Roaming\Python\Scripts;C:\Program Files\maven\apache-maven-3.8.6\bin;C:\Program Files\MySQL\MySQL Shell 8.0\bin\;C:\Users\86138\AppData\Local\Programs\Python\Python310\Scripts\;C:\Users\86138\AppData\Local\Programs\Python\Python310\;C:\Users\86138\AppData\Local\Packages\PythonSoftwareFoundation.Python.3.9_qbz5n2kfra8p0\LocalCache\local-packages\Python39\Scripts;C:\Users\86138\.dotnet\tools;C:\Users\86138\AppData\Local\Programs\Microsoft VS Code\bin;C:\Users\86138\AppData\Roaming\npm;C:\Users\86138\AppData\Local\Programs\Fiddler
USERNAME=86138
OS=Windows_NT
PROCESSOR_IDENTIFIER=AMD64 Family 23 Model 96 Stepping 1, AuthenticAMD



---------------  S Y S T E M  ---------------

OS: Windows 10 , 64 bit Build 19041 (10.0.19041.2364)

CPU:total 12 (initial active 12) (12 cores per cpu, 2 threads per core) family 23 model 96 stepping 1 microcode 0x0, cmov, cx8, fxsr, mmx, sse, sse2, sse3, ssse3, sse4.1, sse4.2, popcnt, avx, avx2, aes, clmul, mmxext, 3dnowpref, lzcnt, sse4a, ht, tsc, tscinvbit, tscinv, bmi1, bmi2, adx, 

Memory: 4k page, system-wide physical 15733M (6334M free)
TotalPageFile size 25461M (AvailPageFile size 11957M)
current process WorkingSet (physical memory assigned to process): 113M, peak: 113M
current process commit charge ("private bytes"): 355M, peak: 355M

vm_info: Java HotSpot(TM) 64-Bit Server VM (11.0.17+10-LTS-269) for windows-amd64 JRE (11.0.17+10-LTS-269), built on Sep 13 2022 19:26:37 by "mach5one" with MS VC++ 15.9 (VS2017)

END.
